<?xml version="1.0" encoding="UTF-8"?>
<coverage generated="1646008188991" clover="3.2.0">
  <project timestamp="1646008188991" name="All files">
    <metrics statements="375" coveredstatements="288" conditionals="143" coveredconditionals="101" methods="138" coveredmethods="98" elements="656" coveredelements="487" complexity="0" loc="375" ncloc="375" packages="6" files="22" classes="22"/>
    <package name="client.src.components.RatingsReview">
      <metrics statements="191" coveredstatements="150" conditionals="90" coveredconditionals="66" methods="84" coveredmethods="62"/>
      <file name="AllReviews.jsx" path="/Users/mtanaka/HackReactor/front-end-capstone/client/src/components/RatingsReview/AllReviews.jsx">
        <metrics statements="48" coveredstatements="43" conditionals="14" coveredconditionals="13" methods="23" coveredmethods="20"/>
        <line num="12" count="56" type="stmt"/>
        <line num="13" count="54" type="stmt"/>
        <line num="14" count="54" type="stmt"/>
        <line num="15" count="54" type="stmt"/>
        <line num="16" count="54" type="stmt"/>
        <line num="18" count="54" type="stmt"/>
        <line num="21" count="28" type="stmt"/>
        <line num="26" count="28" type="stmt"/>
        <line num="27" count="0" type="stmt"/>
        <line num="30" count="54" type="stmt"/>
        <line num="31" count="4" type="cond" truecount="2" falsecount="0"/>
        <line num="32" count="2" type="stmt"/>
        <line num="37" count="2" type="stmt"/>
        <line num="38" count="2" type="stmt"/>
        <line num="39" count="2" type="stmt"/>
        <line num="43" count="54" type="stmt"/>
        <line num="44" count="28" type="cond" truecount="2" falsecount="0"/>
        <line num="45" count="4" type="stmt"/>
        <line num="47" count="36" type="stmt"/>
        <line num="48" count="4" type="stmt"/>
        <line num="49" count="20" type="stmt"/>
        <line num="50" count="20" type="cond" truecount="2" falsecount="0"/>
        <line num="51" count="10" type="stmt"/>
        <line num="53" count="10" type="stmt"/>
        <line num="54" count="10" type="cond" truecount="2" falsecount="0"/>
        <line num="55" count="2" type="stmt"/>
        <line num="58" count="8" type="stmt"/>
        <line num="62" count="24" type="stmt"/>
        <line num="66" count="54" type="stmt"/>
        <line num="67" count="24" type="stmt"/>
        <line num="68" count="216" type="stmt"/>
        <line num="70" count="24" type="stmt"/>
        <line num="72" count="0" type="stmt"/>
        <line num="75" count="54" type="stmt"/>
        <line num="76" count="24" type="stmt"/>
        <line num="78" count="24" type="stmt"/>
        <line num="79" count="24" type="stmt"/>
        <line num="84" count="2" type="cond" truecount="1" falsecount="1"/>
        <line num="85" count="0" type="stmt"/>
        <line num="86" count="0" type="stmt"/>
        <line num="87" count="0" type="stmt"/>
        <line num="89" count="2" type="stmt"/>
        <line num="90" count="18" type="stmt"/>
        <line num="91" count="2" type="stmt"/>
        <line num="95" count="54" type="stmt"/>
        <line num="102" count="2" type="stmt"/>
        <line num="111" count="64" type="stmt"/>
        <line num="115" count="2" type="stmt"/>
      </file>
      <file name="CharBreakdown.jsx" path="/Users/mtanaka/HackReactor/front-end-capstone/client/src/components/RatingsReview/CharBreakdown.jsx">
        <metrics statements="5" coveredstatements="5" conditionals="2" coveredconditionals="2" methods="2" coveredmethods="2"/>
        <line num="6" count="208" type="stmt"/>
        <line num="8" count="208" type="stmt"/>
        <line num="17" count="208" type="stmt"/>
        <line num="30" count="208" type="stmt"/>
        <line num="33" count="1040" type="stmt"/>
      </file>
      <file name="IndividualReview.jsx" path="/Users/mtanaka/HackReactor/front-end-capstone/client/src/components/RatingsReview/IndividualReview.jsx">
        <metrics statements="33" coveredstatements="21" conditionals="25" coveredconditionals="16" methods="13" coveredmethods="7"/>
        <line num="19" count="2" type="stmt"/>
        <line num="22" count="68" type="stmt"/>
        <line num="23" count="68" type="stmt"/>
        <line num="24" count="68" type="stmt"/>
        <line num="25" count="68" type="stmt"/>
        <line num="27" count="68" type="stmt"/>
        <line num="28" count="68" type="stmt"/>
        <line num="32" count="0" type="stmt"/>
        <line num="33" count="0" type="stmt"/>
        <line num="34" count="0" type="stmt"/>
        <line num="38" count="0" type="stmt"/>
        <line num="41" count="68" type="stmt"/>
        <line num="42" count="52" type="stmt"/>
        <line num="46" count="340" type="cond" truecount="2" falsecount="0"/>
        <line num="47" count="232" type="stmt"/>
        <line num="49" count="108" type="cond" truecount="3" falsecount="2"/>
        <line num="50" count="0" type="stmt"/>
        <line num="52" count="108" type="cond" truecount="3" falsecount="1"/>
        <line num="53" count="0" type="stmt"/>
        <line num="55" count="108" type="cond" truecount="1" falsecount="1"/>
        <line num="56" count="0" type="stmt"/>
        <line num="58" count="108" type="stmt"/>
        <line num="63" count="68" type="cond" truecount="1" falsecount="1"/>
        <line num="64" count="0" type="stmt"/>
        <line num="65" count="0" type="cond" truecount="0" falsecount="2"/>
        <line num="74" count="68" type="stmt"/>
        <line num="79" count="68" type="cond" truecount="1" falsecount="1"/>
        <line num="80" count="108" type="stmt"/>
        <line num="82" count="0" type="stmt"/>
        <line num="86" count="68" type="stmt"/>
        <line num="93" count="340" type="stmt"/>
        <line num="143" count="0" type="stmt"/>
        <line num="144" count="0" type="stmt"/>
      </file>
      <file name="ProgressBar.jsx" path="/Users/mtanaka/HackReactor/front-end-capstone/client/src/components/RatingsReview/ProgressBar.jsx">
        <metrics statements="8" coveredstatements="8" conditionals="4" coveredconditionals="3" methods="3" coveredmethods="3"/>
        <line num="7" count="260" type="stmt"/>
        <line num="9" count="260" type="stmt"/>
        <line num="11" count="260" type="stmt"/>
        <line num="19" count="260" type="stmt"/>
        <line num="28" count="4" type="stmt"/>
        <line num="31" count="260" type="stmt"/>
        <line num="38" count="4" type="stmt"/>
        <line num="39" count="4" type="stmt"/>
      </file>
      <file name="RatingBreakdown.jsx" path="/Users/mtanaka/HackReactor/front-end-capstone/client/src/components/RatingsReview/RatingBreakdown.jsx">
        <metrics statements="32" coveredstatements="28" conditionals="21" coveredconditionals="18" methods="14" coveredmethods="12"/>
        <line num="15" count="2" type="stmt"/>
        <line num="18" count="76" type="stmt"/>
        <line num="20" count="76" type="stmt"/>
        <line num="23" count="24" type="stmt"/>
        <line num="28" count="24" type="stmt"/>
        <line num="29" count="0" type="stmt"/>
        <line num="32" count="76" type="stmt"/>
        <line num="33" count="24" type="stmt"/>
        <line num="35" count="24" type="stmt"/>
        <line num="37" count="0" type="stmt"/>
        <line num="39" count="24" type="stmt"/>
        <line num="40" count="24" type="stmt"/>
        <line num="45" count="792" type="stmt"/>
        <line num="46" count="792" type="stmt"/>
        <line num="47" count="792" type="cond" truecount="2" falsecount="0"/>
        <line num="48" count="624" type="stmt"/>
        <line num="49" count="3120" type="stmt"/>
        <line num="50" count="3120" type="stmt"/>
        <line num="53" count="792" type="stmt"/>
        <line num="57" count="380" type="cond" truecount="2" falsecount="0"/>
        <line num="58" count="156" type="stmt"/>
        <line num="60" count="224" type="cond" truecount="5" falsecount="0"/>
        <line num="61" count="52" type="stmt"/>
        <line num="63" count="172" type="cond" truecount="3" falsecount="1"/>
        <line num="64" count="0" type="stmt"/>
        <line num="66" count="172" type="cond" truecount="1" falsecount="1"/>
        <line num="67" count="0" type="stmt"/>
        <line num="69" count="172" type="stmt"/>
        <line num="72" count="76" type="stmt"/>
        <line num="77" count="380" type="stmt"/>
        <line num="91" count="260" type="stmt"/>
        <line num="103" count="208" type="stmt"/>
      </file>
      <file name="ReviewImages.jsx" path="/Users/mtanaka/HackReactor/front-end-capstone/client/src/components/RatingsReview/ReviewImages.jsx">
        <metrics statements="3" coveredstatements="3" conditionals="2" coveredconditionals="2" methods="2" coveredmethods="2"/>
        <line num="4" count="110" type="stmt"/>
        <line num="7" count="2" type="stmt"/>
        <line num="10" count="110" type="stmt"/>
      </file>
      <file name="StarRating.jsx" path="/Users/mtanaka/HackReactor/front-end-capstone/client/src/components/RatingsReview/StarRating.jsx">
        <metrics statements="12" coveredstatements="9" conditionals="4" coveredconditionals="3" methods="6" coveredmethods="3"/>
        <line num="7" count="2" type="stmt"/>
        <line num="10" count="18" type="stmt"/>
        <line num="11" count="18" type="stmt"/>
        <line num="12" count="18" type="stmt"/>
        <line num="14" count="18" type="stmt"/>
        <line num="15" count="6" type="stmt"/>
        <line num="18" count="18" type="stmt"/>
        <line num="21" count="90" type="stmt"/>
        <line num="22" count="90" type="stmt"/>
        <line num="27" count="0" type="stmt"/>
        <line num="28" count="0" type="stmt"/>
        <line num="29" count="0" type="stmt"/>
      </file>
      <file name="WriteReview.jsx" path="/Users/mtanaka/HackReactor/front-end-capstone/client/src/components/RatingsReview/WriteReview.jsx">
        <metrics statements="50" coveredstatements="33" conditionals="18" coveredconditionals="9" methods="21" coveredmethods="13"/>
        <line num="7" count="118" type="stmt"/>
        <line num="8" count="116" type="stmt"/>
        <line num="9" count="116" type="stmt"/>
        <line num="10" count="116" type="stmt"/>
        <line num="11" count="116" type="stmt"/>
        <line num="12" count="116" type="stmt"/>
        <line num="13" count="116" type="stmt"/>
        <line num="15" count="116" type="stmt"/>
        <line num="17" count="116" type="stmt"/>
        <line num="18" count="116" type="stmt"/>
        <line num="21" count="6" type="stmt"/>
        <line num="24" count="116" type="stmt"/>
        <line num="25" count="24" type="stmt"/>
        <line num="30" count="24" type="stmt"/>
        <line num="31" count="24" type="stmt"/>
        <line num="36" count="0" type="stmt"/>
        <line num="37" count="0" type="stmt"/>
        <line num="38" count="0" type="stmt"/>
        <line num="42" count="18" type="cond" truecount="1" falsecount="1"/>
        <line num="43" count="18" type="stmt"/>
        <line num="45" count="72" type="stmt"/>
        <line num="50" count="0" type="stmt"/>
        <line num="85" count="2" type="cond" truecount="1" falsecount="1"/>
        <line num="86" count="2" type="stmt"/>
        <line num="87" count="2" type="stmt"/>
        <line num="88" count="2" type="stmt"/>
        <line num="92" count="116" type="stmt"/>
        <line num="93" count="8" type="stmt"/>
        <line num="94" count="8" type="stmt"/>
        <line num="95" count="8" type="stmt"/>
        <line num="99" count="2" type="stmt"/>
        <line num="100" count="2" type="cond" truecount="2" falsecount="6"/>
        <line num="102" count="0" type="stmt"/>
        <line num="103" count="0" type="stmt"/>
        <line num="104" count="0" type="stmt"/>
        <line num="105" count="0" type="stmt"/>
        <line num="106" count="0" type="stmt"/>
        <line num="107" count="0" type="stmt"/>
        <line num="109" count="0" type="stmt"/>
        <line num="110" count="0" type="stmt"/>
        <line num="112" count="0" type="stmt"/>
        <line num="116" count="116" type="stmt"/>
        <line num="131" count="2" type="stmt"/>
        <line num="137" count="0" type="stmt"/>
        <line num="157" count="2" type="stmt"/>
        <line num="169" count="0" type="stmt"/>
        <line num="174" count="2" type="stmt"/>
        <line num="187" count="2" type="stmt"/>
        <line num="201" count="0" type="stmt"/>
        <line num="211" count="0" type="stmt"/>
      </file>
    </package>
    <package name="client.src.components.RatingsReview.ratingexampledata">
      <metrics statements="0" coveredstatements="0" conditionals="0" coveredconditionals="0" methods="0" coveredmethods="0"/>
      <file name="stars.js" path="/Users/mtanaka/HackReactor/front-end-capstone/client/src/components/RatingsReview/ratingexampledata/stars.js">
        <metrics statements="0" coveredstatements="0" conditionals="0" coveredconditionals="0" methods="0" coveredmethods="0"/>
      </file>
    </package>
    <package name="client.src.components.RelatedItemsAndOutfit">
      <metrics statements="164" coveredstatements="119" conditionals="53" coveredconditionals="35" methods="48" coveredmethods="31"/>
      <file name="CardCarousel.jsx" path="/Users/mtanaka/HackReactor/front-end-capstone/client/src/components/RelatedItemsAndOutfit/CardCarousel.jsx">
        <metrics statements="8" coveredstatements="7" conditionals="2" coveredconditionals="2" methods="3" coveredmethods="2"/>
        <line num="11" count="2" type="stmt"/>
        <line num="38" count="184" type="stmt"/>
        <line num="40" count="182" type="cond" truecount="2" falsecount="0"/>
        <line num="41" count="48" type="stmt"/>
        <line num="42" count="48" type="stmt"/>
        <line num="67" count="0" type="stmt"/>
        <line num="78" count="134" type="stmt"/>
        <line num="98" count="528" type="stmt"/>
      </file>
      <file name="Comparison.jsx" path="/Users/mtanaka/HackReactor/front-end-capstone/client/src/components/RelatedItemsAndOutfit/Comparison.jsx">
        <metrics statements="16" coveredstatements="0" conditionals="2" coveredconditionals="0" methods="4" coveredmethods="0"/>
        <line num="5" count="0" type="stmt"/>
        <line num="7" count="0" type="stmt"/>
        <line num="8" count="0" type="stmt"/>
        <line num="15" count="0" type="stmt"/>
        <line num="16" count="0" type="stmt"/>
        <line num="17" count="0" type="stmt"/>
        <line num="20" count="0" type="stmt"/>
        <line num="21" count="0" type="stmt"/>
        <line num="22" count="0" type="stmt"/>
        <line num="24" count="0" type="cond" truecount="0" falsecount="2"/>
        <line num="25" count="0" type="stmt"/>
        <line num="27" count="0" type="stmt"/>
        <line num="31" count="0" type="stmt"/>
        <line num="34" count="0" type="stmt"/>
        <line num="36" count="0" type="stmt"/>
        <line num="46" count="0" type="stmt"/>
      </file>
      <file name="OutfitList.jsx" path="/Users/mtanaka/HackReactor/front-end-capstone/client/src/components/RelatedItemsAndOutfit/OutfitList.jsx">
        <metrics statements="23" coveredstatements="8" conditionals="6" coveredconditionals="1" methods="4" coveredmethods="2"/>
        <line num="8" count="48" type="stmt"/>
        <line num="9" count="48" type="stmt"/>
        <line num="15" count="48" type="stmt"/>
        <line num="16" count="0" type="cond" truecount="0" falsecount="2"/>
        <line num="17" count="0" type="stmt"/>
        <line num="19" count="0" type="cond" truecount="0" falsecount="2"/>
        <line num="20" count="0" type="stmt"/>
        <line num="21" count="0" type="stmt"/>
        <line num="22" count="0" type="stmt"/>
        <line num="23" count="0" type="stmt"/>
        <line num="24" count="0" type="stmt"/>
        <line num="42" count="48" type="stmt"/>
        <line num="43" count="0" type="stmt"/>
        <line num="44" count="0" type="stmt"/>
        <line num="46" count="0" type="stmt"/>
        <line num="47" count="0" type="stmt"/>
        <line num="48" count="0" type="stmt"/>
        <line num="71" count="48" type="stmt"/>
        <line num="72" count="24" type="cond" truecount="1" falsecount="1"/>
        <line num="73" count="24" type="stmt"/>
        <line num="75" count="0" type="stmt"/>
        <line num="76" count="0" type="stmt"/>
        <line num="80" count="48" type="stmt"/>
      </file>
      <file name="ProductCard.jsx" path="/Users/mtanaka/HackReactor/front-end-capstone/client/src/components/RelatedItemsAndOutfit/ProductCard.jsx">
        <metrics statements="61" coveredstatements="54" conditionals="31" coveredconditionals="24" methods="18" coveredmethods="13"/>
        <line num="19" count="2" type="stmt"/>
        <line num="24" count="131" type="stmt"/>
        <line num="25" count="129" type="stmt"/>
        <line num="26" count="129" type="stmt"/>
        <line num="27" count="129" type="stmt"/>
        <line num="28" count="129" type="stmt"/>
        <line num="29" count="129" type="stmt"/>
        <line num="31" count="129" type="stmt"/>
        <line num="32" count="129" type="stmt"/>
        <line num="35" count="645" type="cond" truecount="2" falsecount="0"/>
        <line num="36" count="60" type="stmt"/>
        <line num="38" count="585" type="cond" truecount="5" falsecount="0"/>
        <line num="39" count="20" type="stmt"/>
        <line num="41" count="565" type="cond" truecount="3" falsecount="1"/>
        <line num="42" count="0" type="stmt"/>
        <line num="44" count="565" type="cond" truecount="1" falsecount="1"/>
        <line num="45" count="0" type="stmt"/>
        <line num="47" count="565" type="stmt"/>
        <line num="50" count="129" type="stmt"/>
        <line num="51" count="0" type="stmt"/>
        <line num="54" count="129" type="stmt"/>
        <line num="55" count="24" type="stmt"/>
        <line num="56" count="24" type="stmt"/>
        <line num="58" count="24" type="stmt"/>
        <line num="59" count="120" type="stmt"/>
        <line num="60" count="120" type="stmt"/>
        <line num="61" count="120" type="stmt"/>
        <line num="64" count="24" type="stmt"/>
        <line num="66" count="24" type="stmt"/>
        <line num="69" count="129" type="stmt"/>
        <line num="70" count="24" type="stmt"/>
        <line num="74" count="24" type="stmt"/>
        <line num="75" count="24" type="stmt"/>
        <line num="83" count="0" type="stmt"/>
        <line num="86" count="129" type="stmt"/>
        <line num="87" count="24" type="stmt"/>
        <line num="89" count="24" type="stmt"/>
        <line num="90" count="24" type="stmt"/>
        <line num="91" count="24" type="stmt"/>
        <line num="92" count="144" type="stmt"/>
        <line num="93" count="144" type="stmt"/>
        <line num="94" count="144" type="stmt"/>
        <line num="95" count="144" type="cond" truecount="2" falsecount="0"/>
        <line num="96" count="24" type="cond" truecount="1" falsecount="1"/>
        <line num="97" count="24" type="stmt"/>
        <line num="99" count="24" type="cond" truecount="1" falsecount="1"/>
        <line num="100" count="24" type="stmt"/>
        <line num="104" count="24" type="cond" truecount="1" falsecount="1"/>
        <line num="105" count="24" type="stmt"/>
        <line num="108" count="0" type="stmt"/>
        <line num="111" count="129" type="stmt"/>
        <line num="112" count="24" type="stmt"/>
        <line num="118" count="24" type="stmt"/>
        <line num="120" count="0" type="stmt"/>
        <line num="123" count="129" type="stmt"/>
        <line num="124" count="24" type="stmt"/>
        <line num="127" count="0" type="stmt"/>
        <line num="130" count="129" type="stmt"/>
        <line num="131" count="24" type="stmt"/>
        <line num="136" count="129" type="stmt"/>
        <line num="219" count="645" type="stmt"/>
      </file>
      <file name="RelatedItems.jsx" path="/Users/mtanaka/HackReactor/front-end-capstone/client/src/components/RelatedItemsAndOutfit/RelatedItems.jsx">
        <metrics statements="56" coveredstatements="50" conditionals="12" coveredconditionals="8" methods="19" coveredmethods="14"/>
        <line num="14" count="158" type="stmt"/>
        <line num="15" count="156" type="stmt"/>
        <line num="17" count="156" type="stmt"/>
        <line num="18" count="156" type="stmt"/>
        <line num="19" count="156" type="stmt"/>
        <line num="20" count="156" type="stmt"/>
        <line num="22" count="156" type="stmt"/>
        <line num="23" count="156" type="stmt"/>
        <line num="25" count="156" type="stmt"/>
        <line num="26" count="24" type="stmt"/>
        <line num="29" count="24" type="stmt"/>
        <line num="30" count="144" type="cond" truecount="3" falsecount="1"/>
        <line num="31" count="0" type="stmt"/>
        <line num="33" count="144" type="stmt"/>
        <line num="35" count="24" type="stmt"/>
        <line num="37" count="0" type="stmt"/>
        <line num="40" count="156" type="stmt"/>
        <line num="41" count="24" type="stmt"/>
        <line num="42" count="24" type="stmt"/>
        <line num="44" count="24" type="stmt"/>
        <line num="45" count="120" type="stmt"/>
        <line num="46" count="120" type="stmt"/>
        <line num="47" count="120" type="stmt"/>
        <line num="50" count="24" type="stmt"/>
        <line num="52" count="24" type="stmt"/>
        <line num="55" count="156" type="stmt"/>
        <line num="56" count="24" type="stmt"/>
        <line num="60" count="24" type="stmt"/>
        <line num="61" count="24" type="stmt"/>
        <line num="69" count="0" type="stmt"/>
        <line num="72" count="156" type="stmt"/>
        <line num="73" count="24" type="stmt"/>
        <line num="75" count="24" type="stmt"/>
        <line num="76" count="24" type="stmt"/>
        <line num="77" count="24" type="stmt"/>
        <line num="78" count="144" type="stmt"/>
        <line num="79" count="144" type="stmt"/>
        <line num="80" count="144" type="stmt"/>
        <line num="81" count="144" type="cond" truecount="2" falsecount="0"/>
        <line num="82" count="24" type="cond" truecount="1" falsecount="1"/>
        <line num="83" count="24" type="stmt"/>
        <line num="85" count="24" type="cond" truecount="1" falsecount="1"/>
        <line num="86" count="24" type="stmt"/>
        <line num="90" count="24" type="cond" truecount="1" falsecount="1"/>
        <line num="91" count="24" type="stmt"/>
        <line num="94" count="0" type="stmt"/>
        <line num="97" count="156" type="stmt"/>
        <line num="98" count="24" type="stmt"/>
        <line num="104" count="24" type="stmt"/>
        <line num="106" count="0" type="stmt"/>
        <line num="109" count="156" type="stmt"/>
        <line num="110" count="24" type="stmt"/>
        <line num="114" count="0" type="stmt"/>
        <line num="117" count="156" type="stmt"/>
        <line num="118" count="24" type="stmt"/>
        <line num="121" count="156" type="stmt"/>
      </file>
    </package>
    <package name="config">
      <metrics statements="1" coveredstatements="1" conditionals="0" coveredconditionals="0" methods="0" coveredmethods="0"/>
      <file name="config.js" path="/Users/mtanaka/HackReactor/front-end-capstone/config/config.js">
        <metrics statements="1" coveredstatements="1" conditionals="0" coveredconditionals="0" methods="0" coveredmethods="0"/>
        <line num="2" count="2" type="stmt"/>
      </file>
    </package>
    <package name="spec">
      <metrics statements="8" coveredstatements="7" conditionals="0" coveredconditionals="0" methods="6" coveredmethods="5"/>
      <file name="testServer.js" path="/Users/mtanaka/HackReactor/front-end-capstone/spec/testServer.js">
        <metrics statements="8" coveredstatements="7" conditionals="0" coveredconditionals="0" methods="6" coveredmethods="5"/>
        <line num="11" count="2" type="stmt"/>
        <line num="13" count="2" type="stmt"/>
        <line num="14" count="28" type="stmt"/>
        <line num="18" count="96" type="stmt"/>
        <line num="22" count="0" type="stmt"/>
        <line num="25" count="72" type="stmt"/>
        <line num="29" count="24" type="stmt"/>
        <line num="33" count="48" type="stmt"/>
      </file>
    </package>
    <package name="spec.data">
      <metrics statements="11" coveredstatements="11" conditionals="0" coveredconditionals="0" methods="0" coveredmethods="0"/>
      <file name="allData.js" path="/Users/mtanaka/HackReactor/front-end-capstone/spec/data/allData.js">
        <metrics statements="6" coveredstatements="6" conditionals="0" coveredconditionals="0" methods="0" coveredmethods="0"/>
        <line num="1" count="2" type="stmt"/>
        <line num="2" count="2" type="stmt"/>
        <line num="3" count="2" type="stmt"/>
        <line num="4" count="2" type="stmt"/>
        <line num="5" count="2" type="stmt"/>
        <line num="7" count="2" type="stmt"/>
      </file>
      <file name="meta.js" path="/Users/mtanaka/HackReactor/front-end-capstone/spec/data/meta.js">
        <metrics statements="1" coveredstatements="1" conditionals="0" coveredconditionals="0" methods="0" coveredmethods="0"/>
        <line num="1" count="2" type="stmt"/>
      </file>
      <file name="product.js" path="/Users/mtanaka/HackReactor/front-end-capstone/spec/data/product.js">
        <metrics statements="1" coveredstatements="1" conditionals="0" coveredconditionals="0" methods="0" coveredmethods="0"/>
        <line num="1" count="2" type="stmt"/>
      </file>
      <file name="related.js" path="/Users/mtanaka/HackReactor/front-end-capstone/spec/data/related.js">
        <metrics statements="1" coveredstatements="1" conditionals="0" coveredconditionals="0" methods="0" coveredmethods="0"/>
        <line num="1" count="2" type="stmt"/>
      </file>
      <file name="review.js" path="/Users/mtanaka/HackReactor/front-end-capstone/spec/data/review.js">
        <metrics statements="1" coveredstatements="1" conditionals="0" coveredconditionals="0" methods="0" coveredmethods="0"/>
        <line num="1" count="2" type="stmt"/>
      </file>
      <file name="styles.js" path="/Users/mtanaka/HackReactor/front-end-capstone/spec/data/styles.js">
        <metrics statements="1" coveredstatements="1" conditionals="0" coveredconditionals="0" methods="0" coveredmethods="0"/>
        <line num="1" count="2" type="stmt"/>
      </file>
    </package>
  </project>
</coverage>
