<?xml version="1.0" encoding="UTF-8"?>
<coverage generated="1645998311731" clover="3.2.0">
  <project timestamp="1645998311732" name="All files">
    <metrics statements="182" coveredstatements="88" conditionals="51" coveredconditionals="12" methods="54" coveredmethods="23" elements="287" coveredelements="123" complexity="0" loc="182" ncloc="182" packages="5" files="14" classes="14"/>
    <package name="client.src.components.RatingsReview.ratingexampledata">
      <metrics statements="0" coveredstatements="0" conditionals="0" coveredconditionals="0" methods="0" coveredmethods="0"/>
      <file name="stars.js" path="/Users/mtanaka/HackReactor/front-end-capstone/client/src/components/RatingsReview/ratingexampledata/stars.js">
        <metrics statements="0" coveredstatements="0" conditionals="0" coveredconditionals="0" methods="0" coveredmethods="0"/>
      </file>
    </package>
    <package name="client.src.components.RelatedItemsAndOutfit">
      <metrics statements="162" coveredstatements="70" conditionals="51" coveredconditionals="12" methods="48" coveredmethods="19"/>
      <file name="CardCarousel.jsx" path="/Users/mtanaka/HackReactor/front-end-capstone/client/src/components/RelatedItemsAndOutfit/CardCarousel.jsx">
        <metrics statements="8" coveredstatements="7" conditionals="2" coveredconditionals="2" methods="3" coveredmethods="2"/>
        <line num="11" count="1" type="stmt"/>
        <line num="38" count="19" type="stmt"/>
        <line num="40" count="19" type="cond" truecount="2" falsecount="0"/>
        <line num="41" count="6" type="stmt"/>
        <line num="42" count="6" type="stmt"/>
        <line num="57" count="0" type="stmt"/>
        <line num="68" count="13" type="stmt"/>
        <line num="79" count="48" type="stmt"/>
      </file>
      <file name="Comparison.jsx" path="/Users/mtanaka/HackReactor/front-end-capstone/client/src/components/RelatedItemsAndOutfit/Comparison.jsx">
        <metrics statements="16" coveredstatements="0" conditionals="2" coveredconditionals="0" methods="4" coveredmethods="0"/>
        <line num="5" count="0" type="stmt"/>
        <line num="7" count="0" type="stmt"/>
        <line num="8" count="0" type="stmt"/>
        <line num="15" count="0" type="stmt"/>
        <line num="16" count="0" type="stmt"/>
        <line num="17" count="0" type="stmt"/>
        <line num="20" count="0" type="stmt"/>
        <line num="21" count="0" type="stmt"/>
        <line num="22" count="0" type="stmt"/>
        <line num="24" count="0" type="cond" truecount="0" falsecount="2"/>
        <line num="25" count="0" type="stmt"/>
        <line num="27" count="0" type="stmt"/>
        <line num="31" count="0" type="stmt"/>
        <line num="34" count="0" type="stmt"/>
        <line num="36" count="0" type="stmt"/>
        <line num="46" count="0" type="stmt"/>
      </file>
      <file name="OutfitList.jsx" path="/Users/mtanaka/HackReactor/front-end-capstone/client/src/components/RelatedItemsAndOutfit/OutfitList.jsx">
        <metrics statements="21" coveredstatements="12" conditionals="4" coveredconditionals="2" methods="4" coveredmethods="3"/>
        <line num="8" count="6" type="stmt"/>
        <line num="9" count="6" type="stmt"/>
        <line num="15" count="6" type="stmt"/>
        <line num="19" count="1" type="cond" truecount="1" falsecount="1"/>
        <line num="20" count="1" type="stmt"/>
        <line num="21" count="1" type="stmt"/>
        <line num="22" count="1" type="stmt"/>
        <line num="23" count="0" type="stmt"/>
        <line num="24" count="0" type="stmt"/>
        <line num="42" count="6" type="stmt"/>
        <line num="43" count="0" type="stmt"/>
        <line num="44" count="0" type="stmt"/>
        <line num="46" count="0" type="stmt"/>
        <line num="47" count="0" type="stmt"/>
        <line num="48" count="0" type="stmt"/>
        <line num="71" count="6" type="stmt"/>
        <line num="72" count="3" type="cond" truecount="1" falsecount="1"/>
        <line num="73" count="3" type="stmt"/>
        <line num="75" count="0" type="stmt"/>
        <line num="76" count="0" type="stmt"/>
        <line num="80" count="6" type="stmt"/>
      </file>
      <file name="ProductCard.jsx" path="/Users/mtanaka/HackReactor/front-end-capstone/client/src/components/RelatedItemsAndOutfit/ProductCard.jsx">
        <metrics statements="61" coveredstatements="1" conditionals="31" coveredconditionals="0" methods="18" coveredmethods="0"/>
        <line num="19" count="1" type="stmt"/>
        <line num="24" count="0" type="stmt"/>
        <line num="25" count="0" type="stmt"/>
        <line num="26" count="0" type="stmt"/>
        <line num="27" count="0" type="stmt"/>
        <line num="28" count="0" type="stmt"/>
        <line num="29" count="0" type="stmt"/>
        <line num="31" count="0" type="stmt"/>
        <line num="32" count="0" type="stmt"/>
        <line num="35" count="0" type="cond" truecount="0" falsecount="2"/>
        <line num="36" count="0" type="stmt"/>
        <line num="38" count="0" type="cond" truecount="0" falsecount="5"/>
        <line num="39" count="0" type="stmt"/>
        <line num="41" count="0" type="cond" truecount="0" falsecount="4"/>
        <line num="42" count="0" type="stmt"/>
        <line num="44" count="0" type="cond" truecount="0" falsecount="2"/>
        <line num="45" count="0" type="stmt"/>
        <line num="47" count="0" type="stmt"/>
        <line num="50" count="0" type="stmt"/>
        <line num="51" count="0" type="stmt"/>
        <line num="54" count="0" type="stmt"/>
        <line num="55" count="0" type="stmt"/>
        <line num="56" count="0" type="stmt"/>
        <line num="58" count="0" type="stmt"/>
        <line num="59" count="0" type="stmt"/>
        <line num="60" count="0" type="stmt"/>
        <line num="61" count="0" type="stmt"/>
        <line num="64" count="0" type="stmt"/>
        <line num="66" count="0" type="stmt"/>
        <line num="69" count="0" type="stmt"/>
        <line num="70" count="0" type="stmt"/>
        <line num="74" count="0" type="stmt"/>
        <line num="75" count="0" type="stmt"/>
        <line num="83" count="0" type="stmt"/>
        <line num="86" count="0" type="stmt"/>
        <line num="87" count="0" type="stmt"/>
        <line num="89" count="0" type="stmt"/>
        <line num="90" count="0" type="stmt"/>
        <line num="91" count="0" type="stmt"/>
        <line num="92" count="0" type="stmt"/>
        <line num="93" count="0" type="stmt"/>
        <line num="94" count="0" type="stmt"/>
        <line num="95" count="0" type="cond" truecount="0" falsecount="2"/>
        <line num="96" count="0" type="cond" truecount="0" falsecount="2"/>
        <line num="97" count="0" type="stmt"/>
        <line num="99" count="0" type="cond" truecount="0" falsecount="2"/>
        <line num="100" count="0" type="stmt"/>
        <line num="104" count="0" type="cond" truecount="0" falsecount="2"/>
        <line num="105" count="0" type="stmt"/>
        <line num="108" count="0" type="stmt"/>
        <line num="111" count="0" type="stmt"/>
        <line num="112" count="0" type="stmt"/>
        <line num="118" count="0" type="stmt"/>
        <line num="120" count="0" type="stmt"/>
        <line num="123" count="0" type="stmt"/>
        <line num="124" count="0" type="stmt"/>
        <line num="127" count="0" type="stmt"/>
        <line num="130" count="0" type="stmt"/>
        <line num="131" count="0" type="stmt"/>
        <line num="136" count="0" type="stmt"/>
        <line num="218" count="0" type="stmt"/>
      </file>
      <file name="RelatedItems.jsx" path="/Users/mtanaka/HackReactor/front-end-capstone/client/src/components/RelatedItemsAndOutfit/RelatedItems.jsx">
        <metrics statements="56" coveredstatements="50" conditionals="12" coveredconditionals="8" methods="19" coveredmethods="14"/>
        <line num="14" count="16" type="stmt"/>
        <line num="15" count="15" type="stmt"/>
        <line num="17" count="15" type="stmt"/>
        <line num="18" count="15" type="stmt"/>
        <line num="19" count="15" type="stmt"/>
        <line num="20" count="15" type="stmt"/>
        <line num="22" count="15" type="stmt"/>
        <line num="23" count="15" type="stmt"/>
        <line num="25" count="15" type="stmt"/>
        <line num="26" count="3" type="stmt"/>
        <line num="29" count="3" type="stmt"/>
        <line num="30" count="18" type="cond" truecount="3" falsecount="1"/>
        <line num="31" count="0" type="stmt"/>
        <line num="33" count="18" type="stmt"/>
        <line num="35" count="3" type="stmt"/>
        <line num="37" count="0" type="stmt"/>
        <line num="40" count="15" type="stmt"/>
        <line num="41" count="3" type="stmt"/>
        <line num="42" count="3" type="stmt"/>
        <line num="44" count="3" type="stmt"/>
        <line num="45" count="15" type="stmt"/>
        <line num="46" count="15" type="stmt"/>
        <line num="47" count="15" type="stmt"/>
        <line num="50" count="3" type="stmt"/>
        <line num="52" count="3" type="stmt"/>
        <line num="55" count="15" type="stmt"/>
        <line num="56" count="3" type="stmt"/>
        <line num="60" count="3" type="stmt"/>
        <line num="61" count="3" type="stmt"/>
        <line num="69" count="0" type="stmt"/>
        <line num="72" count="15" type="stmt"/>
        <line num="73" count="3" type="stmt"/>
        <line num="75" count="3" type="stmt"/>
        <line num="76" count="3" type="stmt"/>
        <line num="77" count="3" type="stmt"/>
        <line num="78" count="18" type="stmt"/>
        <line num="79" count="18" type="stmt"/>
        <line num="80" count="18" type="stmt"/>
        <line num="81" count="18" type="cond" truecount="2" falsecount="0"/>
        <line num="82" count="3" type="cond" truecount="1" falsecount="1"/>
        <line num="83" count="3" type="stmt"/>
        <line num="85" count="3" type="cond" truecount="1" falsecount="1"/>
        <line num="86" count="3" type="stmt"/>
        <line num="90" count="3" type="cond" truecount="1" falsecount="1"/>
        <line num="91" count="3" type="stmt"/>
        <line num="94" count="0" type="stmt"/>
        <line num="97" count="15" type="stmt"/>
        <line num="98" count="3" type="stmt"/>
        <line num="104" count="3" type="stmt"/>
        <line num="106" count="0" type="stmt"/>
        <line num="109" count="15" type="stmt"/>
        <line num="110" count="3" type="stmt"/>
        <line num="114" count="0" type="stmt"/>
        <line num="117" count="15" type="stmt"/>
        <line num="118" count="3" type="stmt"/>
        <line num="121" count="15" type="stmt"/>
      </file>
    </package>
    <package name="config">
      <metrics statements="1" coveredstatements="1" conditionals="0" coveredconditionals="0" methods="0" coveredmethods="0"/>
      <file name="config.js" path="/Users/mtanaka/HackReactor/front-end-capstone/config/config.js">
        <metrics statements="1" coveredstatements="1" conditionals="0" coveredconditionals="0" methods="0" coveredmethods="0"/>
        <line num="2" count="1" type="stmt"/>
      </file>
    </package>
    <package name="spec">
      <metrics statements="8" coveredstatements="6" conditionals="0" coveredconditionals="0" methods="6" coveredmethods="4"/>
      <file name="testServer.js" path="/Users/mtanaka/HackReactor/front-end-capstone/spec/testServer.js">
        <metrics statements="8" coveredstatements="6" conditionals="0" coveredconditionals="0" methods="6" coveredmethods="4"/>
        <line num="11" count="1" type="stmt"/>
        <line num="13" count="1" type="stmt"/>
        <line num="14" count="0" type="stmt"/>
        <line num="18" count="3" type="stmt"/>
        <line num="22" count="0" type="stmt"/>
        <line num="25" count="3" type="stmt"/>
        <line num="29" count="3" type="stmt"/>
        <line num="33" count="3" type="stmt"/>
      </file>
    </package>
    <package name="spec.data">
      <metrics statements="11" coveredstatements="11" conditionals="0" coveredconditionals="0" methods="0" coveredmethods="0"/>
      <file name="allData.js" path="/Users/mtanaka/HackReactor/front-end-capstone/spec/data/allData.js">
        <metrics statements="6" coveredstatements="6" conditionals="0" coveredconditionals="0" methods="0" coveredmethods="0"/>
        <line num="1" count="1" type="stmt"/>
        <line num="2" count="1" type="stmt"/>
        <line num="3" count="1" type="stmt"/>
        <line num="4" count="1" type="stmt"/>
        <line num="5" count="1" type="stmt"/>
        <line num="7" count="1" type="stmt"/>
      </file>
      <file name="meta.js" path="/Users/mtanaka/HackReactor/front-end-capstone/spec/data/meta.js">
        <metrics statements="1" coveredstatements="1" conditionals="0" coveredconditionals="0" methods="0" coveredmethods="0"/>
        <line num="1" count="1" type="stmt"/>
      </file>
      <file name="product.js" path="/Users/mtanaka/HackReactor/front-end-capstone/spec/data/product.js">
        <metrics statements="1" coveredstatements="1" conditionals="0" coveredconditionals="0" methods="0" coveredmethods="0"/>
        <line num="1" count="1" type="stmt"/>
      </file>
      <file name="related.js" path="/Users/mtanaka/HackReactor/front-end-capstone/spec/data/related.js">
        <metrics statements="1" coveredstatements="1" conditionals="0" coveredconditionals="0" methods="0" coveredmethods="0"/>
        <line num="1" count="1" type="stmt"/>
      </file>
      <file name="review.js" path="/Users/mtanaka/HackReactor/front-end-capstone/spec/data/review.js">
        <metrics statements="1" coveredstatements="1" conditionals="0" coveredconditionals="0" methods="0" coveredmethods="0"/>
        <line num="1" count="1" type="stmt"/>
      </file>
      <file name="styles.js" path="/Users/mtanaka/HackReactor/front-end-capstone/spec/data/styles.js">
        <metrics statements="1" coveredstatements="1" conditionals="0" coveredconditionals="0" methods="0" coveredmethods="0"/>
        <line num="1" count="1" type="stmt"/>
      </file>
    </package>
  </project>
</coverage>
