{"/Users/mtanaka/HackReactor/front-end-capstone/client/src/components/RatingsReview/ratingexampledata/stars.js": {"path":"/Users/mtanaka/HackReactor/front-end-capstone/client/src/components/RatingsReview/ratingexampledata/stars.js","statementMap":{},"fnMap":{},"branchMap":{},"s":{},"f":{},"b":{},"_coverageSchema":"1a1c01bbd47fc00a2c39e90264f33305004495a9","hash":"5eee4f03a97134c5dfcdf5ad4b295c8e3662ebd4"}
,"/Users/mtanaka/HackReactor/front-end-capstone/client/src/components/RelatedItemsAndOutfit/CardCarousel.jsx": {"path":"/Users/mtanaka/HackReactor/front-end-capstone/client/src/components/RelatedItemsAndOutfit/CardCarousel.jsx","statementMap":{"0":{"start":{"line":11,"column":19},"end":{"line":33,"column":1}},"1":{"start":{"line":38,"column":6},"end":{"line":38,"column":11}},"2":{"start":{"line":40,"column":2},"end":{"line":67,"column":3}},"3":{"start":{"line":41,"column":22},"end":{"line":41,"column":54}},"4":{"start":{"line":42,"column":4},"end":{"line":66,"column":6}},"5":{"start":{"line":57,"column":10},"end":{"line":63,"column":12}},"6":{"start":{"line":68,"column":2},"end":{"line":89,"column":4}},"7":{"start":{"line":79,"column":8},"end":{"line":85,"column":10}}},"fnMap":{"0":{"name":"CardCarousel","decl":{"start":{"line":35,"column":9},"end":{"line":35,"column":21}},"loc":{"start":{"line":35,"column":29},"end":{"line":90,"column":1}},"line":35},"1":{"name":"(anonymous_1)","decl":{"start":{"line":56,"column":25},"end":{"line":56,"column":26}},"loc":{"start":{"line":57,"column":10},"end":{"line":63,"column":12}},"line":57},"2":{"name":"(anonymous_2)","decl":{"start":{"line":78,"column":23},"end":{"line":78,"column":24}},"loc":{"start":{"line":79,"column":8},"end":{"line":85,"column":10}},"line":79}},"branchMap":{"0":{"loc":{"start":{"line":40,"column":2},"end":{"line":67,"column":3}},"type":"if","locations":[{"start":{"line":40,"column":2},"end":{"line":67,"column":3}},{"start":{},"end":{}}],"line":40}},"s":{"0":1,"1":15,"2":15,"3":6,"4":6,"5":0,"6":9,"7":24},"f":{"0":15,"1":0,"2":24},"b":{"0":[6,9]},"_coverageSchema":"1a1c01bbd47fc00a2c39e90264f33305004495a9","hash":"528321d95fe6e4ef9810323875743f588aabae01"}
,"/Users/mtanaka/HackReactor/front-end-capstone/client/src/components/RelatedItemsAndOutfit/Comparison.jsx": {"path":"/Users/mtanaka/HackReactor/front-end-capstone/client/src/components/RelatedItemsAndOutfit/Comparison.jsx","statementMap":{"0":{"start":{"line":5,"column":69},"end":{"line":5,"column":74}},"1":{"start":{"line":7,"column":24},"end":{"line":32,"column":3}},"2":{"start":{"line":8,"column":23},"end":{"line":13,"column":5}},"3":{"start":{"line":15,"column":4},"end":{"line":18,"column":5}},"4":{"start":{"line":15,"column":17},"end":{"line":15,"column":18}},"5":{"start":{"line":16,"column":33},"end":{"line":16,"column":62}},"6":{"start":{"line":17,"column":6},"end":{"line":17,"column":52}},"7":{"start":{"line":20,"column":4},"end":{"line":29,"column":5}},"8":{"start":{"line":20,"column":17},"end":{"line":20,"column":18}},"9":{"start":{"line":21,"column":33},"end":{"line":21,"column":61}},"10":{"start":{"line":22,"column":20},"end":{"line":22,"column":77}},"11":{"start":{"line":22,"column":50},"end":{"line":22,"column":76}},"12":{"start":{"line":24,"column":6},"end":{"line":28,"column":7}},"13":{"start":{"line":25,"column":8},"end":{"line":25,"column":54}},"14":{"start":{"line":27,"column":8},"end":{"line":27,"column":55}},"15":{"start":{"line":31,"column":4},"end":{"line":31,"column":22}},"16":{"start":{"line":34,"column":25},"end":{"line":34,"column":76}},"17":{"start":{"line":36,"column":2},"end":{"line":57,"column":4}},"18":{"start":{"line":46,"column":10},"end":{"line":50,"column":15}}},"fnMap":{"0":{"name":"Comparison","decl":{"start":{"line":4,"column":9},"end":{"line":4,"column":19}},"loc":{"start":{"line":4,"column":27},"end":{"line":58,"column":1}},"line":4},"1":{"name":"(anonymous_1)","decl":{"start":{"line":7,"column":24},"end":{"line":7,"column":25}},"loc":{"start":{"line":7,"column":47},"end":{"line":32,"column":3}},"line":7},"2":{"name":"(anonymous_2)","decl":{"start":{"line":22,"column":41},"end":{"line":22,"column":42}},"loc":{"start":{"line":22,"column":50},"end":{"line":22,"column":76}},"line":22},"3":{"name":"(anonymous_3)","decl":{"start":{"line":45,"column":28},"end":{"line":45,"column":29}},"loc":{"start":{"line":46,"column":10},"end":{"line":50,"column":15}},"line":46}},"branchMap":{"0":{"loc":{"start":{"line":24,"column":6},"end":{"line":28,"column":7}},"type":"if","locations":[{"start":{"line":24,"column":6},"end":{"line":28,"column":7}},{"start":{"line":26,"column":13},"end":{"line":28,"column":7}}],"line":24}},"s":{"0":0,"1":0,"2":0,"3":0,"4":0,"5":0,"6":0,"7":0,"8":0,"9":0,"10":0,"11":0,"12":0,"13":0,"14":0,"15":0,"16":0,"17":0,"18":0},"f":{"0":0,"1":0,"2":0,"3":0},"b":{"0":[0,0]},"_coverageSchema":"1a1c01bbd47fc00a2c39e90264f33305004495a9","hash":"6e94868270bf396ad86e8c62b3e1e864540c82da"}
,"/Users/mtanaka/HackReactor/front-end-capstone/client/src/components/RelatedItemsAndOutfit/OutfitList.jsx": {"path":"/Users/mtanaka/HackReactor/front-end-capstone/client/src/components/RelatedItemsAndOutfit/OutfitList.jsx","statementMap":{"0":{"start":{"line":8,"column":25},"end":{"line":8,"column":30}},"1":{"start":{"line":9,"column":36},"end":{"line":9,"column":48}},"2":{"start":{"line":15,"column":22},"end":{"line":40,"column":3}},"3":{"start":{"line":16,"column":4},"end":{"line":18,"column":5}},"4":{"start":{"line":17,"column":6},"end":{"line":17,"column":75}},"5":{"start":{"line":19,"column":4},"end":{"line":25,"column":5}},"6":{"start":{"line":20,"column":29},"end":{"line":20,"column":82}},"7":{"start":{"line":21,"column":6},"end":{"line":21,"column":58}},"8":{"start":{"line":22,"column":25},"end":{"line":22,"column":58}},"9":{"start":{"line":23,"column":6},"end":{"line":23,"column":76}},"10":{"start":{"line":24,"column":6},"end":{"line":24,"column":31}},"11":{"start":{"line":42,"column":24},"end":{"line":64,"column":3}},"12":{"start":{"line":43,"column":27},"end":{"line":43,"column":80}},"13":{"start":{"line":44,"column":4},"end":{"line":44,"column":56}},"14":{"start":{"line":46,"column":4},"end":{"line":46,"column":74}},"15":{"start":{"line":47,"column":4},"end":{"line":47,"column":78}},"16":{"start":{"line":48,"column":4},"end":{"line":48,"column":33}},"17":{"start":{"line":66,"column":22},"end":{"line":69,"column":3}},"18":{"start":{"line":67,"column":4},"end":{"line":67,"column":32}},"19":{"start":{"line":68,"column":4},"end":{"line":68,"column":21}},"20":{"start":{"line":71,"column":2},"end":{"line":78,"column":9}},"21":{"start":{"line":72,"column":4},"end":{"line":77,"column":5}},"22":{"start":{"line":73,"column":6},"end":{"line":73,"column":23}},"23":{"start":{"line":75,"column":29},"end":{"line":75,"column":82}},"24":{"start":{"line":76,"column":6},"end":{"line":76,"column":35}},"25":{"start":{"line":80,"column":2},"end":{"line":89,"column":4}}},"fnMap":{"0":{"name":"OutfitList","decl":{"start":{"line":7,"column":9},"end":{"line":7,"column":19}},"loc":{"start":{"line":7,"column":27},"end":{"line":90,"column":1}},"line":7},"1":{"name":"(anonymous_1)","decl":{"start":{"line":15,"column":22},"end":{"line":15,"column":23}},"loc":{"start":{"line":15,"column":28},"end":{"line":40,"column":3}},"line":15},"2":{"name":"(anonymous_2)","decl":{"start":{"line":42,"column":24},"end":{"line":42,"column":25}},"loc":{"start":{"line":42,"column":31},"end":{"line":64,"column":3}},"line":42},"3":{"name":"(anonymous_3)","decl":{"start":{"line":66,"column":22},"end":{"line":66,"column":23}},"loc":{"start":{"line":66,"column":28},"end":{"line":69,"column":3}},"line":66},"4":{"name":"(anonymous_4)","decl":{"start":{"line":71,"column":12},"end":{"line":71,"column":13}},"loc":{"start":{"line":71,"column":18},"end":{"line":78,"column":3}},"line":71}},"branchMap":{"0":{"loc":{"start":{"line":16,"column":4},"end":{"line":18,"column":5}},"type":"if","locations":[{"start":{"line":16,"column":4},"end":{"line":18,"column":5}},{"start":{},"end":{}}],"line":16},"1":{"loc":{"start":{"line":19,"column":4},"end":{"line":25,"column":5}},"type":"if","locations":[{"start":{"line":19,"column":4},"end":{"line":25,"column":5}},{"start":{},"end":{}}],"line":19},"2":{"loc":{"start":{"line":72,"column":4},"end":{"line":77,"column":5}},"type":"if","locations":[{"start":{"line":72,"column":4},"end":{"line":77,"column":5}},{"start":{"line":74,"column":11},"end":{"line":77,"column":5}}],"line":72}},"s":{"0":6,"1":6,"2":6,"3":0,"4":0,"5":0,"6":0,"7":0,"8":0,"9":0,"10":0,"11":6,"12":0,"13":0,"14":0,"15":0,"16":0,"17":6,"18":0,"19":0,"20":6,"21":3,"22":3,"23":0,"24":0,"25":6},"f":{"0":6,"1":0,"2":0,"3":0,"4":3},"b":{"0":[0,0],"1":[0,0],"2":[3,0]},"_coverageSchema":"1a1c01bbd47fc00a2c39e90264f33305004495a9","hash":"55ccb61c084974990dcb3a705a42daff3ed11e51"}
,"/Users/mtanaka/HackReactor/front-end-capstone/client/src/components/RelatedItemsAndOutfit/ProductCard.jsx": {"path":"/Users/mtanaka/HackReactor/front-end-capstone/client/src/components/RelatedItemsAndOutfit/ProductCard.jsx","statementMap":{"0":{"start":{"line":19,"column":4},"end":{"line":19,"column":9}},"1":{"start":{"line":24,"column":6},"end":{"line":24,"column":11}},"2":{"start":{"line":25,"column":34},"end":{"line":25,"column":46}},"3":{"start":{"line":26,"column":36},"end":{"line":26,"column":50}},"4":{"start":{"line":27,"column":38},"end":{"line":27,"column":52}},"5":{"start":{"line":28,"column":34},"end":{"line":28,"column":120}},"6":{"start":{"line":29,"column":46},"end":{"line":29,"column":61}},"7":{"start":{"line":31,"column":2},"end":{"line":31,"column":81}},"8":{"start":{"line":32,"column":2},"end":{"line":32,"column":56}},"9":{"start":{"line":35,"column":4},"end":{"line":37,"column":5}},"10":{"start":{"line":36,"column":6},"end":{"line":36,"column":22}},"11":{"start":{"line":38,"column":4},"end":{"line":40,"column":5}},"12":{"start":{"line":39,"column":6},"end":{"line":39,"column":22}},"13":{"start":{"line":41,"column":4},"end":{"line":43,"column":5}},"14":{"start":{"line":42,"column":6},"end":{"line":42,"column":25}},"15":{"start":{"line":44,"column":4},"end":{"line":46,"column":5}},"16":{"start":{"line":45,"column":6},"end":{"line":45,"column":24}},"17":{"start":{"line":47,"column":4},"end":{"line":47,"column":21}},"18":{"start":{"line":50,"column":27},"end":{"line":52,"column":3}},"19":{"start":{"line":51,"column":4},"end":{"line":51,"column":39}},"20":{"start":{"line":54,"column":21},"end":{"line":67,"column":3}},"21":{"start":{"line":55,"column":21},"end":{"line":55,"column":22}},"22":{"start":{"line":56,"column":20},"end":{"line":56,"column":21}},"23":{"start":{"line":58,"column":4},"end":{"line":62,"column":7}},"24":{"start":{"line":59,"column":20},"end":{"line":59,"column":57}},"25":{"start":{"line":60,"column":6},"end":{"line":60,"column":37}},"26":{"start":{"line":61,"column":6},"end":{"line":61,"column":26}},"27":{"start":{"line":64,"column":19},"end":{"line":64,"column":41}},"28":{"start":{"line":66,"column":4},"end":{"line":66,"column":39}},"29":{"start":{"line":69,"column":22},"end":{"line":84,"column":3}},"30":{"start":{"line":70,"column":4},"end":{"line":83,"column":39}},"31":{"start":{"line":74,"column":12},"end":{"line":74,"column":25}},"32":{"start":{"line":75,"column":8},"end":{"line":81,"column":11}},"33":{"start":{"line":83,"column":22},"end":{"line":83,"column":38}},"34":{"start":{"line":86,"column":29},"end":{"line":109,"column":3}},"35":{"start":{"line":87,"column":4},"end":{"line":108,"column":39}},"36":{"start":{"line":89,"column":28},"end":{"line":89,"column":56}},"37":{"start":{"line":90,"column":34},"end":{"line":90,"column":82}},"38":{"start":{"line":91,"column":8},"end":{"line":103,"column":9}},"39":{"start":{"line":91,"column":21},"end":{"line":91,"column":22}},"40":{"start":{"line":92,"column":28},"end":{"line":92,"column":64}},"41":{"start":{"line":93,"column":30},"end":{"line":93,"column":65}},"42":{"start":{"line":94,"column":31},"end":{"line":94,"column":79}},"43":{"start":{"line":95,"column":10},"end":{"line":102,"column":11}},"44":{"start":{"line":96,"column":12},"end":{"line":98,"column":13}},"45":{"start":{"line":97,"column":14},"end":{"line":97,"column":40}},"46":{"start":{"line":99,"column":12},"end":{"line":101,"column":13}},"47":{"start":{"line":100,"column":14},"end":{"line":100,"column":40}},"48":{"start":{"line":104,"column":8},"end":{"line":106,"column":9}},"49":{"start":{"line":105,"column":10},"end":{"line":105,"column":41}},"50":{"start":{"line":108,"column":22},"end":{"line":108,"column":38}},"51":{"start":{"line":111,"column":28},"end":{"line":121,"column":3}},"52":{"start":{"line":112,"column":4},"end":{"line":120,"column":39}},"53":{"start":{"line":118,"column":8},"end":{"line":118,"column":57}},"54":{"start":{"line":120,"column":22},"end":{"line":120,"column":38}},"55":{"start":{"line":123,"column":28},"end":{"line":128,"column":3}},"56":{"start":{"line":124,"column":4},"end":{"line":127,"column":39}},"57":{"start":{"line":127,"column":22},"end":{"line":127,"column":38}},"58":{"start":{"line":130,"column":2},"end":{"line":132,"column":9}},"59":{"start":{"line":131,"column":4},"end":{"line":131,"column":30}},"60":{"start":{"line":136,"column":2},"end":{"line":225,"column":4}},"61":{"start":{"line":218,"column":31},"end":{"line":218,"column":95}}},"fnMap":{"0":{"name":"ProductCard","decl":{"start":{"line":21,"column":9},"end":{"line":21,"column":20}},"loc":{"start":{"line":21,"column":28},"end":{"line":226,"column":1}},"line":21},"1":{"name":"whichStar","decl":{"start":{"line":34,"column":11},"end":{"line":34,"column":20}},"loc":{"start":{"line":34,"column":36},"end":{"line":48,"column":3}},"line":34},"2":{"name":"(anonymous_2)","decl":{"start":{"line":50,"column":27},"end":{"line":50,"column":28}},"loc":{"start":{"line":50,"column":33},"end":{"line":52,"column":3}},"line":50},"3":{"name":"(anonymous_3)","decl":{"start":{"line":54,"column":21},"end":{"line":54,"column":22}},"loc":{"start":{"line":54,"column":33},"end":{"line":67,"column":3}},"line":54},"4":{"name":"(anonymous_4)","decl":{"start":{"line":58,"column":35},"end":{"line":58,"column":36}},"loc":{"start":{"line":58,"column":47},"end":{"line":62,"column":5}},"line":58},"5":{"name":"(anonymous_5)","decl":{"start":{"line":69,"column":22},"end":{"line":69,"column":23}},"loc":{"start":{"line":70,"column":4},"end":{"line":83,"column":39}},"line":70},"6":{"name":"(anonymous_6)","decl":{"start":{"line":71,"column":12},"end":{"line":71,"column":13}},"loc":{"start":{"line":71,"column":26},"end":{"line":82,"column":7}},"line":71},"7":{"name":"(anonymous_7)","decl":{"start":{"line":83,"column":13},"end":{"line":83,"column":14}},"loc":{"start":{"line":83,"column":22},"end":{"line":83,"column":38}},"line":83},"8":{"name":"(anonymous_8)","decl":{"start":{"line":86,"column":29},"end":{"line":86,"column":30}},"loc":{"start":{"line":87,"column":4},"end":{"line":108,"column":39}},"line":87},"9":{"name":"(anonymous_9)","decl":{"start":{"line":88,"column":12},"end":{"line":88,"column":13}},"loc":{"start":{"line":88,"column":26},"end":{"line":107,"column":7}},"line":88},"10":{"name":"(anonymous_10)","decl":{"start":{"line":108,"column":13},"end":{"line":108,"column":14}},"loc":{"start":{"line":108,"column":22},"end":{"line":108,"column":38}},"line":108},"11":{"name":"(anonymous_11)","decl":{"start":{"line":111,"column":28},"end":{"line":111,"column":29}},"loc":{"start":{"line":112,"column":4},"end":{"line":120,"column":39}},"line":112},"12":{"name":"(anonymous_12)","decl":{"start":{"line":117,"column":12},"end":{"line":117,"column":13}},"loc":{"start":{"line":117,"column":26},"end":{"line":119,"column":7}},"line":117},"13":{"name":"(anonymous_13)","decl":{"start":{"line":120,"column":13},"end":{"line":120,"column":14}},"loc":{"start":{"line":120,"column":22},"end":{"line":120,"column":38}},"line":120},"14":{"name":"(anonymous_14)","decl":{"start":{"line":123,"column":28},"end":{"line":123,"column":29}},"loc":{"start":{"line":124,"column":4},"end":{"line":127,"column":39}},"line":124},"15":{"name":"(anonymous_15)","decl":{"start":{"line":127,"column":13},"end":{"line":127,"column":14}},"loc":{"start":{"line":127,"column":22},"end":{"line":127,"column":38}},"line":127},"16":{"name":"(anonymous_16)","decl":{"start":{"line":130,"column":12},"end":{"line":130,"column":13}},"loc":{"start":{"line":130,"column":18},"end":{"line":132,"column":3}},"line":130},"17":{"name":"(anonymous_17)","decl":{"start":{"line":218,"column":14},"end":{"line":218,"column":15}},"loc":{"start":{"line":218,"column":31},"end":{"line":218,"column":95}},"line":218}},"branchMap":{"0":{"loc":{"start":{"line":35,"column":4},"end":{"line":37,"column":5}},"type":"if","locations":[{"start":{"line":35,"column":4},"end":{"line":37,"column":5}},{"start":{},"end":{}}],"line":35},"1":{"loc":{"start":{"line":38,"column":4},"end":{"line":40,"column":5}},"type":"if","locations":[{"start":{"line":38,"column":4},"end":{"line":40,"column":5}},{"start":{},"end":{}}],"line":38},"2":{"loc":{"start":{"line":38,"column":8},"end":{"line":38,"column":84}},"type":"binary-expr","locations":[{"start":{"line":38,"column":8},"end":{"line":38,"column":32}},{"start":{"line":38,"column":37},"end":{"line":38,"column":58}},{"start":{"line":38,"column":62},"end":{"line":38,"column":83}}],"line":38},"3":{"loc":{"start":{"line":41,"column":4},"end":{"line":43,"column":5}},"type":"if","locations":[{"start":{"line":41,"column":4},"end":{"line":43,"column":5}},{"start":{},"end":{}}],"line":41},"4":{"loc":{"start":{"line":41,"column":8},"end":{"line":41,"column":48}},"type":"binary-expr","locations":[{"start":{"line":41,"column":8},"end":{"line":41,"column":30}},{"start":{"line":41,"column":34},"end":{"line":41,"column":48}}],"line":41},"5":{"loc":{"start":{"line":44,"column":4},"end":{"line":46,"column":5}},"type":"if","locations":[{"start":{"line":44,"column":4},"end":{"line":46,"column":5}},{"start":{},"end":{}}],"line":44},"6":{"loc":{"start":{"line":95,"column":10},"end":{"line":102,"column":11}},"type":"if","locations":[{"start":{"line":95,"column":10},"end":{"line":102,"column":11}},{"start":{},"end":{}}],"line":95},"7":{"loc":{"start":{"line":96,"column":12},"end":{"line":98,"column":13}},"type":"if","locations":[{"start":{"line":96,"column":12},"end":{"line":98,"column":13}},{"start":{},"end":{}}],"line":96},"8":{"loc":{"start":{"line":99,"column":12},"end":{"line":101,"column":13}},"type":"if","locations":[{"start":{"line":99,"column":12},"end":{"line":101,"column":13}},{"start":{},"end":{}}],"line":99},"9":{"loc":{"start":{"line":104,"column":8},"end":{"line":106,"column":9}},"type":"if","locations":[{"start":{"line":104,"column":8},"end":{"line":106,"column":9}},{"start":{},"end":{}}],"line":104},"10":{"loc":{"start":{"line":146,"column":7},"end":{"line":164,"column":9}},"type":"binary-expr","locations":[{"start":{"line":146,"column":7},"end":{"line":146,"column":21}},{"start":{"line":148,"column":10},"end":{"line":163,"column":16}}],"line":146},"11":{"loc":{"start":{"line":166,"column":9},"end":{"line":181,"column":11}},"type":"binary-expr","locations":[{"start":{"line":166,"column":9},"end":{"line":166,"column":22}},{"start":{"line":168,"column":12},"end":{"line":180,"column":21}}],"line":166},"12":{"loc":{"start":{"line":182,"column":9},"end":{"line":200,"column":11}},"type":"binary-expr","locations":[{"start":{"line":182,"column":9},"end":{"line":182,"column":21}},{"start":{"line":184,"column":12},"end":{"line":199,"column":21}}],"line":182},"13":{"loc":{"start":{"line":207,"column":11},"end":{"line":209,"column":11}},"type":"binary-expr","locations":[{"start":{"line":207,"column":11},"end":{"line":207,"column":21}},{"start":{"line":208,"column":12},"end":{"line":208,"column":95}}],"line":207},"14":{"loc":{"start":{"line":210,"column":11},"end":{"line":215,"column":11}},"type":"binary-expr","locations":[{"start":{"line":210,"column":11},"end":{"line":210,"column":20}},{"start":{"line":211,"column":12},"end":{"line":214,"column":15}}],"line":210}},"s":{"0":1,"1":0,"2":0,"3":0,"4":0,"5":0,"6":0,"7":0,"8":0,"9":0,"10":0,"11":0,"12":0,"13":0,"14":0,"15":0,"16":0,"17":0,"18":0,"19":0,"20":0,"21":0,"22":0,"23":0,"24":0,"25":0,"26":0,"27":0,"28":0,"29":0,"30":0,"31":0,"32":0,"33":0,"34":0,"35":0,"36":0,"37":0,"38":0,"39":0,"40":0,"41":0,"42":0,"43":0,"44":0,"45":0,"46":0,"47":0,"48":0,"49":0,"50":0,"51":0,"52":0,"53":0,"54":0,"55":0,"56":0,"57":0,"58":0,"59":0,"60":0,"61":0},"f":{"0":0,"1":0,"2":0,"3":0,"4":0,"5":0,"6":0,"7":0,"8":0,"9":0,"10":0,"11":0,"12":0,"13":0,"14":0,"15":0,"16":0,"17":0},"b":{"0":[0,0],"1":[0,0],"2":[0,0,0],"3":[0,0],"4":[0,0],"5":[0,0],"6":[0,0],"7":[0,0],"8":[0,0],"9":[0,0],"10":[0,0],"11":[0,0],"12":[0,0],"13":[0,0],"14":[0,0]},"_coverageSchema":"1a1c01bbd47fc00a2c39e90264f33305004495a9","hash":"c2c5f7ed96851c83cae87441529f9a3d86a2decf"}
,"/Users/mtanaka/HackReactor/front-end-capstone/client/src/components/RelatedItemsAndOutfit/RelatedItems.jsx": {"path":"/Users/mtanaka/HackReactor/front-end-capstone/client/src/components/RelatedItemsAndOutfit/RelatedItems.jsx","statementMap":{"0":{"start":{"line":14,"column":25},"end":{"line":14,"column":30}},"1":{"start":{"line":15,"column":38},"end":{"line":15,"column":50}},"2":{"start":{"line":17,"column":34},"end":{"line":17,"column":46}},"3":{"start":{"line":18,"column":36},"end":{"line":18,"column":50}},"4":{"start":{"line":19,"column":38},"end":{"line":19,"column":52}},"5":{"start":{"line":20,"column":34},"end":{"line":20,"column":120}},"6":{"start":{"line":22,"column":2},"end":{"line":22,"column":81}},"7":{"start":{"line":23,"column":2},"end":{"line":23,"column":56}},"8":{"start":{"line":25,"column":24},"end":{"line":38,"column":3}},"9":{"start":{"line":26,"column":4},"end":{"line":37,"column":40}},"10":{"start":{"line":29,"column":26},"end":{"line":34,"column":10}},"11":{"start":{"line":30,"column":10},"end":{"line":32,"column":11}},"12":{"start":{"line":31,"column":12},"end":{"line":31,"column":25}},"13":{"start":{"line":33,"column":10},"end":{"line":33,"column":22}},"14":{"start":{"line":35,"column":8},"end":{"line":35,"column":33}},"15":{"start":{"line":37,"column":22},"end":{"line":37,"column":38}},"16":{"start":{"line":40,"column":21},"end":{"line":53,"column":3}},"17":{"start":{"line":41,"column":21},"end":{"line":41,"column":22}},"18":{"start":{"line":42,"column":20},"end":{"line":42,"column":21}},"19":{"start":{"line":44,"column":4},"end":{"line":48,"column":7}},"20":{"start":{"line":45,"column":20},"end":{"line":45,"column":57}},"21":{"start":{"line":46,"column":6},"end":{"line":46,"column":37}},"22":{"start":{"line":47,"column":6},"end":{"line":47,"column":26}},"23":{"start":{"line":50,"column":19},"end":{"line":50,"column":41}},"24":{"start":{"line":52,"column":4},"end":{"line":52,"column":39}},"25":{"start":{"line":55,"column":22},"end":{"line":70,"column":3}},"26":{"start":{"line":56,"column":4},"end":{"line":69,"column":39}},"27":{"start":{"line":60,"column":12},"end":{"line":60,"column":25}},"28":{"start":{"line":61,"column":8},"end":{"line":67,"column":11}},"29":{"start":{"line":69,"column":22},"end":{"line":69,"column":38}},"30":{"start":{"line":72,"column":29},"end":{"line":95,"column":3}},"31":{"start":{"line":73,"column":4},"end":{"line":94,"column":39}},"32":{"start":{"line":75,"column":28},"end":{"line":75,"column":56}},"33":{"start":{"line":76,"column":34},"end":{"line":76,"column":82}},"34":{"start":{"line":77,"column":8},"end":{"line":89,"column":9}},"35":{"start":{"line":77,"column":21},"end":{"line":77,"column":22}},"36":{"start":{"line":78,"column":28},"end":{"line":78,"column":64}},"37":{"start":{"line":79,"column":30},"end":{"line":79,"column":65}},"38":{"start":{"line":80,"column":31},"end":{"line":80,"column":79}},"39":{"start":{"line":81,"column":10},"end":{"line":88,"column":11}},"40":{"start":{"line":82,"column":12},"end":{"line":84,"column":13}},"41":{"start":{"line":83,"column":14},"end":{"line":83,"column":40}},"42":{"start":{"line":85,"column":12},"end":{"line":87,"column":13}},"43":{"start":{"line":86,"column":14},"end":{"line":86,"column":40}},"44":{"start":{"line":90,"column":8},"end":{"line":92,"column":9}},"45":{"start":{"line":91,"column":10},"end":{"line":91,"column":41}},"46":{"start":{"line":94,"column":22},"end":{"line":94,"column":38}},"47":{"start":{"line":97,"column":28},"end":{"line":107,"column":3}},"48":{"start":{"line":98,"column":4},"end":{"line":106,"column":39}},"49":{"start":{"line":104,"column":8},"end":{"line":104,"column":57}},"50":{"start":{"line":106,"column":22},"end":{"line":106,"column":38}},"51":{"start":{"line":109,"column":28},"end":{"line":115,"column":3}},"52":{"start":{"line":110,"column":4},"end":{"line":114,"column":39}},"53":{"start":{"line":114,"column":22},"end":{"line":114,"column":38}},"54":{"start":{"line":117,"column":2},"end":{"line":119,"column":9}},"55":{"start":{"line":118,"column":4},"end":{"line":118,"column":34}},"56":{"start":{"line":121,"column":2},"end":{"line":137,"column":4}}},"fnMap":{"0":{"name":"RelatedItems","decl":{"start":{"line":12,"column":9},"end":{"line":12,"column":21}},"loc":{"start":{"line":12,"column":29},"end":{"line":138,"column":1}},"line":12},"1":{"name":"(anonymous_1)","decl":{"start":{"line":25,"column":24},"end":{"line":25,"column":25}},"loc":{"start":{"line":25,"column":39},"end":{"line":38,"column":3}},"line":25},"2":{"name":"(anonymous_2)","decl":{"start":{"line":27,"column":12},"end":{"line":27,"column":13}},"loc":{"start":{"line":27,"column":26},"end":{"line":36,"column":7}},"line":27},"3":{"name":"(anonymous_3)","decl":{"start":{"line":29,"column":47},"end":{"line":29,"column":48}},"loc":{"start":{"line":29,"column":67},"end":{"line":34,"column":9}},"line":29},"4":{"name":"(anonymous_4)","decl":{"start":{"line":37,"column":13},"end":{"line":37,"column":14}},"loc":{"start":{"line":37,"column":22},"end":{"line":37,"column":38}},"line":37},"5":{"name":"(anonymous_5)","decl":{"start":{"line":40,"column":21},"end":{"line":40,"column":22}},"loc":{"start":{"line":40,"column":33},"end":{"line":53,"column":3}},"line":40},"6":{"name":"(anonymous_6)","decl":{"start":{"line":44,"column":35},"end":{"line":44,"column":36}},"loc":{"start":{"line":44,"column":47},"end":{"line":48,"column":5}},"line":44},"7":{"name":"(anonymous_7)","decl":{"start":{"line":55,"column":22},"end":{"line":55,"column":23}},"loc":{"start":{"line":56,"column":4},"end":{"line":69,"column":39}},"line":56},"8":{"name":"(anonymous_8)","decl":{"start":{"line":57,"column":12},"end":{"line":57,"column":13}},"loc":{"start":{"line":57,"column":26},"end":{"line":68,"column":7}},"line":57},"9":{"name":"(anonymous_9)","decl":{"start":{"line":69,"column":13},"end":{"line":69,"column":14}},"loc":{"start":{"line":69,"column":22},"end":{"line":69,"column":38}},"line":69},"10":{"name":"(anonymous_10)","decl":{"start":{"line":72,"column":29},"end":{"line":72,"column":30}},"loc":{"start":{"line":73,"column":4},"end":{"line":94,"column":39}},"line":73},"11":{"name":"(anonymous_11)","decl":{"start":{"line":74,"column":12},"end":{"line":74,"column":13}},"loc":{"start":{"line":74,"column":26},"end":{"line":93,"column":7}},"line":74},"12":{"name":"(anonymous_12)","decl":{"start":{"line":94,"column":13},"end":{"line":94,"column":14}},"loc":{"start":{"line":94,"column":22},"end":{"line":94,"column":38}},"line":94},"13":{"name":"(anonymous_13)","decl":{"start":{"line":97,"column":28},"end":{"line":97,"column":29}},"loc":{"start":{"line":98,"column":4},"end":{"line":106,"column":39}},"line":98},"14":{"name":"(anonymous_14)","decl":{"start":{"line":103,"column":12},"end":{"line":103,"column":13}},"loc":{"start":{"line":103,"column":26},"end":{"line":105,"column":7}},"line":103},"15":{"name":"(anonymous_15)","decl":{"start":{"line":106,"column":13},"end":{"line":106,"column":14}},"loc":{"start":{"line":106,"column":22},"end":{"line":106,"column":38}},"line":106},"16":{"name":"(anonymous_16)","decl":{"start":{"line":109,"column":28},"end":{"line":109,"column":29}},"loc":{"start":{"line":110,"column":4},"end":{"line":114,"column":39}},"line":110},"17":{"name":"(anonymous_17)","decl":{"start":{"line":114,"column":13},"end":{"line":114,"column":14}},"loc":{"start":{"line":114,"column":22},"end":{"line":114,"column":38}},"line":114},"18":{"name":"(anonymous_18)","decl":{"start":{"line":117,"column":12},"end":{"line":117,"column":13}},"loc":{"start":{"line":117,"column":18},"end":{"line":119,"column":3}},"line":117}},"branchMap":{"0":{"loc":{"start":{"line":30,"column":10},"end":{"line":32,"column":11}},"type":"if","locations":[{"start":{"line":30,"column":10},"end":{"line":32,"column":11}},{"start":{},"end":{}}],"line":30},"1":{"loc":{"start":{"line":30,"column":14},"end":{"line":30,"column":73}},"type":"binary-expr","locations":[{"start":{"line":30,"column":14},"end":{"line":30,"column":39}},{"start":{"line":30,"column":43},"end":{"line":30,"column":73}}],"line":30},"2":{"loc":{"start":{"line":81,"column":10},"end":{"line":88,"column":11}},"type":"if","locations":[{"start":{"line":81,"column":10},"end":{"line":88,"column":11}},{"start":{},"end":{}}],"line":81},"3":{"loc":{"start":{"line":82,"column":12},"end":{"line":84,"column":13}},"type":"if","locations":[{"start":{"line":82,"column":12},"end":{"line":84,"column":13}},{"start":{},"end":{}}],"line":82},"4":{"loc":{"start":{"line":85,"column":12},"end":{"line":87,"column":13}},"type":"if","locations":[{"start":{"line":85,"column":12},"end":{"line":87,"column":13}},{"start":{},"end":{}}],"line":85},"5":{"loc":{"start":{"line":90,"column":8},"end":{"line":92,"column":9}},"type":"if","locations":[{"start":{"line":90,"column":8},"end":{"line":92,"column":9}},{"start":{},"end":{}}],"line":90}},"s":{"0":10,"1":9,"2":9,"3":9,"4":9,"5":9,"6":9,"7":9,"8":9,"9":3,"10":3,"11":18,"12":0,"13":18,"14":3,"15":0,"16":9,"17":3,"18":3,"19":3,"20":15,"21":15,"22":15,"23":3,"24":3,"25":9,"26":3,"27":3,"28":3,"29":0,"30":9,"31":3,"32":0,"33":0,"34":0,"35":0,"36":0,"37":0,"38":0,"39":0,"40":0,"41":0,"42":0,"43":0,"44":0,"45":0,"46":0,"47":9,"48":3,"49":3,"50":0,"51":9,"52":3,"53":0,"54":9,"55":3,"56":9},"f":{"0":10,"1":3,"2":3,"3":18,"4":0,"5":3,"6":15,"7":3,"8":3,"9":0,"10":3,"11":0,"12":0,"13":3,"14":3,"15":0,"16":3,"17":0,"18":3},"b":{"0":[0,18],"1":[18,18],"2":[0,0],"3":[0,0],"4":[0,0],"5":[0,0]},"_coverageSchema":"1a1c01bbd47fc00a2c39e90264f33305004495a9","hash":"12f1fb2625b9766af94577d062cb3850912f606e"}
,"/Users/mtanaka/HackReactor/front-end-capstone/config/config.js": {"path":"/Users/mtanaka/HackReactor/front-end-capstone/config/config.js","statementMap":{"0":{"start":{"line":2,"column":16},"end":{"line":2,"column":58}}},"fnMap":{},"branchMap":{},"s":{"0":1},"f":{},"b":{},"_coverageSchema":"1a1c01bbd47fc00a2c39e90264f33305004495a9","hash":"9d4c7f1ec2fb1e5559b7f5a08f13257928b29794"}
,"/Users/mtanaka/HackReactor/front-end-capstone/spec/testServer.js": {"path":"/Users/mtanaka/HackReactor/front-end-capstone/spec/testServer.js","statementMap":{"0":{"start":{"line":10,"column":4},"end":{"line":10,"column":32}},"1":{"start":{"line":12,"column":15},"end":{"line":36,"column":1}},"2":{"start":{"line":13,"column":93},"end":{"line":16,"column":3}},"3":{"start":{"line":17,"column":98},"end":{"line":20,"column":3}},"4":{"start":{"line":21,"column":94},"end":{"line":23,"column":3}},"5":{"start":{"line":24,"column":98},"end":{"line":27,"column":3}},"6":{"start":{"line":28,"column":106},"end":{"line":31,"column":3}}},"fnMap":{"0":{"name":"(anonymous_0)","decl":{"start":{"line":13,"column":74},"end":{"line":13,"column":75}},"loc":{"start":{"line":13,"column":93},"end":{"line":16,"column":3}},"line":13},"1":{"name":"(anonymous_1)","decl":{"start":{"line":17,"column":79},"end":{"line":17,"column":80}},"loc":{"start":{"line":17,"column":98},"end":{"line":20,"column":3}},"line":17},"2":{"name":"(anonymous_2)","decl":{"start":{"line":21,"column":75},"end":{"line":21,"column":76}},"loc":{"start":{"line":21,"column":94},"end":{"line":23,"column":3}},"line":21},"3":{"name":"(anonymous_3)","decl":{"start":{"line":24,"column":79},"end":{"line":24,"column":80}},"loc":{"start":{"line":24,"column":98},"end":{"line":27,"column":3}},"line":24},"4":{"name":"(anonymous_4)","decl":{"start":{"line":28,"column":87},"end":{"line":28,"column":88}},"loc":{"start":{"line":28,"column":106},"end":{"line":31,"column":3}},"line":28}},"branchMap":{},"s":{"0":1,"1":1,"2":0,"3":3,"4":0,"5":3,"6":3},"f":{"0":0,"1":3,"2":0,"3":3,"4":3},"b":{},"_coverageSchema":"1a1c01bbd47fc00a2c39e90264f33305004495a9","hash":"22b042e2d8e74b0a351692cdda095b0b2a56ca8f"}
,"/Users/mtanaka/HackReactor/front-end-capstone/spec/data/allData.js": {"path":"/Users/mtanaka/HackReactor/front-end-capstone/spec/data/allData.js","statementMap":{"0":{"start":{"line":1,"column":20},"end":{"line":1,"column":42}},"1":{"start":{"line":2,"column":17},"end":{"line":2,"column":37}},"2":{"start":{"line":3,"column":20},"end":{"line":3,"column":43}},"3":{"start":{"line":4,"column":20},"end":{"line":4,"column":43}},"4":{"start":{"line":6,"column":0},"end":{"line":12,"column":1}}},"fnMap":{},"branchMap":{},"s":{"0":1,"1":1,"2":1,"3":1,"4":1},"f":{},"b":{},"_coverageSchema":"1a1c01bbd47fc00a2c39e90264f33305004495a9","hash":"b79b380bba881b7baab6fc740cf353cacc387aa4"}
,"/Users/mtanaka/HackReactor/front-end-capstone/spec/data/meta.js": {"path":"/Users/mtanaka/HackReactor/front-end-capstone/spec/data/meta.js","statementMap":{"0":{"start":{"line":1,"column":0},"end":{"line":32,"column":1}}},"fnMap":{},"branchMap":{},"s":{"0":1},"f":{},"b":{},"_coverageSchema":"1a1c01bbd47fc00a2c39e90264f33305004495a9","hash":"83f1cabb0dff173f478faa99cbdc59003d3d240d"}
,"/Users/mtanaka/HackReactor/front-end-capstone/spec/data/product.js": {"path":"/Users/mtanaka/HackReactor/front-end-capstone/spec/data/product.js","statementMap":{"0":{"start":{"line":1,"column":0},"end":{"line":25,"column":1}}},"fnMap":{},"branchMap":{},"s":{"0":1},"f":{},"b":{},"_coverageSchema":"1a1c01bbd47fc00a2c39e90264f33305004495a9","hash":"abda70982986278e84f7af1a85e24f1db0e76370"}
,"/Users/mtanaka/HackReactor/front-end-capstone/spec/data/related.js": {"path":"/Users/mtanaka/HackReactor/front-end-capstone/spec/data/related.js","statementMap":{"0":{"start":{"line":1,"column":0},"end":{"line":1,"column":68}}},"fnMap":{},"branchMap":{},"s":{"0":1},"f":{},"b":{},"_coverageSchema":"1a1c01bbd47fc00a2c39e90264f33305004495a9","hash":"18e2285e37479651f28b5d39c5290457b9f2a594"}
,"/Users/mtanaka/HackReactor/front-end-capstone/spec/data/review.js": {"path":"/Users/mtanaka/HackReactor/front-end-capstone/spec/data/review.js","statementMap":{"0":{"start":{"line":1,"column":0},"end":{"line":104,"column":2}}},"fnMap":{},"branchMap":{},"s":{"0":1},"f":{},"b":{},"_coverageSchema":"1a1c01bbd47fc00a2c39e90264f33305004495a9","hash":"9bb2c6fde00ef8171016278e68ac419d9cb266bb"}
}
