{"/Users/mtanaka/HackReactor/front-end-capstone/client/src/components/RatingsReview/AllReviews.jsx": {"path":"/Users/mtanaka/HackReactor/front-end-capstone/client/src/components/RatingsReview/AllReviews.jsx","statementMap":{"0":{"start":{"line":12,"column":46},"end":{"line":12,"column":57}},"1":{"start":{"line":13,"column":48},"end":{"line":13,"column":60}},"2":{"start":{"line":14,"column":40},"end":{"line":14,"column":52}},"3":{"start":{"line":15,"column":23},"end":{"line":15,"column":63}},"4":{"start":{"line":16,"column":24},"end":{"line":16,"column":36}},"5":{"start":{"line":18,"column":18},"end":{"line":18,"column":23}},"6":{"start":{"line":21,"column":4},"end":{"line":27,"column":40}},"7":{"start":{"line":26,"column":25},"end":{"line":26,"column":37}},"8":{"start":{"line":27,"column":22},"end":{"line":27,"column":38}},"9":{"start":{"line":30,"column":23},"end":{"line":41,"column":3}},"10":{"start":{"line":31,"column":4},"end":{"line":40,"column":5}},"11":{"start":{"line":32,"column":6},"end":{"line":35,"column":9}},"12":{"start":{"line":37,"column":24},"end":{"line":37,"column":42}},"13":{"start":{"line":38,"column":6},"end":{"line":38,"column":29}},"14":{"start":{"line":39,"column":6},"end":{"line":39,"column":32}},"15":{"start":{"line":43,"column":2},"end":{"line":64,"column":20}},"16":{"start":{"line":44,"column":4},"end":{"line":63,"column":5}},"17":{"start":{"line":45,"column":6},"end":{"line":60,"column":11}},"18":{"start":{"line":47,"column":32},"end":{"line":47,"column":90}},"19":{"start":{"line":47,"column":60},"end":{"line":47,"column":89}},"20":{"start":{"line":48,"column":10},"end":{"line":59,"column":14}},"21":{"start":{"line":49,"column":29},"end":{"line":49,"column":53}},"22":{"start":{"line":50,"column":12},"end":{"line":52,"column":13}},"23":{"start":{"line":51,"column":14},"end":{"line":51,"column":26}},"24":{"start":{"line":53,"column":12},"end":{"line":57,"column":13}},"25":{"start":{"line":53,"column":25},"end":{"line":53,"column":26}},"26":{"start":{"line":54,"column":14},"end":{"line":56,"column":15}},"27":{"start":{"line":55,"column":16},"end":{"line":55,"column":28}},"28":{"start":{"line":58,"column":12},"end":{"line":58,"column":25}},"29":{"start":{"line":62,"column":6},"end":{"line":62,"column":36}},"30":{"start":{"line":66,"column":23},"end":{"line":73,"column":3}},"31":{"start":{"line":67,"column":4},"end":{"line":72,"column":40}},"32":{"start":{"line":68,"column":22},"end":{"line":68,"column":80}},"33":{"start":{"line":68,"column":50},"end":{"line":68,"column":79}},"34":{"start":{"line":70,"column":8},"end":{"line":70,"column":36}},"35":{"start":{"line":72,"column":22},"end":{"line":72,"column":38}},"36":{"start":{"line":75,"column":2},"end":{"line":81,"column":9}},"37":{"start":{"line":76,"column":4},"end":{"line":76,"column":19}},"38":{"start":{"line":78,"column":4},"end":{"line":80,"column":5}},"39":{"start":{"line":79,"column":6},"end":{"line":79,"column":29}},"40":{"start":{"line":84,"column":4},"end":{"line":92,"column":5}},"41":{"start":{"line":85,"column":27},"end":{"line":85,"column":47}},"42":{"start":{"line":86,"column":6},"end":{"line":86,"column":65}},"43":{"start":{"line":86,"column":34},"end":{"line":86,"column":63}},"44":{"start":{"line":87,"column":6},"end":{"line":87,"column":39}},"45":{"start":{"line":89,"column":30},"end":{"line":89,"column":50}},"46":{"start":{"line":90,"column":6},"end":{"line":90,"column":68}},"47":{"start":{"line":90,"column":37},"end":{"line":90,"column":66}},"48":{"start":{"line":91,"column":6},"end":{"line":91,"column":42}},"49":{"start":{"line":95,"column":2},"end":{"line":123,"column":4}},"50":{"start":{"line":102,"column":61},"end":{"line":102,"column":75}},"51":{"start":{"line":111,"column":14},"end":{"line":111,"column":73}},"52":{"start":{"line":115,"column":51},"end":{"line":115,"column":94}},"53":{"start":{"line":115,"column":82},"end":{"line":115,"column":93}}},"fnMap":{"0":{"name":"AllReviews","decl":{"start":{"line":11,"column":24},"end":{"line":11,"column":34}},"loc":{"start":{"line":11,"column":42},"end":{"line":124,"column":1}},"line":11},"1":{"name":"getReview","decl":{"start":{"line":20,"column":11},"end":{"line":20,"column":20}},"loc":{"start":{"line":20,"column":33},"end":{"line":28,"column":3}},"line":20},"2":{"name":"(anonymous_2)","decl":{"start":{"line":26,"column":12},"end":{"line":26,"column":13}},"loc":{"start":{"line":26,"column":25},"end":{"line":26,"column":37}},"line":26},"3":{"name":"(anonymous_3)","decl":{"start":{"line":27,"column":13},"end":{"line":27,"column":14}},"loc":{"start":{"line":27,"column":22},"end":{"line":27,"column":38}},"line":27},"4":{"name":"(anonymous_4)","decl":{"start":{"line":30,"column":23},"end":{"line":30,"column":24}},"loc":{"start":{"line":30,"column":47},"end":{"line":41,"column":3}},"line":30},"5":{"name":"(anonymous_5)","decl":{"start":{"line":43,"column":12},"end":{"line":43,"column":13}},"loc":{"start":{"line":43,"column":18},"end":{"line":64,"column":3}},"line":43},"6":{"name":"(anonymous_6)","decl":{"start":{"line":46,"column":14},"end":{"line":46,"column":15}},"loc":{"start":{"line":46,"column":24},"end":{"line":60,"column":9}},"line":46},"7":{"name":"(anonymous_7)","decl":{"start":{"line":47,"column":50},"end":{"line":47,"column":51}},"loc":{"start":{"line":47,"column":60},"end":{"line":47,"column":89}},"line":47},"8":{"name":"(anonymous_8)","decl":{"start":{"line":48,"column":50},"end":{"line":48,"column":51}},"loc":{"start":{"line":48,"column":62},"end":{"line":59,"column":11}},"line":48},"9":{"name":"(anonymous_9)","decl":{"start":{"line":66,"column":23},"end":{"line":66,"column":24}},"loc":{"start":{"line":66,"column":29},"end":{"line":73,"column":3}},"line":66},"10":{"name":"(anonymous_10)","decl":{"start":{"line":68,"column":12},"end":{"line":68,"column":13}},"loc":{"start":{"line":68,"column":22},"end":{"line":68,"column":80}},"line":68},"11":{"name":"(anonymous_11)","decl":{"start":{"line":68,"column":40},"end":{"line":68,"column":41}},"loc":{"start":{"line":68,"column":50},"end":{"line":68,"column":79}},"line":68},"12":{"name":"(anonymous_12)","decl":{"start":{"line":69,"column":12},"end":{"line":69,"column":13}},"loc":{"start":{"line":69,"column":25},"end":{"line":71,"column":7}},"line":69},"13":{"name":"(anonymous_13)","decl":{"start":{"line":72,"column":13},"end":{"line":72,"column":14}},"loc":{"start":{"line":72,"column":22},"end":{"line":72,"column":38}},"line":72},"14":{"name":"(anonymous_14)","decl":{"start":{"line":75,"column":12},"end":{"line":75,"column":13}},"loc":{"start":{"line":75,"column":18},"end":{"line":81,"column":3}},"line":75},"15":{"name":"(anonymous_15)","decl":{"start":{"line":78,"column":11},"end":{"line":78,"column":12}},"loc":{"start":{"line":78,"column":17},"end":{"line":80,"column":5}},"line":78},"16":{"name":"sortReviews","decl":{"start":{"line":83,"column":11},"end":{"line":83,"column":22}},"loc":{"start":{"line":83,"column":26},"end":{"line":93,"column":3}},"line":83},"17":{"name":"(anonymous_17)","decl":{"start":{"line":86,"column":24},"end":{"line":86,"column":25}},"loc":{"start":{"line":86,"column":34},"end":{"line":86,"column":63}},"line":86},"18":{"name":"(anonymous_18)","decl":{"start":{"line":90,"column":27},"end":{"line":90,"column":28}},"loc":{"start":{"line":90,"column":37},"end":{"line":90,"column":66}},"line":90},"19":{"name":"(anonymous_19)","decl":{"start":{"line":102,"column":54},"end":{"line":102,"column":55}},"loc":{"start":{"line":102,"column":61},"end":{"line":102,"column":75}},"line":102},"20":{"name":"(anonymous_20)","decl":{"start":{"line":110,"column":28},"end":{"line":110,"column":29}},"loc":{"start":{"line":111,"column":14},"end":{"line":111,"column":73}},"line":111},"21":{"name":"(anonymous_21)","decl":{"start":{"line":115,"column":45},"end":{"line":115,"column":46}},"loc":{"start":{"line":115,"column":51},"end":{"line":115,"column":94}},"line":115},"22":{"name":"(anonymous_22)","decl":{"start":{"line":115,"column":69},"end":{"line":115,"column":70}},"loc":{"start":{"line":115,"column":82},"end":{"line":115,"column":93}},"line":115}},"branchMap":{"0":{"loc":{"start":{"line":31,"column":4},"end":{"line":40,"column":5}},"type":"if","locations":[{"start":{"line":31,"column":4},"end":{"line":40,"column":5}},{"start":{"line":36,"column":11},"end":{"line":40,"column":5}}],"line":31},"1":{"loc":{"start":{"line":44,"column":4},"end":{"line":63,"column":5}},"type":"if","locations":[{"start":{"line":44,"column":4},"end":{"line":63,"column":5}},{"start":{"line":61,"column":11},"end":{"line":63,"column":5}}],"line":44},"2":{"loc":{"start":{"line":50,"column":12},"end":{"line":52,"column":13}},"type":"if","locations":[{"start":{"line":50,"column":12},"end":{"line":52,"column":13}},{"start":{},"end":{}}],"line":50},"3":{"loc":{"start":{"line":54,"column":14},"end":{"line":56,"column":15}},"type":"if","locations":[{"start":{"line":54,"column":14},"end":{"line":56,"column":15}},{"start":{},"end":{}}],"line":54},"4":{"loc":{"start":{"line":84,"column":4},"end":{"line":92,"column":5}},"type":"if","locations":[{"start":{"line":84,"column":4},"end":{"line":92,"column":5}},{"start":{"line":88,"column":11},"end":{"line":92,"column":5}}],"line":84},"5":{"loc":{"start":{"line":114,"column":11},"end":{"line":115,"column":149}},"type":"cond-expr","locations":[{"start":{"line":115,"column":14},"end":{"line":115,"column":141}},{"start":{"line":115,"column":144},"end":{"line":115,"column":149}}],"line":114},"6":{"loc":{"start":{"line":114,"column":11},"end":{"line":114,"column":86}},"type":"binary-expr","locations":[{"start":{"line":114,"column":11},"end":{"line":114,"column":38}},{"start":{"line":114,"column":42},"end":{"line":114,"column":86}}],"line":114}},"s":{"0":56,"1":54,"2":54,"3":54,"4":54,"5":54,"6":28,"7":28,"8":0,"9":54,"10":4,"11":2,"12":2,"13":2,"14":2,"15":54,"16":28,"17":4,"18":4,"19":36,"20":4,"21":20,"22":20,"23":10,"24":10,"25":10,"26":10,"27":2,"28":8,"29":24,"30":54,"31":24,"32":24,"33":216,"34":24,"35":0,"36":54,"37":24,"38":24,"39":24,"40":2,"41":0,"42":0,"43":0,"44":0,"45":2,"46":2,"47":18,"48":2,"49":54,"50":2,"51":64,"52":2,"53":2},"f":{"0":56,"1":28,"2":28,"3":0,"4":4,"5":28,"6":4,"7":36,"8":20,"9":24,"10":24,"11":216,"12":24,"13":0,"14":24,"15":24,"16":2,"17":0,"18":18,"19":2,"20":64,"21":2,"22":2},"b":{"0":[2,2],"1":[4,24],"2":[10,10],"3":[2,8],"4":[0,2],"5":[30,24],"6":[54,30]},"_coverageSchema":"1a1c01bbd47fc00a2c39e90264f33305004495a9","hash":"7ca5978d58421cb970fa6e2ce7594e68ff138215"}
,"/Users/mtanaka/HackReactor/front-end-capstone/client/src/components/RatingsReview/CharBreakdown.jsx": {"path":"/Users/mtanaka/HackReactor/front-end-capstone/client/src/components/RatingsReview/CharBreakdown.jsx","statementMap":{"0":{"start":{"line":6,"column":20},"end":{"line":6,"column":25}},"1":{"start":{"line":8,"column":26},"end":{"line":15,"column":3}},"2":{"start":{"line":17,"column":23},"end":{"line":28,"column":3}},"3":{"start":{"line":30,"column":2},"end":{"line":46,"column":4}},"4":{"start":{"line":33,"column":8},"end":{"line":43,"column":14}}},"fnMap":{"0":{"name":"CharBreakdown","decl":{"start":{"line":5,"column":9},"end":{"line":5,"column":22}},"loc":{"start":{"line":5,"column":30},"end":{"line":47,"column":1}},"line":5},"1":{"name":"(anonymous_1)","decl":{"start":{"line":32,"column":25},"end":{"line":32,"column":26}},"loc":{"start":{"line":33,"column":8},"end":{"line":43,"column":14}},"line":33}},"branchMap":{"0":{"loc":{"start":{"line":41,"column":24},"end":{"line":41,"column":89}},"type":"cond-expr","locations":[{"start":{"line":41,"column":72},"end":{"line":41,"column":84}},{"start":{"line":41,"column":87},"end":{"line":41,"column":89}}],"line":41}},"s":{"0":208,"1":208,"2":208,"3":208,"4":1040},"f":{"0":208,"1":1040},"b":{"0":[208,832]},"_coverageSchema":"1a1c01bbd47fc00a2c39e90264f33305004495a9","hash":"080b711d1a1a2ec1d5b96f37edfe03ad0380e800"}
,"/Users/mtanaka/HackReactor/front-end-capstone/client/src/components/RatingsReview/IndividualReview.jsx": {"path":"/Users/mtanaka/HackReactor/front-end-capstone/client/src/components/RatingsReview/IndividualReview.jsx","statementMap":{"0":{"start":{"line":19,"column":4},"end":{"line":19,"column":9}},"1":{"start":{"line":22,"column":19},"end":{"line":22,"column":24}},"2":{"start":{"line":23,"column":38},"end":{"line":23,"column":66}},"3":{"start":{"line":24,"column":44},"end":{"line":24,"column":58}},"4":{"start":{"line":25,"column":38},"end":{"line":25,"column":53}},"5":{"start":{"line":27,"column":2},"end":{"line":27,"column":81}},"6":{"start":{"line":28,"column":2},"end":{"line":28,"column":56}},"7":{"start":{"line":32,"column":4},"end":{"line":34,"column":40}},"8":{"start":{"line":33,"column":18},"end":{"line":33,"column":57}},"9":{"start":{"line":33,"column":45},"end":{"line":33,"column":56}},"10":{"start":{"line":34,"column":22},"end":{"line":34,"column":38}},"11":{"start":{"line":38,"column":4},"end":{"line":38,"column":31}},"12":{"start":{"line":41,"column":2},"end":{"line":43,"column":15}},"13":{"start":{"line":42,"column":4},"end":{"line":42,"column":38}},"14":{"start":{"line":46,"column":4},"end":{"line":59,"column":5}},"15":{"start":{"line":47,"column":6},"end":{"line":47,"column":22}},"16":{"start":{"line":49,"column":6},"end":{"line":51,"column":7}},"17":{"start":{"line":50,"column":8},"end":{"line":50,"column":24}},"18":{"start":{"line":52,"column":6},"end":{"line":54,"column":7}},"19":{"start":{"line":53,"column":8},"end":{"line":53,"column":27}},"20":{"start":{"line":55,"column":6},"end":{"line":57,"column":7}},"21":{"start":{"line":56,"column":8},"end":{"line":56,"column":26}},"22":{"start":{"line":58,"column":6},"end":{"line":58,"column":23}},"23":{"start":{"line":63,"column":4},"end":{"line":75,"column":5}},"24":{"start":{"line":64,"column":24},"end":{"line":64,"column":50}},"25":{"start":{"line":65,"column":6},"end":{"line":72,"column":14}},"26":{"start":{"line":74,"column":6},"end":{"line":74,"column":104}},"27":{"start":{"line":79,"column":4},"end":{"line":83,"column":5}},"28":{"start":{"line":80,"column":6},"end":{"line":80,"column":101}},"29":{"start":{"line":80,"column":42},"end":{"line":80,"column":99}},"30":{"start":{"line":82,"column":6},"end":{"line":82,"column":19}},"31":{"start":{"line":86,"column":2},"end":{"line":157,"column":4}},"32":{"start":{"line":93,"column":25},"end":{"line":93,"column":92}},"33":{"start":{"line":143,"column":14},"end":{"line":143,"column":37}},"34":{"start":{"line":144,"column":14},"end":{"line":144,"column":47}}},"fnMap":{"0":{"name":"IndividualReview","decl":{"start":{"line":21,"column":24},"end":{"line":21,"column":40}},"loc":{"start":{"line":21,"column":48},"end":{"line":158,"column":1}},"line":21},"1":{"name":"incrementHelpfulness","decl":{"start":{"line":31,"column":11},"end":{"line":31,"column":31}},"loc":{"start":{"line":31,"column":34},"end":{"line":35,"column":3}},"line":31},"2":{"name":"(anonymous_2)","decl":{"start":{"line":33,"column":12},"end":{"line":33,"column":13}},"loc":{"start":{"line":33,"column":18},"end":{"line":33,"column":57}},"line":33},"3":{"name":"(anonymous_3)","decl":{"start":{"line":33,"column":32},"end":{"line":33,"column":33}},"loc":{"start":{"line":33,"column":45},"end":{"line":33,"column":56}},"line":33},"4":{"name":"(anonymous_4)","decl":{"start":{"line":34,"column":13},"end":{"line":34,"column":14}},"loc":{"start":{"line":34,"column":22},"end":{"line":34,"column":38}},"line":34},"5":{"name":"bodyToggle","decl":{"start":{"line":37,"column":11},"end":{"line":37,"column":21}},"loc":{"start":{"line":37,"column":24},"end":{"line":39,"column":3}},"line":37},"6":{"name":"(anonymous_6)","decl":{"start":{"line":41,"column":12},"end":{"line":41,"column":13}},"loc":{"start":{"line":41,"column":18},"end":{"line":43,"column":3}},"line":41},"7":{"name":"whichStar","decl":{"start":{"line":45,"column":11},"end":{"line":45,"column":20}},"loc":{"start":{"line":45,"column":36},"end":{"line":60,"column":3}},"line":45},"8":{"name":"tooBig","decl":{"start":{"line":62,"column":11},"end":{"line":62,"column":17}},"loc":{"start":{"line":62,"column":24},"end":{"line":76,"column":3}},"line":62},"9":{"name":"photosExist","decl":{"start":{"line":78,"column":11},"end":{"line":78,"column":22}},"loc":{"start":{"line":78,"column":31},"end":{"line":84,"column":3}},"line":78},"10":{"name":"(anonymous_10)","decl":{"start":{"line":80,"column":24},"end":{"line":80,"column":25}},"loc":{"start":{"line":80,"column":42},"end":{"line":80,"column":99}},"line":80},"11":{"name":"(anonymous_11)","decl":{"start":{"line":93,"column":8},"end":{"line":93,"column":9}},"loc":{"start":{"line":93,"column":25},"end":{"line":93,"column":92}},"line":93},"12":{"name":"(anonymous_12)","decl":{"start":{"line":142,"column":21},"end":{"line":142,"column":22}},"loc":{"start":{"line":142,"column":27},"end":{"line":145,"column":13}},"line":142}},"branchMap":{"0":{"loc":{"start":{"line":46,"column":4},"end":{"line":59,"column":5}},"type":"if","locations":[{"start":{"line":46,"column":4},"end":{"line":59,"column":5}},{"start":{"line":48,"column":11},"end":{"line":59,"column":5}}],"line":46},"1":{"loc":{"start":{"line":49,"column":6},"end":{"line":51,"column":7}},"type":"if","locations":[{"start":{"line":49,"column":6},"end":{"line":51,"column":7}},{"start":{},"end":{}}],"line":49},"2":{"loc":{"start":{"line":49,"column":10},"end":{"line":49,"column":86}},"type":"binary-expr","locations":[{"start":{"line":49,"column":10},"end":{"line":49,"column":34}},{"start":{"line":49,"column":39},"end":{"line":49,"column":60}},{"start":{"line":49,"column":64},"end":{"line":49,"column":85}}],"line":49},"3":{"loc":{"start":{"line":52,"column":6},"end":{"line":54,"column":7}},"type":"if","locations":[{"start":{"line":52,"column":6},"end":{"line":54,"column":7}},{"start":{},"end":{}}],"line":52},"4":{"loc":{"start":{"line":52,"column":10},"end":{"line":52,"column":50}},"type":"binary-expr","locations":[{"start":{"line":52,"column":10},"end":{"line":52,"column":32}},{"start":{"line":52,"column":36},"end":{"line":52,"column":50}}],"line":52},"5":{"loc":{"start":{"line":55,"column":6},"end":{"line":57,"column":7}},"type":"if","locations":[{"start":{"line":55,"column":6},"end":{"line":57,"column":7}},{"start":{},"end":{}}],"line":55},"6":{"loc":{"start":{"line":63,"column":4},"end":{"line":75,"column":5}},"type":"if","locations":[{"start":{"line":63,"column":4},"end":{"line":75,"column":5}},{"start":{"line":73,"column":11},"end":{"line":75,"column":5}}],"line":63},"7":{"loc":{"start":{"line":65,"column":13},"end":{"line":72,"column":13}},"type":"cond-expr","locations":[{"start":{"line":65,"column":26},"end":{"line":68,"column":29}},{"start":{"line":69,"column":10},"end":{"line":72,"column":13}}],"line":65},"8":{"loc":{"start":{"line":79,"column":4},"end":{"line":83,"column":5}},"type":"if","locations":[{"start":{"line":79,"column":4},"end":{"line":83,"column":5}},{"start":{"line":81,"column":11},"end":{"line":83,"column":5}}],"line":79},"9":{"loc":{"start":{"line":114,"column":7},"end":{"line":114,"column":143}},"type":"cond-expr","locations":[{"start":{"line":114,"column":26},"end":{"line":114,"column":135}},{"start":{"line":114,"column":138},"end":{"line":114,"column":143}}],"line":114},"10":{"loc":{"start":{"line":117,"column":7},"end":{"line":122,"column":15}},"type":"cond-expr","locations":[{"start":{"line":118,"column":8},"end":{"line":121,"column":11}},{"start":{"line":122,"column":10},"end":{"line":122,"column":15}}],"line":117},"11":{"loc":{"start":{"line":137,"column":9},"end":{"line":149,"column":9}},"type":"binary-expr","locations":[{"start":{"line":137,"column":9},"end":{"line":137,"column":22}},{"start":{"line":138,"column":10},"end":{"line":148,"column":19}}],"line":137}},"s":{"0":2,"1":68,"2":68,"3":68,"4":68,"5":68,"6":68,"7":0,"8":0,"9":0,"10":0,"11":0,"12":68,"13":52,"14":340,"15":232,"16":108,"17":0,"18":108,"19":0,"20":108,"21":0,"22":108,"23":68,"24":0,"25":0,"26":68,"27":68,"28":68,"29":108,"30":0,"31":68,"32":340,"33":0,"34":0},"f":{"0":68,"1":0,"2":0,"3":0,"4":0,"5":0,"6":52,"7":340,"8":68,"9":68,"10":108,"11":340,"12":0},"b":{"0":[232,108],"1":[0,108],"2":[108,108,0],"3":[0,108],"4":[108,108],"5":[0,108],"6":[0,68],"7":[0,0],"8":[68,0],"9":[64,4],"10":[0,68],"11":[68,68]},"_coverageSchema":"1a1c01bbd47fc00a2c39e90264f33305004495a9","hash":"1d39174e985d82f4c4e5db698b126b8ce7df992a"}
,"/Users/mtanaka/HackReactor/front-end-capstone/client/src/components/RatingsReview/ProgressBar.jsx": {"path":"/Users/mtanaka/HackReactor/front-end-capstone/client/src/components/RatingsReview/ProgressBar.jsx","statementMap":{"0":{"start":{"line":7,"column":6},"end":{"line":7,"column":11}},"1":{"start":{"line":9,"column":39},"end":{"line":9,"column":54}},"2":{"start":{"line":11,"column":26},"end":{"line":17,"column":3}},"3":{"start":{"line":19,"column":23},"end":{"line":25,"column":3}},"4":{"start":{"line":28,"column":4},"end":{"line":28,"column":32}},"5":{"start":{"line":31,"column":2},"end":{"line":54,"column":4}},"6":{"start":{"line":38,"column":10},"end":{"line":38,"column":25}},"7":{"start":{"line":39,"column":10},"end":{"line":39,"column":43}}},"fnMap":{"0":{"name":"ProgressBar","decl":{"start":{"line":4,"column":9},"end":{"line":4,"column":20}},"loc":{"start":{"line":4,"column":28},"end":{"line":55,"column":1}},"line":4},"1":{"name":"activateSort","decl":{"start":{"line":27,"column":11},"end":{"line":27,"column":23}},"loc":{"start":{"line":27,"column":26},"end":{"line":29,"column":3}},"line":27},"2":{"name":"(anonymous_2)","decl":{"start":{"line":37,"column":17},"end":{"line":37,"column":18}},"loc":{"start":{"line":37,"column":23},"end":{"line":40,"column":9}},"line":37}},"branchMap":{"0":{"loc":{"start":{"line":34,"column":15},"end":{"line":34,"column":51}},"type":"cond-expr","locations":[{"start":{"line":34,"column":29},"end":{"line":34,"column":46}},{"start":{"line":34,"column":49},"end":{"line":34,"column":51}}],"line":34},"1":{"loc":{"start":{"line":51,"column":9},"end":{"line":51,"column":19}},"type":"binary-expr","locations":[{"start":{"line":51,"column":9},"end":{"line":51,"column":14}},{"start":{"line":51,"column":18},"end":{"line":51,"column":19}}],"line":51}},"s":{"0":260,"1":260,"2":260,"3":260,"4":4,"5":260,"6":4,"7":4},"f":{"0":260,"1":4,"2":4},"b":{"0":[2,258],"1":[260,0]},"_coverageSchema":"1a1c01bbd47fc00a2c39e90264f33305004495a9","hash":"34cf6ac1242e3ea8931b775363d71bfd5ae348d8"}
,"/Users/mtanaka/HackReactor/front-end-capstone/client/src/components/RatingsReview/RatingBreakdown.jsx": {"path":"/Users/mtanaka/HackReactor/front-end-capstone/client/src/components/RatingsReview/RatingBreakdown.jsx","statementMap":{"0":{"start":{"line":15,"column":4},"end":{"line":15,"column":9}},"1":{"start":{"line":18,"column":26},"end":{"line":18,"column":38}},"2":{"start":{"line":20,"column":32},"end":{"line":20,"column":37}},"3":{"start":{"line":23,"column":4},"end":{"line":29,"column":42}},"4":{"start":{"line":28,"column":22},"end":{"line":28,"column":31}},"5":{"start":{"line":29,"column":23},"end":{"line":29,"column":39}},"6":{"start":{"line":32,"column":2},"end":{"line":42,"column":9}},"7":{"start":{"line":33,"column":4},"end":{"line":37,"column":40}},"8":{"start":{"line":35,"column":8},"end":{"line":35,"column":22}},"9":{"start":{"line":37,"column":22},"end":{"line":37,"column":38}},"10":{"start":{"line":39,"column":6},"end":{"line":41,"column":7}},"11":{"start":{"line":40,"column":8},"end":{"line":40,"column":20}},"12":{"start":{"line":45,"column":16},"end":{"line":45,"column":17}},"13":{"start":{"line":46,"column":16},"end":{"line":46,"column":17}},"14":{"start":{"line":47,"column":4},"end":{"line":52,"column":5}},"15":{"start":{"line":48,"column":6},"end":{"line":51,"column":9}},"16":{"start":{"line":49,"column":8},"end":{"line":49,"column":46}},"17":{"start":{"line":50,"column":8},"end":{"line":50,"column":40}},"18":{"start":{"line":53,"column":4},"end":{"line":53,"column":47}},"19":{"start":{"line":57,"column":4},"end":{"line":59,"column":5}},"20":{"start":{"line":58,"column":6},"end":{"line":58,"column":22}},"21":{"start":{"line":60,"column":4},"end":{"line":62,"column":5}},"22":{"start":{"line":61,"column":6},"end":{"line":61,"column":22}},"23":{"start":{"line":63,"column":4},"end":{"line":65,"column":5}},"24":{"start":{"line":64,"column":6},"end":{"line":64,"column":25}},"25":{"start":{"line":66,"column":4},"end":{"line":68,"column":5}},"26":{"start":{"line":67,"column":6},"end":{"line":67,"column":24}},"27":{"start":{"line":69,"column":4},"end":{"line":69,"column":21}},"28":{"start":{"line":72,"column":2},"end":{"line":113,"column":4}},"29":{"start":{"line":77,"column":27},"end":{"line":77,"column":110}},"30":{"start":{"line":91,"column":8},"end":{"line":99,"column":10}},"31":{"start":{"line":103,"column":8},"end":{"line":109,"column":14}}},"fnMap":{"0":{"name":"RatingBreakdown","decl":{"start":{"line":17,"column":24},"end":{"line":17,"column":39}},"loc":{"start":{"line":17,"column":47},"end":{"line":114,"column":1}},"line":17},"1":{"name":"getMeta","decl":{"start":{"line":22,"column":11},"end":{"line":22,"column":18}},"loc":{"start":{"line":22,"column":23},"end":{"line":30,"column":3}},"line":22},"2":{"name":"(anonymous_2)","decl":{"start":{"line":28,"column":12},"end":{"line":28,"column":13}},"loc":{"start":{"line":28,"column":22},"end":{"line":28,"column":31}},"line":28},"3":{"name":"(anonymous_3)","decl":{"start":{"line":29,"column":14},"end":{"line":29,"column":15}},"loc":{"start":{"line":29,"column":23},"end":{"line":29,"column":39}},"line":29},"4":{"name":"(anonymous_4)","decl":{"start":{"line":32,"column":12},"end":{"line":32,"column":13}},"loc":{"start":{"line":32,"column":18},"end":{"line":42,"column":3}},"line":32},"5":{"name":"(anonymous_5)","decl":{"start":{"line":34,"column":12},"end":{"line":34,"column":13}},"loc":{"start":{"line":34,"column":22},"end":{"line":36,"column":7}},"line":34},"6":{"name":"(anonymous_6)","decl":{"start":{"line":37,"column":13},"end":{"line":37,"column":14}},"loc":{"start":{"line":37,"column":22},"end":{"line":37,"column":38}},"line":37},"7":{"name":"(anonymous_7)","decl":{"start":{"line":39,"column":13},"end":{"line":39,"column":14}},"loc":{"start":{"line":39,"column":19},"end":{"line":41,"column":7}},"line":39},"8":{"name":"averageStars","decl":{"start":{"line":44,"column":11},"end":{"line":44,"column":23}},"loc":{"start":{"line":44,"column":35},"end":{"line":54,"column":3}},"line":44},"9":{"name":"(anonymous_9)","decl":{"start":{"line":48,"column":33},"end":{"line":48,"column":34}},"loc":{"start":{"line":48,"column":42},"end":{"line":51,"column":7}},"line":48},"10":{"name":"whichStar","decl":{"start":{"line":56,"column":11},"end":{"line":56,"column":20}},"loc":{"start":{"line":56,"column":36},"end":{"line":70,"column":3}},"line":56},"11":{"name":"(anonymous_11)","decl":{"start":{"line":77,"column":10},"end":{"line":77,"column":11}},"loc":{"start":{"line":77,"column":27},"end":{"line":77,"column":110}},"line":77},"12":{"name":"(anonymous_12)","decl":{"start":{"line":90,"column":42},"end":{"line":90,"column":43}},"loc":{"start":{"line":91,"column":8},"end":{"line":99,"column":10}},"line":91},"13":{"name":"(anonymous_13)","decl":{"start":{"line":102,"column":68},"end":{"line":102,"column":69}},"loc":{"start":{"line":103,"column":8},"end":{"line":109,"column":14}},"line":103}},"branchMap":{"0":{"loc":{"start":{"line":47,"column":4},"end":{"line":52,"column":5}},"type":"if","locations":[{"start":{"line":47,"column":4},"end":{"line":52,"column":5}},{"start":{},"end":{}}],"line":47},"1":{"loc":{"start":{"line":57,"column":4},"end":{"line":59,"column":5}},"type":"if","locations":[{"start":{"line":57,"column":4},"end":{"line":59,"column":5}},{"start":{},"end":{}}],"line":57},"2":{"loc":{"start":{"line":60,"column":4},"end":{"line":62,"column":5}},"type":"if","locations":[{"start":{"line":60,"column":4},"end":{"line":62,"column":5}},{"start":{},"end":{}}],"line":60},"3":{"loc":{"start":{"line":60,"column":8},"end":{"line":60,"column":84}},"type":"binary-expr","locations":[{"start":{"line":60,"column":8},"end":{"line":60,"column":32}},{"start":{"line":60,"column":37},"end":{"line":60,"column":58}},{"start":{"line":60,"column":62},"end":{"line":60,"column":83}}],"line":60},"4":{"loc":{"start":{"line":63,"column":4},"end":{"line":65,"column":5}},"type":"if","locations":[{"start":{"line":63,"column":4},"end":{"line":65,"column":5}},{"start":{},"end":{}}],"line":63},"5":{"loc":{"start":{"line":63,"column":8},"end":{"line":63,"column":48}},"type":"binary-expr","locations":[{"start":{"line":63,"column":8},"end":{"line":63,"column":30}},{"start":{"line":63,"column":34},"end":{"line":63,"column":48}}],"line":63},"6":{"loc":{"start":{"line":66,"column":4},"end":{"line":68,"column":5}},"type":"if","locations":[{"start":{"line":66,"column":4},"end":{"line":68,"column":5}},{"start":{},"end":{}}],"line":66},"7":{"loc":{"start":{"line":90,"column":7},"end":{"line":100,"column":16}},"type":"cond-expr","locations":[{"start":{"line":90,"column":22},"end":{"line":100,"column":8}},{"start":{"line":100,"column":11},"end":{"line":100,"column":16}}],"line":90},"8":{"loc":{"start":{"line":94,"column":24},"end":{"line":95,"column":36}},"type":"cond-expr","locations":[{"start":{"line":95,"column":14},"end":{"line":95,"column":32}},{"start":{"line":95,"column":35},"end":{"line":95,"column":36}}],"line":94},"9":{"loc":{"start":{"line":102,"column":7},"end":{"line":111,"column":15}},"type":"cond-expr","locations":[{"start":{"line":102,"column":30},"end":{"line":110,"column":8}},{"start":{"line":111,"column":10},"end":{"line":111,"column":15}}],"line":102}},"s":{"0":2,"1":76,"2":76,"3":24,"4":24,"5":0,"6":76,"7":24,"8":24,"9":0,"10":24,"11":24,"12":792,"13":792,"14":792,"15":624,"16":3120,"17":3120,"18":792,"19":380,"20":156,"21":224,"22":52,"23":172,"24":0,"25":172,"26":0,"27":172,"28":76,"29":380,"30":260,"31":208},"f":{"0":76,"1":24,"2":24,"3":0,"4":24,"5":24,"6":0,"7":24,"8":792,"9":3120,"10":380,"11":380,"12":260,"13":208},"b":{"0":[624,168],"1":[156,224],"2":[52,172],"3":[224,224,52],"4":[0,172],"5":[172,52],"6":[0,172],"7":[52,24],"8":[260,0],"9":[52,24]},"_coverageSchema":"1a1c01bbd47fc00a2c39e90264f33305004495a9","hash":"d554e845d986641fd8c12c5886466b64751e01a9"}
,"/Users/mtanaka/HackReactor/front-end-capstone/client/src/components/RatingsReview/ReviewImages.jsx": {"path":"/Users/mtanaka/HackReactor/front-end-capstone/client/src/components/RatingsReview/ReviewImages.jsx","statementMap":{"0":{"start":{"line":4,"column":30},"end":{"line":4,"column":45}},"1":{"start":{"line":7,"column":4},"end":{"line":7,"column":23}},"2":{"start":{"line":10,"column":2},"end":{"line":32,"column":4}}},"fnMap":{"0":{"name":"ReviewImages","decl":{"start":{"line":3,"column":9},"end":{"line":3,"column":21}},"loc":{"start":{"line":3,"column":29},"end":{"line":33,"column":1}},"line":3},"1":{"name":"togglePopup","decl":{"start":{"line":6,"column":11},"end":{"line":6,"column":22}},"loc":{"start":{"line":6,"column":25},"end":{"line":8,"column":3}},"line":6}},"branchMap":{"0":{"loc":{"start":{"line":23,"column":7},"end":{"line":30,"column":7}},"type":"binary-expr","locations":[{"start":{"line":23,"column":7},"end":{"line":23,"column":13}},{"start":{"line":24,"column":6},"end":{"line":29,"column":12}}],"line":23}},"s":{"0":110,"1":2,"2":110},"f":{"0":110,"1":2},"b":{"0":[110,2]},"_coverageSchema":"1a1c01bbd47fc00a2c39e90264f33305004495a9","hash":"bf6c327658d4097dc8b580b2374d5bc7dcd339e3"}
,"/Users/mtanaka/HackReactor/front-end-capstone/client/src/components/RatingsReview/StarRating.jsx": {"path":"/Users/mtanaka/HackReactor/front-end-capstone/client/src/components/RatingsReview/StarRating.jsx","statementMap":{"0":{"start":{"line":7,"column":4},"end":{"line":7,"column":9}},"1":{"start":{"line":10,"column":24},"end":{"line":10,"column":29}},"2":{"start":{"line":11,"column":30},"end":{"line":11,"column":41}},"3":{"start":{"line":12,"column":28},"end":{"line":12,"column":39}},"4":{"start":{"line":14,"column":2},"end":{"line":16,"column":15}},"5":{"start":{"line":15,"column":4},"end":{"line":15,"column":32}},"6":{"start":{"line":18,"column":2},"end":{"line":36,"column":4}},"7":{"start":{"line":21,"column":8},"end":{"line":21,"column":19}},"8":{"start":{"line":22,"column":8},"end":{"line":33,"column":10}},"9":{"start":{"line":27,"column":27},"end":{"line":27,"column":43}},"10":{"start":{"line":28,"column":32},"end":{"line":28,"column":47}},"11":{"start":{"line":29,"column":32},"end":{"line":29,"column":48}}},"fnMap":{"0":{"name":"StarRating","decl":{"start":{"line":9,"column":9},"end":{"line":9,"column":19}},"loc":{"start":{"line":9,"column":27},"end":{"line":37,"column":1}},"line":9},"1":{"name":"(anonymous_1)","decl":{"start":{"line":14,"column":12},"end":{"line":14,"column":13}},"loc":{"start":{"line":14,"column":18},"end":{"line":16,"column":3}},"line":14},"2":{"name":"(anonymous_2)","decl":{"start":{"line":20,"column":25},"end":{"line":20,"column":26}},"loc":{"start":{"line":20,"column":42},"end":{"line":34,"column":7}},"line":20},"3":{"name":"(anonymous_3)","decl":{"start":{"line":27,"column":21},"end":{"line":27,"column":22}},"loc":{"start":{"line":27,"column":27},"end":{"line":27,"column":43}},"line":27},"4":{"name":"(anonymous_4)","decl":{"start":{"line":28,"column":26},"end":{"line":28,"column":27}},"loc":{"start":{"line":28,"column":32},"end":{"line":28,"column":47}},"line":28},"5":{"name":"(anonymous_5)","decl":{"start":{"line":29,"column":26},"end":{"line":29,"column":27}},"loc":{"start":{"line":29,"column":32},"end":{"line":29,"column":48}},"line":29}},"branchMap":{"0":{"loc":{"start":{"line":31,"column":36},"end":{"line":31,"column":85}},"type":"cond-expr","locations":[{"start":{"line":31,"column":65},"end":{"line":31,"column":73}},{"start":{"line":31,"column":76},"end":{"line":31,"column":85}}],"line":31},"1":{"loc":{"start":{"line":31,"column":46},"end":{"line":31,"column":61}},"type":"binary-expr","locations":[{"start":{"line":31,"column":46},"end":{"line":31,"column":51}},{"start":{"line":31,"column":55},"end":{"line":31,"column":61}}],"line":31}},"s":{"0":2,"1":18,"2":18,"3":18,"4":18,"5":6,"6":18,"7":90,"8":90,"9":0,"10":0,"11":0},"f":{"0":18,"1":6,"2":90,"3":0,"4":0,"5":0},"b":{"0":[0,90],"1":[90,90]},"_coverageSchema":"1a1c01bbd47fc00a2c39e90264f33305004495a9","hash":"23e48fb4e35a971cfb1468ebedf8950329eb9284"}
,"/Users/mtanaka/HackReactor/front-end-capstone/client/src/components/RatingsReview/WriteReview.jsx": {"path":"/Users/mtanaka/HackReactor/front-end-capstone/client/src/components/RatingsReview/WriteReview.jsx","statementMap":{"0":{"start":{"line":7,"column":30},"end":{"line":7,"column":45}},"1":{"start":{"line":8,"column":34},"end":{"line":8,"column":46}},"2":{"start":{"line":9,"column":34},"end":{"line":9,"column":46}},"3":{"start":{"line":10,"column":32},"end":{"line":10,"column":44}},"4":{"start":{"line":11,"column":30},"end":{"line":11,"column":42}},"5":{"start":{"line":12,"column":32},"end":{"line":12,"column":44}},"6":{"start":{"line":13,"column":32},"end":{"line":13,"column":44}},"7":{"start":{"line":15,"column":32},"end":{"line":15,"column":37}},"8":{"start":{"line":17,"column":2},"end":{"line":17,"column":81}},"9":{"start":{"line":18,"column":2},"end":{"line":18,"column":56}},"10":{"start":{"line":21,"column":4},"end":{"line":21,"column":23}},"11":{"start":{"line":24,"column":2},"end":{"line":33,"column":9}},"12":{"start":{"line":25,"column":4},"end":{"line":32,"column":10}},"13":{"start":{"line":30,"column":8},"end":{"line":30,"column":48}},"14":{"start":{"line":31,"column":8},"end":{"line":31,"column":37}},"15":{"start":{"line":36,"column":20},"end":{"line":36,"column":34}},"16":{"start":{"line":37,"column":4},"end":{"line":37,"column":33}},"17":{"start":{"line":38,"column":4},"end":{"line":38,"column":24}},"18":{"start":{"line":42,"column":4},"end":{"line":81,"column":5}},"19":{"start":{"line":43,"column":6},"end":{"line":80,"column":8}},"20":{"start":{"line":45,"column":10},"end":{"line":77,"column":16}},"21":{"start":{"line":50,"column":92},"end":{"line":50,"column":139}},"22":{"start":{"line":85,"column":4},"end":{"line":89,"column":5}},"23":{"start":{"line":86,"column":26},"end":{"line":86,"column":38}},"24":{"start":{"line":87,"column":6},"end":{"line":87,"column":31}},"25":{"start":{"line":88,"column":6},"end":{"line":88,"column":30}},"26":{"start":{"line":92,"column":20},"end":{"line":96,"column":3}},"27":{"start":{"line":93,"column":20},"end":{"line":93,"column":34}},"28":{"start":{"line":94,"column":4},"end":{"line":94,"column":25}},"29":{"start":{"line":95,"column":4},"end":{"line":95,"column":24}},"30":{"start":{"line":99,"column":4},"end":{"line":99,"column":23}},"31":{"start":{"line":100,"column":4},"end":{"line":113,"column":5}},"32":{"start":{"line":102,"column":26},"end":{"line":102,"column":40}},"33":{"start":{"line":103,"column":6},"end":{"line":103,"column":44}},"34":{"start":{"line":104,"column":6},"end":{"line":104,"column":35}},"35":{"start":{"line":105,"column":6},"end":{"line":105,"column":35}},"36":{"start":{"line":106,"column":6},"end":{"line":106,"column":31}},"37":{"start":{"line":107,"column":6},"end":{"line":112,"column":51}},"38":{"start":{"line":109,"column":10},"end":{"line":109,"column":24}},"39":{"start":{"line":110,"column":10},"end":{"line":110,"column":25}},"40":{"start":{"line":112,"column":24},"end":{"line":112,"column":49}},"41":{"start":{"line":116,"column":2},"end":{"line":221,"column":4}},"42":{"start":{"line":131,"column":33},"end":{"line":131,"column":46}},"43":{"start":{"line":137,"column":128},"end":{"line":137,"column":178}},"44":{"start":{"line":157,"column":31},"end":{"line":157,"column":67}},"45":{"start":{"line":169,"column":31},"end":{"line":169,"column":64}},"46":{"start":{"line":174,"column":14},"end":{"line":180,"column":16}},"47":{"start":{"line":187,"column":65},"end":{"line":187,"column":90}},"48":{"start":{"line":201,"column":31},"end":{"line":201,"column":64}},"49":{"start":{"line":211,"column":31},"end":{"line":211,"column":65}}},"fnMap":{"0":{"name":"WriteReview","decl":{"start":{"line":6,"column":9},"end":{"line":6,"column":20}},"loc":{"start":{"line":6,"column":28},"end":{"line":222,"column":1}},"line":6},"1":{"name":"togglePopup","decl":{"start":{"line":20,"column":11},"end":{"line":20,"column":22}},"loc":{"start":{"line":20,"column":25},"end":{"line":22,"column":3}},"line":20},"2":{"name":"(anonymous_2)","decl":{"start":{"line":24,"column":12},"end":{"line":24,"column":13}},"loc":{"start":{"line":24,"column":18},"end":{"line":33,"column":3}},"line":24},"3":{"name":"(anonymous_3)","decl":{"start":{"line":29,"column":25},"end":{"line":29,"column":26}},"loc":{"start":{"line":29,"column":43},"end":{"line":32,"column":7}},"line":29},"4":{"name":"buildCharObj","decl":{"start":{"line":35,"column":11},"end":{"line":35,"column":23}},"loc":{"start":{"line":35,"column":36},"end":{"line":39,"column":3}},"line":35},"5":{"name":"renderChars","decl":{"start":{"line":41,"column":11},"end":{"line":41,"column":22}},"loc":{"start":{"line":41,"column":25},"end":{"line":82,"column":3}},"line":41},"6":{"name":"(anonymous_6)","decl":{"start":{"line":44,"column":34},"end":{"line":44,"column":35}},"loc":{"start":{"line":45,"column":10},"end":{"line":77,"column":16}},"line":45},"7":{"name":"(anonymous_7)","decl":{"start":{"line":50,"column":85},"end":{"line":50,"column":86}},"loc":{"start":{"line":50,"column":92},"end":{"line":50,"column":139}},"line":50},"8":{"name":"imgButtonClick","decl":{"start":{"line":84,"column":11},"end":{"line":84,"column":25}},"loc":{"start":{"line":84,"column":28},"end":{"line":90,"column":3}},"line":84},"9":{"name":"(anonymous_9)","decl":{"start":{"line":92,"column":20},"end":{"line":92,"column":21}},"loc":{"start":{"line":92,"column":36},"end":{"line":96,"column":3}},"line":92},"10":{"name":"postSubmit","decl":{"start":{"line":98,"column":11},"end":{"line":98,"column":21}},"loc":{"start":{"line":98,"column":25},"end":{"line":114,"column":3}},"line":98},"11":{"name":"(anonymous_11)","decl":{"start":{"line":108,"column":14},"end":{"line":108,"column":15}},"loc":{"start":{"line":108,"column":20},"end":{"line":111,"column":9}},"line":108},"12":{"name":"(anonymous_12)","decl":{"start":{"line":112,"column":15},"end":{"line":112,"column":16}},"loc":{"start":{"line":112,"column":24},"end":{"line":112,"column":49}},"line":112},"13":{"name":"(anonymous_13)","decl":{"start":{"line":131,"column":26},"end":{"line":131,"column":27}},"loc":{"start":{"line":131,"column":33},"end":{"line":131,"column":46}},"line":131},"14":{"name":"(anonymous_14)","decl":{"start":{"line":137,"column":121},"end":{"line":137,"column":122}},"loc":{"start":{"line":137,"column":128},"end":{"line":137,"column":178}},"line":137},"15":{"name":"(anonymous_15)","decl":{"start":{"line":157,"column":24},"end":{"line":157,"column":25}},"loc":{"start":{"line":157,"column":31},"end":{"line":157,"column":67}},"line":157},"16":{"name":"(anonymous_16)","decl":{"start":{"line":169,"column":24},"end":{"line":169,"column":25}},"loc":{"start":{"line":169,"column":31},"end":{"line":169,"column":64}},"line":169},"17":{"name":"(anonymous_17)","decl":{"start":{"line":173,"column":46},"end":{"line":173,"column":47}},"loc":{"start":{"line":174,"column":14},"end":{"line":180,"column":16}},"line":174},"18":{"name":"(anonymous_18)","decl":{"start":{"line":187,"column":58},"end":{"line":187,"column":59}},"loc":{"start":{"line":187,"column":65},"end":{"line":187,"column":90}},"line":187},"19":{"name":"(anonymous_19)","decl":{"start":{"line":201,"column":24},"end":{"line":201,"column":25}},"loc":{"start":{"line":201,"column":31},"end":{"line":201,"column":64}},"line":201},"20":{"name":"(anonymous_20)","decl":{"start":{"line":211,"column":24},"end":{"line":211,"column":25}},"loc":{"start":{"line":211,"column":31},"end":{"line":211,"column":65}},"line":211}},"branchMap":{"0":{"loc":{"start":{"line":42,"column":4},"end":{"line":81,"column":5}},"type":"if","locations":[{"start":{"line":42,"column":4},"end":{"line":81,"column":5}},{"start":{},"end":{}}],"line":42},"1":{"loc":{"start":{"line":85,"column":4},"end":{"line":89,"column":5}},"type":"if","locations":[{"start":{"line":85,"column":4},"end":{"line":89,"column":5}},{"start":{},"end":{}}],"line":85},"2":{"loc":{"start":{"line":100,"column":4},"end":{"line":113,"column":5}},"type":"if","locations":[{"start":{"line":100,"column":4},"end":{"line":113,"column":5}},{"start":{},"end":{}}],"line":100},"3":{"loc":{"start":{"line":100,"column":8},"end":{"line":101,"column":52}},"type":"binary-expr","locations":[{"start":{"line":100,"column":8},"end":{"line":100,"column":22}},{"start":{"line":100,"column":27},"end":{"line":100,"column":58}},{"start":{"line":100,"column":63},"end":{"line":100,"column":96}},{"start":{"line":101,"column":7},"end":{"line":101,"column":19}},{"start":{"line":101,"column":23},"end":{"line":101,"column":35}},{"start":{"line":101,"column":39},"end":{"line":101,"column":52}}],"line":100},"4":{"loc":{"start":{"line":120,"column":7},"end":{"line":219,"column":7}},"type":"binary-expr","locations":[{"start":{"line":120,"column":7},"end":{"line":120,"column":13}},{"start":{"line":121,"column":6},"end":{"line":218,"column":12}}],"line":120},"5":{"loc":{"start":{"line":173,"column":13},"end":{"line":181,"column":22}},"type":"cond-expr","locations":[{"start":{"line":173,"column":34},"end":{"line":181,"column":14}},{"start":{"line":181,"column":17},"end":{"line":181,"column":22}}],"line":173},"6":{"loc":{"start":{"line":183,"column":13},"end":{"line":191,"column":21}},"type":"cond-expr","locations":[{"start":{"line":185,"column":16},"end":{"line":189,"column":19}},{"start":{"line":191,"column":16},"end":{"line":191,"column":21}}],"line":183}},"s":{"0":118,"1":116,"2":116,"3":116,"4":116,"5":116,"6":116,"7":116,"8":116,"9":116,"10":6,"11":116,"12":24,"13":24,"14":24,"15":0,"16":0,"17":0,"18":18,"19":18,"20":72,"21":0,"22":2,"23":2,"24":2,"25":2,"26":116,"27":8,"28":8,"29":8,"30":2,"31":2,"32":0,"33":0,"34":0,"35":0,"36":0,"37":0,"38":0,"39":0,"40":0,"41":116,"42":2,"43":0,"44":2,"45":0,"46":2,"47":2,"48":0,"49":0},"f":{"0":118,"1":6,"2":24,"3":24,"4":0,"5":18,"6":72,"7":0,"8":2,"9":8,"10":2,"11":0,"12":0,"13":2,"14":0,"15":2,"16":0,"17":2,"18":2,"19":0,"20":0},"b":{"0":[18,0],"1":[2,0],"2":[0,2],"3":[2,0,0,0,0,0],"4":[116,18],"5":[2,16],"6":[18,0]},"_coverageSchema":"1a1c01bbd47fc00a2c39e90264f33305004495a9","hash":"d7f109d026584dddf08ac88a4d38f468ea19e2fb"}
,"/Users/mtanaka/HackReactor/front-end-capstone/client/src/components/RatingsReview/ratingexampledata/stars.js": {"path":"/Users/mtanaka/HackReactor/front-end-capstone/client/src/components/RatingsReview/ratingexampledata/stars.js","statementMap":{},"fnMap":{},"branchMap":{},"s":{},"f":{},"b":{},"_coverageSchema":"1a1c01bbd47fc00a2c39e90264f33305004495a9","hash":"5eee4f03a97134c5dfcdf5ad4b295c8e3662ebd4"}
,"/Users/mtanaka/HackReactor/front-end-capstone/client/src/components/RelatedItemsAndOutfit/CardCarousel.jsx": {"path":"/Users/mtanaka/HackReactor/front-end-capstone/client/src/components/RelatedItemsAndOutfit/CardCarousel.jsx","statementMap":{"0":{"start":{"line":11,"column":19},"end":{"line":33,"column":1}},"1":{"start":{"line":38,"column":6},"end":{"line":38,"column":11}},"2":{"start":{"line":40,"column":2},"end":{"line":77,"column":3}},"3":{"start":{"line":41,"column":22},"end":{"line":41,"column":54}},"4":{"start":{"line":42,"column":4},"end":{"line":76,"column":6}},"5":{"start":{"line":67,"column":10},"end":{"line":73,"column":12}},"6":{"start":{"line":78,"column":2},"end":{"line":108,"column":4}},"7":{"start":{"line":98,"column":8},"end":{"line":104,"column":10}}},"fnMap":{"0":{"name":"CardCarousel","decl":{"start":{"line":35,"column":9},"end":{"line":35,"column":21}},"loc":{"start":{"line":35,"column":29},"end":{"line":109,"column":1}},"line":35},"1":{"name":"(anonymous_1)","decl":{"start":{"line":66,"column":25},"end":{"line":66,"column":26}},"loc":{"start":{"line":67,"column":10},"end":{"line":73,"column":12}},"line":67},"2":{"name":"(anonymous_2)","decl":{"start":{"line":97,"column":23},"end":{"line":97,"column":24}},"loc":{"start":{"line":98,"column":8},"end":{"line":104,"column":10}},"line":98}},"branchMap":{"0":{"loc":{"start":{"line":40,"column":2},"end":{"line":77,"column":3}},"type":"if","locations":[{"start":{"line":40,"column":2},"end":{"line":77,"column":3}},{"start":{},"end":{}}],"line":40}},"s":{"0":2,"1":184,"2":182,"3":48,"4":48,"5":0,"6":134,"7":528},"f":{"0":184,"1":0,"2":528},"b":{"0":[48,134]},"_coverageSchema":"1a1c01bbd47fc00a2c39e90264f33305004495a9","hash":"dabb2e73f6d6b3f011fc5f3b4fb26b19a6c28707"}
,"/Users/mtanaka/HackReactor/front-end-capstone/client/src/components/RelatedItemsAndOutfit/Comparison.jsx": {"path":"/Users/mtanaka/HackReactor/front-end-capstone/client/src/components/RelatedItemsAndOutfit/Comparison.jsx","statementMap":{"0":{"start":{"line":5,"column":69},"end":{"line":5,"column":74}},"1":{"start":{"line":7,"column":24},"end":{"line":32,"column":3}},"2":{"start":{"line":8,"column":23},"end":{"line":13,"column":5}},"3":{"start":{"line":15,"column":4},"end":{"line":18,"column":5}},"4":{"start":{"line":15,"column":17},"end":{"line":15,"column":18}},"5":{"start":{"line":16,"column":33},"end":{"line":16,"column":62}},"6":{"start":{"line":17,"column":6},"end":{"line":17,"column":52}},"7":{"start":{"line":20,"column":4},"end":{"line":29,"column":5}},"8":{"start":{"line":20,"column":17},"end":{"line":20,"column":18}},"9":{"start":{"line":21,"column":33},"end":{"line":21,"column":61}},"10":{"start":{"line":22,"column":20},"end":{"line":22,"column":77}},"11":{"start":{"line":22,"column":50},"end":{"line":22,"column":76}},"12":{"start":{"line":24,"column":6},"end":{"line":28,"column":7}},"13":{"start":{"line":25,"column":8},"end":{"line":25,"column":54}},"14":{"start":{"line":27,"column":8},"end":{"line":27,"column":55}},"15":{"start":{"line":31,"column":4},"end":{"line":31,"column":22}},"16":{"start":{"line":34,"column":25},"end":{"line":34,"column":76}},"17":{"start":{"line":36,"column":2},"end":{"line":57,"column":4}},"18":{"start":{"line":46,"column":10},"end":{"line":50,"column":15}}},"fnMap":{"0":{"name":"Comparison","decl":{"start":{"line":4,"column":9},"end":{"line":4,"column":19}},"loc":{"start":{"line":4,"column":27},"end":{"line":58,"column":1}},"line":4},"1":{"name":"(anonymous_1)","decl":{"start":{"line":7,"column":24},"end":{"line":7,"column":25}},"loc":{"start":{"line":7,"column":47},"end":{"line":32,"column":3}},"line":7},"2":{"name":"(anonymous_2)","decl":{"start":{"line":22,"column":41},"end":{"line":22,"column":42}},"loc":{"start":{"line":22,"column":50},"end":{"line":22,"column":76}},"line":22},"3":{"name":"(anonymous_3)","decl":{"start":{"line":45,"column":28},"end":{"line":45,"column":29}},"loc":{"start":{"line":46,"column":10},"end":{"line":50,"column":15}},"line":46}},"branchMap":{"0":{"loc":{"start":{"line":24,"column":6},"end":{"line":28,"column":7}},"type":"if","locations":[{"start":{"line":24,"column":6},"end":{"line":28,"column":7}},{"start":{"line":26,"column":13},"end":{"line":28,"column":7}}],"line":24}},"s":{"0":0,"1":0,"2":0,"3":0,"4":0,"5":0,"6":0,"7":0,"8":0,"9":0,"10":0,"11":0,"12":0,"13":0,"14":0,"15":0,"16":0,"17":0,"18":0},"f":{"0":0,"1":0,"2":0,"3":0},"b":{"0":[0,0]},"_coverageSchema":"1a1c01bbd47fc00a2c39e90264f33305004495a9","hash":"6e94868270bf396ad86e8c62b3e1e864540c82da"}
,"/Users/mtanaka/HackReactor/front-end-capstone/client/src/components/RelatedItemsAndOutfit/OutfitList.jsx": {"path":"/Users/mtanaka/HackReactor/front-end-capstone/client/src/components/RelatedItemsAndOutfit/OutfitList.jsx","statementMap":{"0":{"start":{"line":8,"column":25},"end":{"line":8,"column":30}},"1":{"start":{"line":9,"column":36},"end":{"line":9,"column":48}},"2":{"start":{"line":15,"column":22},"end":{"line":40,"column":3}},"3":{"start":{"line":16,"column":4},"end":{"line":18,"column":5}},"4":{"start":{"line":17,"column":6},"end":{"line":17,"column":75}},"5":{"start":{"line":19,"column":4},"end":{"line":25,"column":5}},"6":{"start":{"line":20,"column":29},"end":{"line":20,"column":82}},"7":{"start":{"line":21,"column":6},"end":{"line":21,"column":58}},"8":{"start":{"line":22,"column":25},"end":{"line":22,"column":58}},"9":{"start":{"line":23,"column":6},"end":{"line":23,"column":76}},"10":{"start":{"line":24,"column":6},"end":{"line":24,"column":31}},"11":{"start":{"line":42,"column":24},"end":{"line":64,"column":3}},"12":{"start":{"line":43,"column":27},"end":{"line":43,"column":80}},"13":{"start":{"line":44,"column":4},"end":{"line":44,"column":56}},"14":{"start":{"line":46,"column":4},"end":{"line":46,"column":74}},"15":{"start":{"line":47,"column":4},"end":{"line":47,"column":78}},"16":{"start":{"line":48,"column":4},"end":{"line":48,"column":33}},"17":{"start":{"line":71,"column":2},"end":{"line":78,"column":9}},"18":{"start":{"line":72,"column":4},"end":{"line":77,"column":5}},"19":{"start":{"line":73,"column":6},"end":{"line":73,"column":23}},"20":{"start":{"line":75,"column":29},"end":{"line":75,"column":82}},"21":{"start":{"line":76,"column":6},"end":{"line":76,"column":35}},"22":{"start":{"line":80,"column":2},"end":{"line":89,"column":4}}},"fnMap":{"0":{"name":"OutfitList","decl":{"start":{"line":7,"column":9},"end":{"line":7,"column":19}},"loc":{"start":{"line":7,"column":27},"end":{"line":90,"column":1}},"line":7},"1":{"name":"(anonymous_1)","decl":{"start":{"line":15,"column":22},"end":{"line":15,"column":23}},"loc":{"start":{"line":15,"column":28},"end":{"line":40,"column":3}},"line":15},"2":{"name":"(anonymous_2)","decl":{"start":{"line":42,"column":24},"end":{"line":42,"column":25}},"loc":{"start":{"line":42,"column":31},"end":{"line":64,"column":3}},"line":42},"3":{"name":"(anonymous_3)","decl":{"start":{"line":71,"column":12},"end":{"line":71,"column":13}},"loc":{"start":{"line":71,"column":18},"end":{"line":78,"column":3}},"line":71}},"branchMap":{"0":{"loc":{"start":{"line":16,"column":4},"end":{"line":18,"column":5}},"type":"if","locations":[{"start":{"line":16,"column":4},"end":{"line":18,"column":5}},{"start":{},"end":{}}],"line":16},"1":{"loc":{"start":{"line":19,"column":4},"end":{"line":25,"column":5}},"type":"if","locations":[{"start":{"line":19,"column":4},"end":{"line":25,"column":5}},{"start":{},"end":{}}],"line":19},"2":{"loc":{"start":{"line":72,"column":4},"end":{"line":77,"column":5}},"type":"if","locations":[{"start":{"line":72,"column":4},"end":{"line":77,"column":5}},{"start":{"line":74,"column":11},"end":{"line":77,"column":5}}],"line":72}},"s":{"0":48,"1":48,"2":48,"3":0,"4":0,"5":0,"6":0,"7":0,"8":0,"9":0,"10":0,"11":48,"12":0,"13":0,"14":0,"15":0,"16":0,"17":48,"18":24,"19":24,"20":0,"21":0,"22":48},"f":{"0":48,"1":0,"2":0,"3":24},"b":{"0":[0,0],"1":[0,0],"2":[24,0]},"_coverageSchema":"1a1c01bbd47fc00a2c39e90264f33305004495a9","hash":"6318c00e650f47277c74f712f9309e198824925c"}
,"/Users/mtanaka/HackReactor/front-end-capstone/client/src/components/RelatedItemsAndOutfit/ProductCard.jsx": {"path":"/Users/mtanaka/HackReactor/front-end-capstone/client/src/components/RelatedItemsAndOutfit/ProductCard.jsx","statementMap":{"0":{"start":{"line":19,"column":4},"end":{"line":19,"column":9}},"1":{"start":{"line":24,"column":6},"end":{"line":24,"column":11}},"2":{"start":{"line":25,"column":34},"end":{"line":25,"column":46}},"3":{"start":{"line":26,"column":36},"end":{"line":26,"column":50}},"4":{"start":{"line":27,"column":38},"end":{"line":27,"column":52}},"5":{"start":{"line":28,"column":34},"end":{"line":28,"column":120}},"6":{"start":{"line":29,"column":46},"end":{"line":29,"column":61}},"7":{"start":{"line":31,"column":2},"end":{"line":31,"column":81}},"8":{"start":{"line":32,"column":2},"end":{"line":32,"column":56}},"9":{"start":{"line":35,"column":4},"end":{"line":37,"column":5}},"10":{"start":{"line":36,"column":6},"end":{"line":36,"column":22}},"11":{"start":{"line":38,"column":4},"end":{"line":40,"column":5}},"12":{"start":{"line":39,"column":6},"end":{"line":39,"column":22}},"13":{"start":{"line":41,"column":4},"end":{"line":43,"column":5}},"14":{"start":{"line":42,"column":6},"end":{"line":42,"column":25}},"15":{"start":{"line":44,"column":4},"end":{"line":46,"column":5}},"16":{"start":{"line":45,"column":6},"end":{"line":45,"column":24}},"17":{"start":{"line":47,"column":4},"end":{"line":47,"column":21}},"18":{"start":{"line":50,"column":27},"end":{"line":52,"column":3}},"19":{"start":{"line":51,"column":4},"end":{"line":51,"column":39}},"20":{"start":{"line":54,"column":21},"end":{"line":67,"column":3}},"21":{"start":{"line":55,"column":21},"end":{"line":55,"column":22}},"22":{"start":{"line":56,"column":20},"end":{"line":56,"column":21}},"23":{"start":{"line":58,"column":4},"end":{"line":62,"column":7}},"24":{"start":{"line":59,"column":20},"end":{"line":59,"column":57}},"25":{"start":{"line":60,"column":6},"end":{"line":60,"column":37}},"26":{"start":{"line":61,"column":6},"end":{"line":61,"column":26}},"27":{"start":{"line":64,"column":19},"end":{"line":64,"column":41}},"28":{"start":{"line":66,"column":4},"end":{"line":66,"column":39}},"29":{"start":{"line":69,"column":22},"end":{"line":84,"column":3}},"30":{"start":{"line":70,"column":4},"end":{"line":83,"column":39}},"31":{"start":{"line":74,"column":12},"end":{"line":74,"column":25}},"32":{"start":{"line":75,"column":8},"end":{"line":81,"column":11}},"33":{"start":{"line":83,"column":22},"end":{"line":83,"column":38}},"34":{"start":{"line":86,"column":29},"end":{"line":109,"column":3}},"35":{"start":{"line":87,"column":4},"end":{"line":108,"column":39}},"36":{"start":{"line":89,"column":28},"end":{"line":89,"column":56}},"37":{"start":{"line":90,"column":34},"end":{"line":90,"column":82}},"38":{"start":{"line":91,"column":8},"end":{"line":103,"column":9}},"39":{"start":{"line":91,"column":21},"end":{"line":91,"column":22}},"40":{"start":{"line":92,"column":28},"end":{"line":92,"column":64}},"41":{"start":{"line":93,"column":30},"end":{"line":93,"column":65}},"42":{"start":{"line":94,"column":31},"end":{"line":94,"column":79}},"43":{"start":{"line":95,"column":10},"end":{"line":102,"column":11}},"44":{"start":{"line":96,"column":12},"end":{"line":98,"column":13}},"45":{"start":{"line":97,"column":14},"end":{"line":97,"column":40}},"46":{"start":{"line":99,"column":12},"end":{"line":101,"column":13}},"47":{"start":{"line":100,"column":14},"end":{"line":100,"column":40}},"48":{"start":{"line":104,"column":8},"end":{"line":106,"column":9}},"49":{"start":{"line":105,"column":10},"end":{"line":105,"column":41}},"50":{"start":{"line":108,"column":22},"end":{"line":108,"column":38}},"51":{"start":{"line":111,"column":28},"end":{"line":121,"column":3}},"52":{"start":{"line":112,"column":4},"end":{"line":120,"column":39}},"53":{"start":{"line":118,"column":8},"end":{"line":118,"column":57}},"54":{"start":{"line":120,"column":22},"end":{"line":120,"column":38}},"55":{"start":{"line":123,"column":28},"end":{"line":128,"column":3}},"56":{"start":{"line":124,"column":4},"end":{"line":127,"column":39}},"57":{"start":{"line":127,"column":22},"end":{"line":127,"column":38}},"58":{"start":{"line":130,"column":2},"end":{"line":132,"column":9}},"59":{"start":{"line":131,"column":4},"end":{"line":131,"column":30}},"60":{"start":{"line":136,"column":2},"end":{"line":227,"column":4}},"61":{"start":{"line":219,"column":33},"end":{"line":219,"column":97}}},"fnMap":{"0":{"name":"ProductCard","decl":{"start":{"line":21,"column":9},"end":{"line":21,"column":20}},"loc":{"start":{"line":21,"column":28},"end":{"line":228,"column":1}},"line":21},"1":{"name":"whichStar","decl":{"start":{"line":34,"column":11},"end":{"line":34,"column":20}},"loc":{"start":{"line":34,"column":36},"end":{"line":48,"column":3}},"line":34},"2":{"name":"(anonymous_2)","decl":{"start":{"line":50,"column":27},"end":{"line":50,"column":28}},"loc":{"start":{"line":50,"column":33},"end":{"line":52,"column":3}},"line":50},"3":{"name":"(anonymous_3)","decl":{"start":{"line":54,"column":21},"end":{"line":54,"column":22}},"loc":{"start":{"line":54,"column":33},"end":{"line":67,"column":3}},"line":54},"4":{"name":"(anonymous_4)","decl":{"start":{"line":58,"column":35},"end":{"line":58,"column":36}},"loc":{"start":{"line":58,"column":47},"end":{"line":62,"column":5}},"line":58},"5":{"name":"(anonymous_5)","decl":{"start":{"line":69,"column":22},"end":{"line":69,"column":23}},"loc":{"start":{"line":70,"column":4},"end":{"line":83,"column":39}},"line":70},"6":{"name":"(anonymous_6)","decl":{"start":{"line":71,"column":12},"end":{"line":71,"column":13}},"loc":{"start":{"line":71,"column":26},"end":{"line":82,"column":7}},"line":71},"7":{"name":"(anonymous_7)","decl":{"start":{"line":83,"column":13},"end":{"line":83,"column":14}},"loc":{"start":{"line":83,"column":22},"end":{"line":83,"column":38}},"line":83},"8":{"name":"(anonymous_8)","decl":{"start":{"line":86,"column":29},"end":{"line":86,"column":30}},"loc":{"start":{"line":87,"column":4},"end":{"line":108,"column":39}},"line":87},"9":{"name":"(anonymous_9)","decl":{"start":{"line":88,"column":12},"end":{"line":88,"column":13}},"loc":{"start":{"line":88,"column":26},"end":{"line":107,"column":7}},"line":88},"10":{"name":"(anonymous_10)","decl":{"start":{"line":108,"column":13},"end":{"line":108,"column":14}},"loc":{"start":{"line":108,"column":22},"end":{"line":108,"column":38}},"line":108},"11":{"name":"(anonymous_11)","decl":{"start":{"line":111,"column":28},"end":{"line":111,"column":29}},"loc":{"start":{"line":112,"column":4},"end":{"line":120,"column":39}},"line":112},"12":{"name":"(anonymous_12)","decl":{"start":{"line":117,"column":12},"end":{"line":117,"column":13}},"loc":{"start":{"line":117,"column":26},"end":{"line":119,"column":7}},"line":117},"13":{"name":"(anonymous_13)","decl":{"start":{"line":120,"column":13},"end":{"line":120,"column":14}},"loc":{"start":{"line":120,"column":22},"end":{"line":120,"column":38}},"line":120},"14":{"name":"(anonymous_14)","decl":{"start":{"line":123,"column":28},"end":{"line":123,"column":29}},"loc":{"start":{"line":124,"column":4},"end":{"line":127,"column":39}},"line":124},"15":{"name":"(anonymous_15)","decl":{"start":{"line":127,"column":13},"end":{"line":127,"column":14}},"loc":{"start":{"line":127,"column":22},"end":{"line":127,"column":38}},"line":127},"16":{"name":"(anonymous_16)","decl":{"start":{"line":130,"column":12},"end":{"line":130,"column":13}},"loc":{"start":{"line":130,"column":18},"end":{"line":132,"column":3}},"line":130},"17":{"name":"(anonymous_17)","decl":{"start":{"line":219,"column":16},"end":{"line":219,"column":17}},"loc":{"start":{"line":219,"column":33},"end":{"line":219,"column":97}},"line":219}},"branchMap":{"0":{"loc":{"start":{"line":35,"column":4},"end":{"line":37,"column":5}},"type":"if","locations":[{"start":{"line":35,"column":4},"end":{"line":37,"column":5}},{"start":{},"end":{}}],"line":35},"1":{"loc":{"start":{"line":38,"column":4},"end":{"line":40,"column":5}},"type":"if","locations":[{"start":{"line":38,"column":4},"end":{"line":40,"column":5}},{"start":{},"end":{}}],"line":38},"2":{"loc":{"start":{"line":38,"column":8},"end":{"line":38,"column":84}},"type":"binary-expr","locations":[{"start":{"line":38,"column":8},"end":{"line":38,"column":32}},{"start":{"line":38,"column":37},"end":{"line":38,"column":58}},{"start":{"line":38,"column":62},"end":{"line":38,"column":83}}],"line":38},"3":{"loc":{"start":{"line":41,"column":4},"end":{"line":43,"column":5}},"type":"if","locations":[{"start":{"line":41,"column":4},"end":{"line":43,"column":5}},{"start":{},"end":{}}],"line":41},"4":{"loc":{"start":{"line":41,"column":8},"end":{"line":41,"column":48}},"type":"binary-expr","locations":[{"start":{"line":41,"column":8},"end":{"line":41,"column":30}},{"start":{"line":41,"column":34},"end":{"line":41,"column":48}}],"line":41},"5":{"loc":{"start":{"line":44,"column":4},"end":{"line":46,"column":5}},"type":"if","locations":[{"start":{"line":44,"column":4},"end":{"line":46,"column":5}},{"start":{},"end":{}}],"line":44},"6":{"loc":{"start":{"line":95,"column":10},"end":{"line":102,"column":11}},"type":"if","locations":[{"start":{"line":95,"column":10},"end":{"line":102,"column":11}},{"start":{},"end":{}}],"line":95},"7":{"loc":{"start":{"line":96,"column":12},"end":{"line":98,"column":13}},"type":"if","locations":[{"start":{"line":96,"column":12},"end":{"line":98,"column":13}},{"start":{},"end":{}}],"line":96},"8":{"loc":{"start":{"line":99,"column":12},"end":{"line":101,"column":13}},"type":"if","locations":[{"start":{"line":99,"column":12},"end":{"line":101,"column":13}},{"start":{},"end":{}}],"line":99},"9":{"loc":{"start":{"line":104,"column":8},"end":{"line":106,"column":9}},"type":"if","locations":[{"start":{"line":104,"column":8},"end":{"line":106,"column":9}},{"start":{},"end":{}}],"line":104},"10":{"loc":{"start":{"line":146,"column":7},"end":{"line":164,"column":9}},"type":"binary-expr","locations":[{"start":{"line":146,"column":7},"end":{"line":146,"column":21}},{"start":{"line":148,"column":10},"end":{"line":163,"column":16}}],"line":146},"11":{"loc":{"start":{"line":167,"column":11},"end":{"line":182,"column":13}},"type":"binary-expr","locations":[{"start":{"line":167,"column":11},"end":{"line":167,"column":24}},{"start":{"line":169,"column":14},"end":{"line":181,"column":23}}],"line":167},"12":{"loc":{"start":{"line":183,"column":11},"end":{"line":201,"column":13}},"type":"binary-expr","locations":[{"start":{"line":183,"column":11},"end":{"line":183,"column":23}},{"start":{"line":185,"column":14},"end":{"line":200,"column":23}}],"line":183},"13":{"loc":{"start":{"line":208,"column":13},"end":{"line":210,"column":13}},"type":"binary-expr","locations":[{"start":{"line":208,"column":13},"end":{"line":208,"column":23}},{"start":{"line":209,"column":14},"end":{"line":209,"column":97}}],"line":208},"14":{"loc":{"start":{"line":211,"column":13},"end":{"line":216,"column":13}},"type":"binary-expr","locations":[{"start":{"line":211,"column":13},"end":{"line":211,"column":22}},{"start":{"line":212,"column":14},"end":{"line":215,"column":17}}],"line":211}},"s":{"0":2,"1":129,"2":127,"3":127,"4":127,"5":127,"6":127,"7":127,"8":127,"9":635,"10":54,"11":581,"12":18,"13":563,"14":0,"15":563,"16":0,"17":563,"18":127,"19":0,"20":127,"21":23,"22":23,"23":23,"24":115,"25":115,"26":115,"27":23,"28":23,"29":127,"30":24,"31":24,"32":24,"33":0,"34":127,"35":24,"36":23,"37":23,"38":23,"39":23,"40":138,"41":138,"42":138,"43":138,"44":23,"45":23,"46":23,"47":23,"48":23,"49":23,"50":0,"51":127,"52":24,"53":23,"54":0,"55":127,"56":24,"57":0,"58":127,"59":24,"60":127,"61":635},"f":{"0":129,"1":635,"2":0,"3":23,"4":115,"5":24,"6":24,"7":0,"8":24,"9":23,"10":0,"11":24,"12":23,"13":0,"14":24,"15":0,"16":24,"17":635},"b":{"0":[54,581],"1":[18,563],"2":[581,581,18],"3":[0,563],"4":[563,563],"5":[0,563],"6":[23,115],"7":[23,0],"8":[23,0],"9":[23,0],"10":[127,0],"11":[127,127],"12":[127,0],"13":[127,46],"14":[127,81]},"_coverageSchema":"1a1c01bbd47fc00a2c39e90264f33305004495a9","hash":"213743bb76705940be86245458017e27d3840be3"}
,"/Users/mtanaka/HackReactor/front-end-capstone/client/src/components/RelatedItemsAndOutfit/RelatedItems.jsx": {"path":"/Users/mtanaka/HackReactor/front-end-capstone/client/src/components/RelatedItemsAndOutfit/RelatedItems.jsx","statementMap":{"0":{"start":{"line":14,"column":25},"end":{"line":14,"column":30}},"1":{"start":{"line":15,"column":38},"end":{"line":15,"column":50}},"2":{"start":{"line":17,"column":34},"end":{"line":17,"column":46}},"3":{"start":{"line":18,"column":36},"end":{"line":18,"column":50}},"4":{"start":{"line":19,"column":38},"end":{"line":19,"column":52}},"5":{"start":{"line":20,"column":34},"end":{"line":20,"column":120}},"6":{"start":{"line":22,"column":2},"end":{"line":22,"column":81}},"7":{"start":{"line":23,"column":2},"end":{"line":23,"column":56}},"8":{"start":{"line":25,"column":24},"end":{"line":38,"column":3}},"9":{"start":{"line":26,"column":4},"end":{"line":37,"column":40}},"10":{"start":{"line":29,"column":26},"end":{"line":34,"column":10}},"11":{"start":{"line":30,"column":10},"end":{"line":32,"column":11}},"12":{"start":{"line":31,"column":12},"end":{"line":31,"column":25}},"13":{"start":{"line":33,"column":10},"end":{"line":33,"column":22}},"14":{"start":{"line":35,"column":8},"end":{"line":35,"column":33}},"15":{"start":{"line":37,"column":22},"end":{"line":37,"column":38}},"16":{"start":{"line":40,"column":21},"end":{"line":53,"column":3}},"17":{"start":{"line":41,"column":21},"end":{"line":41,"column":22}},"18":{"start":{"line":42,"column":20},"end":{"line":42,"column":21}},"19":{"start":{"line":44,"column":4},"end":{"line":48,"column":7}},"20":{"start":{"line":45,"column":20},"end":{"line":45,"column":57}},"21":{"start":{"line":46,"column":6},"end":{"line":46,"column":37}},"22":{"start":{"line":47,"column":6},"end":{"line":47,"column":26}},"23":{"start":{"line":50,"column":19},"end":{"line":50,"column":41}},"24":{"start":{"line":52,"column":4},"end":{"line":52,"column":39}},"25":{"start":{"line":55,"column":22},"end":{"line":70,"column":3}},"26":{"start":{"line":56,"column":4},"end":{"line":69,"column":39}},"27":{"start":{"line":60,"column":12},"end":{"line":60,"column":25}},"28":{"start":{"line":61,"column":8},"end":{"line":67,"column":11}},"29":{"start":{"line":69,"column":22},"end":{"line":69,"column":38}},"30":{"start":{"line":72,"column":29},"end":{"line":95,"column":3}},"31":{"start":{"line":73,"column":4},"end":{"line":94,"column":39}},"32":{"start":{"line":75,"column":28},"end":{"line":75,"column":56}},"33":{"start":{"line":76,"column":34},"end":{"line":76,"column":82}},"34":{"start":{"line":77,"column":8},"end":{"line":89,"column":9}},"35":{"start":{"line":77,"column":21},"end":{"line":77,"column":22}},"36":{"start":{"line":78,"column":28},"end":{"line":78,"column":64}},"37":{"start":{"line":79,"column":30},"end":{"line":79,"column":65}},"38":{"start":{"line":80,"column":31},"end":{"line":80,"column":79}},"39":{"start":{"line":81,"column":10},"end":{"line":88,"column":11}},"40":{"start":{"line":82,"column":12},"end":{"line":84,"column":13}},"41":{"start":{"line":83,"column":14},"end":{"line":83,"column":40}},"42":{"start":{"line":85,"column":12},"end":{"line":87,"column":13}},"43":{"start":{"line":86,"column":14},"end":{"line":86,"column":40}},"44":{"start":{"line":90,"column":8},"end":{"line":92,"column":9}},"45":{"start":{"line":91,"column":10},"end":{"line":91,"column":41}},"46":{"start":{"line":94,"column":22},"end":{"line":94,"column":38}},"47":{"start":{"line":97,"column":28},"end":{"line":107,"column":3}},"48":{"start":{"line":98,"column":4},"end":{"line":106,"column":39}},"49":{"start":{"line":104,"column":8},"end":{"line":104,"column":57}},"50":{"start":{"line":106,"column":22},"end":{"line":106,"column":38}},"51":{"start":{"line":109,"column":28},"end":{"line":115,"column":3}},"52":{"start":{"line":110,"column":4},"end":{"line":114,"column":39}},"53":{"start":{"line":114,"column":22},"end":{"line":114,"column":38}},"54":{"start":{"line":117,"column":2},"end":{"line":119,"column":9}},"55":{"start":{"line":118,"column":4},"end":{"line":118,"column":34}},"56":{"start":{"line":121,"column":2},"end":{"line":137,"column":4}}},"fnMap":{"0":{"name":"RelatedItems","decl":{"start":{"line":12,"column":9},"end":{"line":12,"column":21}},"loc":{"start":{"line":12,"column":29},"end":{"line":138,"column":1}},"line":12},"1":{"name":"(anonymous_1)","decl":{"start":{"line":25,"column":24},"end":{"line":25,"column":25}},"loc":{"start":{"line":25,"column":39},"end":{"line":38,"column":3}},"line":25},"2":{"name":"(anonymous_2)","decl":{"start":{"line":27,"column":12},"end":{"line":27,"column":13}},"loc":{"start":{"line":27,"column":26},"end":{"line":36,"column":7}},"line":27},"3":{"name":"(anonymous_3)","decl":{"start":{"line":29,"column":47},"end":{"line":29,"column":48}},"loc":{"start":{"line":29,"column":67},"end":{"line":34,"column":9}},"line":29},"4":{"name":"(anonymous_4)","decl":{"start":{"line":37,"column":13},"end":{"line":37,"column":14}},"loc":{"start":{"line":37,"column":22},"end":{"line":37,"column":38}},"line":37},"5":{"name":"(anonymous_5)","decl":{"start":{"line":40,"column":21},"end":{"line":40,"column":22}},"loc":{"start":{"line":40,"column":33},"end":{"line":53,"column":3}},"line":40},"6":{"name":"(anonymous_6)","decl":{"start":{"line":44,"column":35},"end":{"line":44,"column":36}},"loc":{"start":{"line":44,"column":47},"end":{"line":48,"column":5}},"line":44},"7":{"name":"(anonymous_7)","decl":{"start":{"line":55,"column":22},"end":{"line":55,"column":23}},"loc":{"start":{"line":56,"column":4},"end":{"line":69,"column":39}},"line":56},"8":{"name":"(anonymous_8)","decl":{"start":{"line":57,"column":12},"end":{"line":57,"column":13}},"loc":{"start":{"line":57,"column":26},"end":{"line":68,"column":7}},"line":57},"9":{"name":"(anonymous_9)","decl":{"start":{"line":69,"column":13},"end":{"line":69,"column":14}},"loc":{"start":{"line":69,"column":22},"end":{"line":69,"column":38}},"line":69},"10":{"name":"(anonymous_10)","decl":{"start":{"line":72,"column":29},"end":{"line":72,"column":30}},"loc":{"start":{"line":73,"column":4},"end":{"line":94,"column":39}},"line":73},"11":{"name":"(anonymous_11)","decl":{"start":{"line":74,"column":12},"end":{"line":74,"column":13}},"loc":{"start":{"line":74,"column":26},"end":{"line":93,"column":7}},"line":74},"12":{"name":"(anonymous_12)","decl":{"start":{"line":94,"column":13},"end":{"line":94,"column":14}},"loc":{"start":{"line":94,"column":22},"end":{"line":94,"column":38}},"line":94},"13":{"name":"(anonymous_13)","decl":{"start":{"line":97,"column":28},"end":{"line":97,"column":29}},"loc":{"start":{"line":98,"column":4},"end":{"line":106,"column":39}},"line":98},"14":{"name":"(anonymous_14)","decl":{"start":{"line":103,"column":12},"end":{"line":103,"column":13}},"loc":{"start":{"line":103,"column":26},"end":{"line":105,"column":7}},"line":103},"15":{"name":"(anonymous_15)","decl":{"start":{"line":106,"column":13},"end":{"line":106,"column":14}},"loc":{"start":{"line":106,"column":22},"end":{"line":106,"column":38}},"line":106},"16":{"name":"(anonymous_16)","decl":{"start":{"line":109,"column":28},"end":{"line":109,"column":29}},"loc":{"start":{"line":110,"column":4},"end":{"line":114,"column":39}},"line":110},"17":{"name":"(anonymous_17)","decl":{"start":{"line":114,"column":13},"end":{"line":114,"column":14}},"loc":{"start":{"line":114,"column":22},"end":{"line":114,"column":38}},"line":114},"18":{"name":"(anonymous_18)","decl":{"start":{"line":117,"column":12},"end":{"line":117,"column":13}},"loc":{"start":{"line":117,"column":18},"end":{"line":119,"column":3}},"line":117}},"branchMap":{"0":{"loc":{"start":{"line":30,"column":10},"end":{"line":32,"column":11}},"type":"if","locations":[{"start":{"line":30,"column":10},"end":{"line":32,"column":11}},{"start":{},"end":{}}],"line":30},"1":{"loc":{"start":{"line":30,"column":14},"end":{"line":30,"column":73}},"type":"binary-expr","locations":[{"start":{"line":30,"column":14},"end":{"line":30,"column":39}},{"start":{"line":30,"column":43},"end":{"line":30,"column":73}}],"line":30},"2":{"loc":{"start":{"line":81,"column":10},"end":{"line":88,"column":11}},"type":"if","locations":[{"start":{"line":81,"column":10},"end":{"line":88,"column":11}},{"start":{},"end":{}}],"line":81},"3":{"loc":{"start":{"line":82,"column":12},"end":{"line":84,"column":13}},"type":"if","locations":[{"start":{"line":82,"column":12},"end":{"line":84,"column":13}},{"start":{},"end":{}}],"line":82},"4":{"loc":{"start":{"line":85,"column":12},"end":{"line":87,"column":13}},"type":"if","locations":[{"start":{"line":85,"column":12},"end":{"line":87,"column":13}},{"start":{},"end":{}}],"line":85},"5":{"loc":{"start":{"line":90,"column":8},"end":{"line":92,"column":9}},"type":"if","locations":[{"start":{"line":90,"column":8},"end":{"line":92,"column":9}},{"start":{},"end":{}}],"line":90}},"s":{"0":158,"1":156,"2":156,"3":156,"4":156,"5":156,"6":156,"7":156,"8":156,"9":24,"10":24,"11":144,"12":0,"13":144,"14":24,"15":0,"16":156,"17":24,"18":24,"19":24,"20":120,"21":120,"22":120,"23":24,"24":24,"25":156,"26":24,"27":24,"28":24,"29":0,"30":156,"31":24,"32":24,"33":24,"34":24,"35":24,"36":144,"37":144,"38":144,"39":144,"40":24,"41":24,"42":24,"43":24,"44":24,"45":24,"46":0,"47":156,"48":24,"49":24,"50":0,"51":156,"52":24,"53":0,"54":156,"55":24,"56":156},"f":{"0":158,"1":24,"2":24,"3":144,"4":0,"5":24,"6":120,"7":24,"8":24,"9":0,"10":24,"11":24,"12":0,"13":24,"14":24,"15":0,"16":24,"17":0,"18":24},"b":{"0":[0,144],"1":[144,144],"2":[24,120],"3":[24,0],"4":[24,0],"5":[24,0]},"_coverageSchema":"1a1c01bbd47fc00a2c39e90264f33305004495a9","hash":"12f1fb2625b9766af94577d062cb3850912f606e"}
,"/Users/mtanaka/HackReactor/front-end-capstone/config/config.js": {"path":"/Users/mtanaka/HackReactor/front-end-capstone/config/config.js","statementMap":{"0":{"start":{"line":2,"column":16},"end":{"line":2,"column":58}}},"fnMap":{},"branchMap":{},"s":{"0":2},"f":{},"b":{},"_coverageSchema":"1a1c01bbd47fc00a2c39e90264f33305004495a9","hash":"9d4c7f1ec2fb1e5559b7f5a08f13257928b29794"}
,"/Users/mtanaka/HackReactor/front-end-capstone/spec/testServer.js": {"path":"/Users/mtanaka/HackReactor/front-end-capstone/spec/testServer.js","statementMap":{"0":{"start":{"line":11,"column":4},"end":{"line":11,"column":32}},"1":{"start":{"line":13,"column":15},"end":{"line":41,"column":1}},"2":{"start":{"line":14,"column":93},"end":{"line":17,"column":3}},"3":{"start":{"line":18,"column":98},"end":{"line":21,"column":3}},"4":{"start":{"line":22,"column":94},"end":{"line":24,"column":3}},"5":{"start":{"line":25,"column":98},"end":{"line":28,"column":3}},"6":{"start":{"line":29,"column":106},"end":{"line":32,"column":3}},"7":{"start":{"line":33,"column":105},"end":{"line":36,"column":3}}},"fnMap":{"0":{"name":"(anonymous_0)","decl":{"start":{"line":14,"column":74},"end":{"line":14,"column":75}},"loc":{"start":{"line":14,"column":93},"end":{"line":17,"column":3}},"line":14},"1":{"name":"(anonymous_1)","decl":{"start":{"line":18,"column":79},"end":{"line":18,"column":80}},"loc":{"start":{"line":18,"column":98},"end":{"line":21,"column":3}},"line":18},"2":{"name":"(anonymous_2)","decl":{"start":{"line":22,"column":75},"end":{"line":22,"column":76}},"loc":{"start":{"line":22,"column":94},"end":{"line":24,"column":3}},"line":22},"3":{"name":"(anonymous_3)","decl":{"start":{"line":25,"column":79},"end":{"line":25,"column":80}},"loc":{"start":{"line":25,"column":98},"end":{"line":28,"column":3}},"line":25},"4":{"name":"(anonymous_4)","decl":{"start":{"line":29,"column":87},"end":{"line":29,"column":88}},"loc":{"start":{"line":29,"column":106},"end":{"line":32,"column":3}},"line":29},"5":{"name":"(anonymous_5)","decl":{"start":{"line":33,"column":86},"end":{"line":33,"column":87}},"loc":{"start":{"line":33,"column":105},"end":{"line":36,"column":3}},"line":33}},"branchMap":{},"s":{"0":2,"1":2,"2":28,"3":96,"4":0,"5":72,"6":24,"7":48},"f":{"0":28,"1":96,"2":0,"3":72,"4":24,"5":48},"b":{},"_coverageSchema":"1a1c01bbd47fc00a2c39e90264f33305004495a9","hash":"a14d57708d8980cc2c30362f3bee7d2bdf70709e"}
,"/Users/mtanaka/HackReactor/front-end-capstone/spec/data/allData.js": {"path":"/Users/mtanaka/HackReactor/front-end-capstone/spec/data/allData.js","statementMap":{"0":{"start":{"line":1,"column":20},"end":{"line":1,"column":42}},"1":{"start":{"line":2,"column":17},"end":{"line":2,"column":37}},"2":{"start":{"line":3,"column":20},"end":{"line":3,"column":43}},"3":{"start":{"line":4,"column":20},"end":{"line":4,"column":43}},"4":{"start":{"line":5,"column":19},"end":{"line":5,"column":41}},"5":{"start":{"line":7,"column":0},"end":{"line":13,"column":1}}},"fnMap":{},"branchMap":{},"s":{"0":2,"1":2,"2":2,"3":2,"4":2,"5":2},"f":{},"b":{},"_coverageSchema":"1a1c01bbd47fc00a2c39e90264f33305004495a9","hash":"ff01fea5a416120cc300832aa3fea9032fe612c2"}
,"/Users/mtanaka/HackReactor/front-end-capstone/spec/data/meta.js": {"path":"/Users/mtanaka/HackReactor/front-end-capstone/spec/data/meta.js","statementMap":{"0":{"start":{"line":1,"column":0},"end":{"line":32,"column":1}}},"fnMap":{},"branchMap":{},"s":{"0":2},"f":{},"b":{},"_coverageSchema":"1a1c01bbd47fc00a2c39e90264f33305004495a9","hash":"83f1cabb0dff173f478faa99cbdc59003d3d240d"}
,"/Users/mtanaka/HackReactor/front-end-capstone/spec/data/product.js": {"path":"/Users/mtanaka/HackReactor/front-end-capstone/spec/data/product.js","statementMap":{"0":{"start":{"line":1,"column":0},"end":{"line":25,"column":1}}},"fnMap":{},"branchMap":{},"s":{"0":2},"f":{},"b":{},"_coverageSchema":"1a1c01bbd47fc00a2c39e90264f33305004495a9","hash":"abda70982986278e84f7af1a85e24f1db0e76370"}
,"/Users/mtanaka/HackReactor/front-end-capstone/spec/data/related.js": {"path":"/Users/mtanaka/HackReactor/front-end-capstone/spec/data/related.js","statementMap":{"0":{"start":{"line":1,"column":0},"end":{"line":1,"column":68}}},"fnMap":{},"branchMap":{},"s":{"0":2},"f":{},"b":{},"_coverageSchema":"1a1c01bbd47fc00a2c39e90264f33305004495a9","hash":"18e2285e37479651f28b5d39c5290457b9f2a594"}
,"/Users/mtanaka/HackReactor/front-end-capstone/spec/data/review.js": {"path":"/Users/mtanaka/HackReactor/front-end-capstone/spec/data/review.js","statementMap":{"0":{"start":{"line":1,"column":0},"end":{"line":104,"column":2}}},"fnMap":{},"branchMap":{},"s":{"0":2},"f":{},"b":{},"_coverageSchema":"1a1c01bbd47fc00a2c39e90264f33305004495a9","hash":"9bb2c6fde00ef8171016278e68ac419d9cb266bb"}
,"/Users/mtanaka/HackReactor/front-end-capstone/spec/data/styles.js": {"path":"/Users/mtanaka/HackReactor/front-end-capstone/spec/data/styles.js","statementMap":{"0":{"start":{"line":1,"column":0},"end":{"line":239,"column":1}}},"fnMap":{},"branchMap":{},"s":{"0":2},"f":{},"b":{},"_coverageSchema":"1a1c01bbd47fc00a2c39e90264f33305004495a9","hash":"93a430490bf37226c124f042b5c510db9540a376"}
}
