TN:
SF:client/src/components/RatingsReview/AllReviews.jsx
FN:11,AllReviews
FN:20,getReview
FN:26,(anonymous_2)
FN:27,(anonymous_3)
FN:30,(anonymous_4)
FN:43,(anonymous_5)
FN:46,(anonymous_6)
FN:47,(anonymous_7)
FN:48,(anonymous_8)
FN:66,(anonymous_9)
FN:68,(anonymous_10)
FN:68,(anonymous_11)
FN:69,(anonymous_12)
FN:72,(anonymous_13)
FN:75,(anonymous_14)
FN:78,(anonymous_15)
FN:83,sortReviews
FN:86,(anonymous_17)
FN:90,(anonymous_18)
FN:102,(anonymous_19)
FN:110,(anonymous_20)
FN:115,(anonymous_21)
FN:115,(anonymous_22)
FNF:23
FNH:20
FNDA:56,AllReviews
FNDA:28,getReview
FNDA:28,(anonymous_2)
FNDA:0,(anonymous_3)
FNDA:4,(anonymous_4)
FNDA:28,(anonymous_5)
FNDA:4,(anonymous_6)
FNDA:36,(anonymous_7)
FNDA:20,(anonymous_8)
FNDA:24,(anonymous_9)
FNDA:24,(anonymous_10)
FNDA:216,(anonymous_11)
FNDA:24,(anonymous_12)
FNDA:0,(anonymous_13)
FNDA:24,(anonymous_14)
FNDA:24,(anonymous_15)
FNDA:2,sortReviews
FNDA:0,(anonymous_17)
FNDA:18,(anonymous_18)
FNDA:2,(anonymous_19)
FNDA:64,(anonymous_20)
FNDA:2,(anonymous_21)
FNDA:2,(anonymous_22)
DA:12,56
DA:13,54
DA:14,54
DA:15,54
DA:16,54
DA:18,54
DA:21,28
DA:26,28
DA:27,0
DA:30,54
DA:31,4
DA:32,2
DA:37,2
DA:38,2
DA:39,2
DA:43,54
DA:44,28
DA:45,4
DA:47,36
DA:48,4
DA:49,20
DA:50,20
DA:51,10
DA:53,10
DA:54,10
DA:55,2
DA:58,8
DA:62,24
DA:66,54
DA:67,24
DA:68,216
DA:70,24
DA:72,0
DA:75,54
DA:76,24
DA:78,24
DA:79,24
DA:84,2
DA:85,0
DA:86,0
DA:87,0
DA:89,2
DA:90,18
DA:91,2
DA:95,54
DA:102,2
DA:111,64
DA:115,2
LF:48
LH:43
BRDA:31,0,0,2
BRDA:31,0,1,2
BRDA:44,1,0,4
BRDA:44,1,1,24
BRDA:50,2,0,10
BRDA:50,2,1,10
BRDA:54,3,0,2
BRDA:54,3,1,8
BRDA:84,4,0,0
BRDA:84,4,1,2
BRDA:114,5,0,30
BRDA:114,5,1,24
BRDA:114,6,0,54
BRDA:114,6,1,30
BRF:14
BRH:13
end_of_record
TN:
SF:client/src/components/RatingsReview/CharBreakdown.jsx
FN:5,CharBreakdown
FN:32,(anonymous_1)
FNF:2
FNH:2
FNDA:208,CharBreakdown
FNDA:1040,(anonymous_1)
DA:6,208
DA:8,208
DA:17,208
DA:30,208
DA:33,1040
LF:5
LH:5
BRDA:41,0,0,208
BRDA:41,0,1,832
BRF:2
BRH:2
end_of_record
TN:
SF:client/src/components/RatingsReview/IndividualReview.jsx
FN:21,IndividualReview
FN:31,incrementHelpfulness
FN:33,(anonymous_2)
FN:33,(anonymous_3)
FN:34,(anonymous_4)
FN:37,bodyToggle
FN:41,(anonymous_6)
FN:45,whichStar
FN:62,tooBig
FN:78,photosExist
FN:80,(anonymous_10)
FN:93,(anonymous_11)
FN:142,(anonymous_12)
FNF:13
FNH:7
FNDA:68,IndividualReview
FNDA:0,incrementHelpfulness
FNDA:0,(anonymous_2)
FNDA:0,(anonymous_3)
FNDA:0,(anonymous_4)
FNDA:0,bodyToggle
FNDA:52,(anonymous_6)
FNDA:340,whichStar
FNDA:68,tooBig
FNDA:68,photosExist
FNDA:108,(anonymous_10)
FNDA:340,(anonymous_11)
FNDA:0,(anonymous_12)
DA:19,2
DA:22,68
DA:23,68
DA:24,68
DA:25,68
DA:27,68
DA:28,68
DA:32,0
DA:33,0
DA:34,0
DA:38,0
DA:41,68
DA:42,52
DA:46,340
DA:47,232
DA:49,108
DA:50,0
DA:52,108
DA:53,0
DA:55,108
DA:56,0
DA:58,108
DA:63,68
DA:64,0
DA:65,0
DA:74,68
DA:79,68
DA:80,108
DA:82,0
DA:86,68
DA:93,340
DA:143,0
DA:144,0
LF:33
LH:21
BRDA:46,0,0,232
BRDA:46,0,1,108
BRDA:49,1,0,0
BRDA:49,1,1,108
BRDA:49,2,0,108
BRDA:49,2,1,108
BRDA:49,2,2,0
BRDA:52,3,0,0
BRDA:52,3,1,108
BRDA:52,4,0,108
BRDA:52,4,1,108
BRDA:55,5,0,0
BRDA:55,5,1,108
BRDA:63,6,0,0
BRDA:63,6,1,68
BRDA:65,7,0,0
BRDA:65,7,1,0
BRDA:79,8,0,68
BRDA:79,8,1,0
BRDA:114,9,0,64
BRDA:114,9,1,4
BRDA:117,10,0,0
BRDA:117,10,1,68
BRDA:137,11,0,68
BRDA:137,11,1,68
BRF:25
BRH:16
end_of_record
TN:
SF:client/src/components/RatingsReview/ProgressBar.jsx
FN:4,ProgressBar
FN:27,activateSort
FN:37,(anonymous_2)
FNF:3
FNH:3
FNDA:260,ProgressBar
FNDA:4,activateSort
FNDA:4,(anonymous_2)
DA:7,260
DA:9,260
DA:11,260
DA:19,260
DA:28,4
DA:31,260
DA:38,4
DA:39,4
LF:8
LH:8
BRDA:34,0,0,2
BRDA:34,0,1,258
BRDA:51,1,0,260
BRDA:51,1,1,0
BRF:4
BRH:3
end_of_record
TN:
SF:client/src/components/RatingsReview/RatingBreakdown.jsx
FN:17,RatingBreakdown
FN:22,getMeta
FN:28,(anonymous_2)
FN:29,(anonymous_3)
FN:32,(anonymous_4)
FN:34,(anonymous_5)
FN:37,(anonymous_6)
FN:39,(anonymous_7)
FN:44,averageStars
FN:48,(anonymous_9)
FN:56,whichStar
FN:77,(anonymous_11)
FN:90,(anonymous_12)
FN:102,(anonymous_13)
FNF:14
FNH:12
FNDA:76,RatingBreakdown
FNDA:24,getMeta
FNDA:24,(anonymous_2)
FNDA:0,(anonymous_3)
FNDA:24,(anonymous_4)
FNDA:24,(anonymous_5)
FNDA:0,(anonymous_6)
FNDA:24,(anonymous_7)
FNDA:792,averageStars
FNDA:3120,(anonymous_9)
FNDA:380,whichStar
FNDA:380,(anonymous_11)
FNDA:260,(anonymous_12)
FNDA:208,(anonymous_13)
DA:15,2
DA:18,76
DA:20,76
DA:23,24
DA:28,24
DA:29,0
DA:32,76
DA:33,24
DA:35,24
DA:37,0
DA:39,24
DA:40,24
DA:45,792
DA:46,792
DA:47,792
DA:48,624
DA:49,3120
DA:50,3120
DA:53,792
DA:57,380
DA:58,156
DA:60,224
DA:61,52
DA:63,172
DA:64,0
DA:66,172
DA:67,0
DA:69,172
DA:72,76
DA:77,380
DA:91,260
DA:103,208
LF:32
LH:28
BRDA:47,0,0,624
BRDA:47,0,1,168
BRDA:57,1,0,156
BRDA:57,1,1,224
BRDA:60,2,0,52
BRDA:60,2,1,172
BRDA:60,3,0,224
BRDA:60,3,1,224
BRDA:60,3,2,52
BRDA:63,4,0,0
BRDA:63,4,1,172
BRDA:63,5,0,172
BRDA:63,5,1,52
BRDA:66,6,0,0
BRDA:66,6,1,172
BRDA:90,7,0,52
BRDA:90,7,1,24
BRDA:94,8,0,260
BRDA:94,8,1,0
BRDA:102,9,0,52
BRDA:102,9,1,24
BRF:21
BRH:18
end_of_record
TN:
SF:client/src/components/RatingsReview/ReviewImages.jsx
FN:3,ReviewImages
FN:6,togglePopup
FNF:2
FNH:2
FNDA:110,ReviewImages
FNDA:2,togglePopup
DA:4,110
DA:7,2
DA:10,110
LF:3
LH:3
BRDA:23,0,0,110
BRDA:23,0,1,2
BRF:2
BRH:2
end_of_record
TN:
SF:client/src/components/RatingsReview/StarRating.jsx
FN:9,StarRating
FN:14,(anonymous_1)
FN:20,(anonymous_2)
FN:27,(anonymous_3)
FN:28,(anonymous_4)
FN:29,(anonymous_5)
FNF:6
FNH:3
FNDA:18,StarRating
FNDA:6,(anonymous_1)
FNDA:90,(anonymous_2)
FNDA:0,(anonymous_3)
FNDA:0,(anonymous_4)
FNDA:0,(anonymous_5)
DA:7,2
DA:10,18
DA:11,18
DA:12,18
DA:14,18
DA:15,6
DA:18,18
DA:21,90
DA:22,90
DA:27,0
DA:28,0
DA:29,0
LF:12
LH:9
BRDA:31,0,0,0
BRDA:31,0,1,90
BRDA:31,1,0,90
BRDA:31,1,1,90
BRF:4
BRH:3
end_of_record
TN:
SF:client/src/components/RatingsReview/WriteReview.jsx
FN:6,WriteReview
FN:20,togglePopup
FN:24,(anonymous_2)
FN:29,(anonymous_3)
FN:35,buildCharObj
FN:41,renderChars
FN:44,(anonymous_6)
FN:50,(anonymous_7)
FN:84,imgButtonClick
FN:92,(anonymous_9)
FN:98,postSubmit
FN:108,(anonymous_11)
FN:112,(anonymous_12)
FN:131,(anonymous_13)
FN:137,(anonymous_14)
FN:157,(anonymous_15)
FN:169,(anonymous_16)
FN:173,(anonymous_17)
FN:187,(anonymous_18)
FN:201,(anonymous_19)
FN:211,(anonymous_20)
FNF:21
FNH:13
FNDA:118,WriteReview
FNDA:6,togglePopup
FNDA:24,(anonymous_2)
FNDA:24,(anonymous_3)
FNDA:0,buildCharObj
FNDA:18,renderChars
FNDA:72,(anonymous_6)
FNDA:0,(anonymous_7)
FNDA:2,imgButtonClick
FNDA:8,(anonymous_9)
FNDA:2,postSubmit
FNDA:0,(anonymous_11)
FNDA:0,(anonymous_12)
FNDA:2,(anonymous_13)
FNDA:0,(anonymous_14)
FNDA:2,(anonymous_15)
FNDA:0,(anonymous_16)
FNDA:2,(anonymous_17)
FNDA:2,(anonymous_18)
FNDA:0,(anonymous_19)
FNDA:0,(anonymous_20)
DA:7,118
DA:8,116
DA:9,116
DA:10,116
DA:11,116
DA:12,116
DA:13,116
DA:15,116
DA:17,116
DA:18,116
DA:21,6
DA:24,116
DA:25,24
DA:30,24
DA:31,24
DA:36,0
DA:37,0
DA:38,0
DA:42,18
DA:43,18
DA:45,72
DA:50,0
DA:85,2
DA:86,2
DA:87,2
DA:88,2
DA:92,116
DA:93,8
DA:94,8
DA:95,8
DA:99,2
DA:100,2
DA:102,0
DA:103,0
DA:104,0
DA:105,0
DA:106,0
DA:107,0
DA:109,0
DA:110,0
DA:112,0
DA:116,116
DA:131,2
DA:137,0
DA:157,2
DA:169,0
DA:174,2
DA:187,2
DA:201,0
DA:211,0
LF:50
LH:33
BRDA:42,0,0,18
BRDA:42,0,1,0
BRDA:85,1,0,2
BRDA:85,1,1,0
BRDA:100,2,0,0
BRDA:100,2,1,2
BRDA:100,3,0,2
BRDA:100,3,1,0
BRDA:100,3,2,0
BRDA:100,3,3,0
BRDA:100,3,4,0
BRDA:100,3,5,0
BRDA:120,4,0,116
BRDA:120,4,1,18
BRDA:173,5,0,2
BRDA:173,5,1,16
BRDA:183,6,0,18
BRDA:183,6,1,0
BRF:18
BRH:9
end_of_record
TN:
SF:client/src/components/RatingsReview/ratingexampledata/stars.js
FNF:0
FNH:0
LF:0
LH:0
BRF:0
BRH:0
end_of_record
TN:
SF:client/src/components/RelatedItemsAndOutfit/CardCarousel.jsx
FN:35,CardCarousel
FN:66,(anonymous_1)
FN:97,(anonymous_2)
FNF:3
FNH:2
FNDA:184,CardCarousel
FNDA:0,(anonymous_1)
FNDA:528,(anonymous_2)
DA:11,2
DA:38,184
DA:40,182
DA:41,48
DA:42,48
DA:67,0
DA:78,134
DA:98,528
LF:8
LH:7
BRDA:40,0,0,48
BRDA:40,0,1,134
BRF:2
BRH:2
end_of_record
TN:
SF:client/src/components/RelatedItemsAndOutfit/Comparison.jsx
FN:4,Comparison
FN:7,(anonymous_1)
FN:22,(anonymous_2)
FN:45,(anonymous_3)
FNF:4
FNH:0
FNDA:0,Comparison
FNDA:0,(anonymous_1)
FNDA:0,(anonymous_2)
FNDA:0,(anonymous_3)
DA:5,0
DA:7,0
DA:8,0
DA:15,0
DA:16,0
DA:17,0
DA:20,0
DA:21,0
DA:22,0
DA:24,0
DA:25,0
DA:27,0
DA:31,0
DA:34,0
DA:36,0
DA:46,0
LF:16
LH:0
BRDA:24,0,0,0
BRDA:24,0,1,0
BRF:2
BRH:0
end_of_record
TN:
SF:client/src/components/RelatedItemsAndOutfit/OutfitList.jsx
FN:7,OutfitList
FN:15,(anonymous_1)
FN:42,(anonymous_2)
FN:71,(anonymous_3)
FNF:4
FNH:2
FNDA:48,OutfitList
FNDA:0,(anonymous_1)
FNDA:0,(anonymous_2)
FNDA:24,(anonymous_3)
DA:8,48
DA:9,48
DA:15,48
DA:16,0
DA:17,0
DA:19,0
DA:20,0
DA:21,0
DA:22,0
DA:23,0
DA:24,0
DA:42,48
DA:43,0
DA:44,0
DA:46,0
DA:47,0
DA:48,0
DA:71,48
DA:72,24
DA:73,24
DA:75,0
DA:76,0
DA:80,48
LF:23
LH:8
BRDA:16,0,0,0
BRDA:16,0,1,0
BRDA:19,1,0,0
BRDA:19,1,1,0
BRDA:72,2,0,24
BRDA:72,2,1,0
BRF:6
BRH:1
end_of_record
TN:
SF:client/src/components/RelatedItemsAndOutfit/ProductCard.jsx
FN:21,ProductCard
FN:34,whichStar
FN:50,(anonymous_2)
FN:54,(anonymous_3)
FN:58,(anonymous_4)
FN:69,(anonymous_5)
FN:71,(anonymous_6)
FN:83,(anonymous_7)
FN:86,(anonymous_8)
FN:88,(anonymous_9)
FN:108,(anonymous_10)
FN:111,(anonymous_11)
FN:117,(anonymous_12)
FN:120,(anonymous_13)
FN:123,(anonymous_14)
FN:127,(anonymous_15)
FN:130,(anonymous_16)
FN:219,(anonymous_17)
FNF:18
FNH:13
FNDA:131,ProductCard
FNDA:645,whichStar
FNDA:0,(anonymous_2)
FNDA:24,(anonymous_3)
FNDA:120,(anonymous_4)
FNDA:24,(anonymous_5)
FNDA:24,(anonymous_6)
FNDA:0,(anonymous_7)
FNDA:24,(anonymous_8)
FNDA:24,(anonymous_9)
FNDA:0,(anonymous_10)
FNDA:24,(anonymous_11)
FNDA:24,(anonymous_12)
FNDA:0,(anonymous_13)
FNDA:24,(anonymous_14)
FNDA:0,(anonymous_15)
FNDA:24,(anonymous_16)
FNDA:645,(anonymous_17)
DA:19,2
DA:24,131
DA:25,129
DA:26,129
DA:27,129
DA:28,129
DA:29,129
DA:31,129
DA:32,129
DA:35,645
DA:36,60
DA:38,585
DA:39,20
DA:41,565
DA:42,0
DA:44,565
DA:45,0
DA:47,565
DA:50,129
DA:51,0
DA:54,129
DA:55,24
DA:56,24
DA:58,24
DA:59,120
DA:60,120
DA:61,120
DA:64,24
DA:66,24
DA:69,129
DA:70,24
DA:74,24
DA:75,24
DA:83,0
DA:86,129
DA:87,24
DA:89,24
DA:90,24
DA:91,24
DA:92,144
DA:93,144
DA:94,144
DA:95,144
DA:96,24
DA:97,24
DA:99,24
DA:100,24
DA:104,24
DA:105,24
DA:108,0
DA:111,129
DA:112,24
DA:118,24
DA:120,0
DA:123,129
DA:124,24
DA:127,0
DA:130,129
DA:131,24
DA:136,129
DA:219,645
LF:61
LH:54
BRDA:35,0,0,60
BRDA:35,0,1,585
BRDA:38,1,0,20
BRDA:38,1,1,565
BRDA:38,2,0,585
BRDA:38,2,1,585
BRDA:38,2,2,20
BRDA:41,3,0,0
BRDA:41,3,1,565
BRDA:41,4,0,565
BRDA:41,4,1,565
BRDA:44,5,0,0
BRDA:44,5,1,565
BRDA:95,6,0,24
BRDA:95,6,1,120
BRDA:96,7,0,24
BRDA:96,7,1,0
BRDA:99,8,0,24
BRDA:99,8,1,0
BRDA:104,9,0,24
BRDA:104,9,1,0
BRDA:146,10,0,129
BRDA:146,10,1,0
BRDA:167,11,0,129
BRDA:167,11,1,129
BRDA:183,12,0,129
BRDA:183,12,1,0
BRDA:208,13,0,129
BRDA:208,13,1,46
BRDA:211,14,0,129
BRDA:211,14,1,83
BRF:31
BRH:24
end_of_record
TN:
SF:client/src/components/RelatedItemsAndOutfit/RelatedItems.jsx
FN:12,RelatedItems
FN:25,(anonymous_1)
FN:27,(anonymous_2)
FN:29,(anonymous_3)
FN:37,(anonymous_4)
FN:40,(anonymous_5)
FN:44,(anonymous_6)
FN:55,(anonymous_7)
FN:57,(anonymous_8)
FN:69,(anonymous_9)
FN:72,(anonymous_10)
FN:74,(anonymous_11)
FN:94,(anonymous_12)
FN:97,(anonymous_13)
FN:103,(anonymous_14)
FN:106,(anonymous_15)
FN:109,(anonymous_16)
FN:114,(anonymous_17)
FN:117,(anonymous_18)
FNF:19
FNH:14
FNDA:158,RelatedItems
FNDA:24,(anonymous_1)
FNDA:24,(anonymous_2)
FNDA:144,(anonymous_3)
FNDA:0,(anonymous_4)
FNDA:24,(anonymous_5)
FNDA:120,(anonymous_6)
FNDA:24,(anonymous_7)
FNDA:24,(anonymous_8)
FNDA:0,(anonymous_9)
FNDA:24,(anonymous_10)
FNDA:24,(anonymous_11)
FNDA:0,(anonymous_12)
FNDA:24,(anonymous_13)
FNDA:24,(anonymous_14)
FNDA:0,(anonymous_15)
FNDA:24,(anonymous_16)
FNDA:0,(anonymous_17)
FNDA:24,(anonymous_18)
DA:14,158
DA:15,156
DA:17,156
DA:18,156
DA:19,156
DA:20,156
DA:22,156
DA:23,156
DA:25,156
DA:26,24
DA:29,24
DA:30,144
DA:31,0
DA:33,144
DA:35,24
DA:37,0
DA:40,156
DA:41,24
DA:42,24
DA:44,24
DA:45,120
DA:46,120
DA:47,120
DA:50,24
DA:52,24
DA:55,156
DA:56,24
DA:60,24
DA:61,24
DA:69,0
DA:72,156
DA:73,24
DA:75,24
DA:76,24
DA:77,24
DA:78,144
DA:79,144
DA:80,144
DA:81,144
DA:82,24
DA:83,24
DA:85,24
DA:86,24
DA:90,24
DA:91,24
DA:94,0
DA:97,156
DA:98,24
DA:104,24
DA:106,0
DA:109,156
DA:110,24
DA:114,0
DA:117,156
DA:118,24
DA:121,156
LF:56
LH:50
BRDA:30,0,0,0
BRDA:30,0,1,144
BRDA:30,1,0,144
BRDA:30,1,1,144
BRDA:81,2,0,24
BRDA:81,2,1,120
BRDA:82,3,0,24
BRDA:82,3,1,0
BRDA:85,4,0,24
BRDA:85,4,1,0
BRDA:90,5,0,24
BRDA:90,5,1,0
BRF:12
BRH:8
end_of_record
TN:
SF:config/config.js
FNF:0
FNH:0
DA:2,2
LF:1
LH:1
BRF:0
BRH:0
end_of_record
TN:
SF:spec/testServer.js
FN:14,(anonymous_0)
FN:18,(anonymous_1)
FN:22,(anonymous_2)
FN:25,(anonymous_3)
FN:29,(anonymous_4)
FN:33,(anonymous_5)
FNF:6
FNH:5
FNDA:28,(anonymous_0)
FNDA:96,(anonymous_1)
FNDA:0,(anonymous_2)
FNDA:72,(anonymous_3)
FNDA:24,(anonymous_4)
FNDA:48,(anonymous_5)
DA:11,2
DA:13,2
DA:14,28
DA:18,96
DA:22,0
DA:25,72
DA:29,24
DA:33,48
LF:8
LH:7
BRF:0
BRH:0
end_of_record
TN:
SF:spec/data/allData.js
FNF:0
FNH:0
DA:1,2
DA:2,2
DA:3,2
DA:4,2
DA:5,2
DA:7,2
LF:6
LH:6
BRF:0
BRH:0
end_of_record
TN:
SF:spec/data/meta.js
FNF:0
FNH:0
DA:1,2
LF:1
LH:1
BRF:0
BRH:0
end_of_record
TN:
SF:spec/data/product.js
FNF:0
FNH:0
DA:1,2
LF:1
LH:1
BRF:0
BRH:0
end_of_record
TN:
SF:spec/data/related.js
FNF:0
FNH:0
DA:1,2
LF:1
LH:1
BRF:0
BRH:0
end_of_record
TN:
SF:spec/data/review.js
FNF:0
FNH:0
DA:1,2
LF:1
LH:1
BRF:0
BRH:0
end_of_record
TN:
SF:spec/data/styles.js
FNF:0
FNH:0
DA:1,2
LF:1
LH:1
BRF:0
BRH:0
end_of_record
