{"total": {"lines":{"total":506,"covered":56,"skipped":0,"pct":11.06},"statements":{"total":517,"covered":56,"skipped":0,"pct":10.83},"functions":{"total":198,"covered":13,"skipped":0,"pct":6.56},"branches":{"total":181,"covered":14,"skipped":0,"pct":7.73},"branchesTrue":{"total":0,"covered":0,"skipped":0,"pct":100}}
,"/Users/rockw/hackreactor/front-end-capstone/client/src/components/App.jsx": {"lines":{"total":3,"covered":0,"skipped":0,"pct":0},"functions":{"total":2,"covered":0,"skipped":0,"pct":0},"statements":{"total":3,"covered":0,"skipped":0,"pct":0},"branches":{"total":0,"covered":0,"skipped":0,"pct":100}}
,"/Users/rockw/hackreactor/front-end-capstone/client/src/components/Overview/SM-ImageGallery.jsx": {"lines":{"total":1,"covered":0,"skipped":0,"pct":0},"functions":{"total":1,"covered":0,"skipped":0,"pct":0},"statements":{"total":1,"covered":0,"skipped":0,"pct":0},"branches":{"total":0,"covered":0,"skipped":0,"pct":100}}
,"/Users/rockw/hackreactor/front-end-capstone/client/src/components/Overview/SM-Overview.jsx": {"lines":{"total":1,"covered":0,"skipped":0,"pct":0},"functions":{"total":1,"covered":0,"skipped":0,"pct":0},"statements":{"total":1,"covered":0,"skipped":0,"pct":0},"branches":{"total":0,"covered":0,"skipped":0,"pct":100}}
,"/Users/rockw/hackreactor/front-end-capstone/client/src/components/Overview/SM-Price.jsx": {"lines":{"total":1,"covered":0,"skipped":0,"pct":0},"functions":{"total":1,"covered":0,"skipped":0,"pct":0},"statements":{"total":1,"covered":0,"skipped":0,"pct":0},"branches":{"total":0,"covered":0,"skipped":0,"pct":100}}
,"/Users/rockw/hackreactor/front-end-capstone/client/src/components/Overview/SM-ProductInfo.jsx": {"lines":{"total":11,"covered":2,"skipped":0,"pct":18.18},"functions":{"total":6,"covered":0,"skipped":0,"pct":0},"statements":{"total":11,"covered":2,"skipped":0,"pct":18.18},"branches":{"total":0,"covered":0,"skipped":0,"pct":100}}
,"/Users/rockw/hackreactor/front-end-capstone/client/src/components/Overview/SM-Share.jsx": {"lines":{"total":3,"covered":2,"skipped":0,"pct":66.66},"functions":{"total":1,"covered":0,"skipped":0,"pct":0},"statements":{"total":3,"covered":2,"skipped":0,"pct":66.66},"branches":{"total":0,"covered":0,"skipped":0,"pct":100}}
,"/Users/rockw/hackreactor/front-end-capstone/client/src/components/Overview/SM-StarRating.jsx": {"lines":{"total":11,"covered":0,"skipped":0,"pct":0},"functions":{"total":3,"covered":0,"skipped":0,"pct":0},"statements":{"total":11,"covered":0,"skipped":0,"pct":0},"branches":{"total":13,"covered":0,"skipped":0,"pct":0}}
,"/Users/rockw/hackreactor/front-end-capstone/client/src/components/Overview/SM-StyleRow.jsx": {"lines":{"total":9,"covered":1,"skipped":0,"pct":11.11},"functions":{"total":4,"covered":0,"skipped":0,"pct":0},"statements":{"total":9,"covered":1,"skipped":0,"pct":11.11},"branches":{"total":2,"covered":0,"skipped":0,"pct":0}}
,"/Users/rockw/hackreactor/front-end-capstone/client/src/components/Overview/SM-StyleSelector.jsx": {"lines":{"total":33,"covered":0,"skipped":0,"pct":0},"functions":{"total":11,"covered":0,"skipped":0,"pct":0},"statements":{"total":34,"covered":0,"skipped":0,"pct":0},"branches":{"total":4,"covered":0,"skipped":0,"pct":0}}
,"/Users/rockw/hackreactor/front-end-capstone/client/src/components/Overview/SM-dummyproductdata.js": {"lines":{"total":1,"covered":1,"skipped":0,"pct":100},"functions":{"total":0,"covered":0,"skipped":0,"pct":100},"statements":{"total":1,"covered":1,"skipped":0,"pct":100},"branches":{"total":0,"covered":0,"skipped":0,"pct":100}}
,"/Users/rockw/hackreactor/front-end-capstone/client/src/components/Overview/SM-dummystylesdata.js": {"lines":{"total":1,"covered":1,"skipped":0,"pct":100},"functions":{"total":0,"covered":0,"skipped":0,"pct":100},"statements":{"total":1,"covered":1,"skipped":0,"pct":100},"branches":{"total":0,"covered":0,"skipped":0,"pct":100}}
,"/Users/rockw/hackreactor/front-end-capstone/client/src/components/Overview/SM-icons.js": {"lines":{"total":0,"covered":0,"skipped":0,"pct":100},"functions":{"total":0,"covered":0,"skipped":0,"pct":100},"statements":{"total":0,"covered":0,"skipped":0,"pct":100},"branches":{"total":0,"covered":0,"skipped":0,"pct":100}}
,"/Users/rockw/hackreactor/front-end-capstone/client/src/components/QandA/AddAnswer.jsx": {"lines":{"total":15,"covered":0,"skipped":0,"pct":0},"functions":{"total":8,"covered":0,"skipped":0,"pct":0},"statements":{"total":15,"covered":0,"skipped":0,"pct":0},"branches":{"total":0,"covered":0,"skipped":0,"pct":100}}
,"/Users/rockw/hackreactor/front-end-capstone/client/src/components/QandA/AddQuestion.jsx": {"lines":{"total":15,"covered":0,"skipped":0,"pct":0},"functions":{"total":8,"covered":0,"skipped":0,"pct":0},"statements":{"total":15,"covered":0,"skipped":0,"pct":0},"branches":{"total":0,"covered":0,"skipped":0,"pct":100}}
,"/Users/rockw/hackreactor/front-end-capstone/client/src/components/QandA/AnswersView.jsx": {"lines":{"total":25,"covered":0,"skipped":0,"pct":0},"functions":{"total":10,"covered":0,"skipped":0,"pct":0},"statements":{"total":25,"covered":0,"skipped":0,"pct":0},"branches":{"total":10,"covered":0,"skipped":0,"pct":0}}
,"/Users/rockw/hackreactor/front-end-capstone/client/src/components/QandA/QandA.jsx": {"lines":{"total":26,"covered":0,"skipped":0,"pct":0},"functions":{"total":8,"covered":0,"skipped":0,"pct":0},"statements":{"total":27,"covered":0,"skipped":0,"pct":0},"branches":{"total":6,"covered":0,"skipped":0,"pct":0}}
,"/Users/rockw/hackreactor/front-end-capstone/client/src/components/QandA/Questions.jsx": {"lines":{"total":34,"covered":0,"skipped":0,"pct":0},"functions":{"total":11,"covered":0,"skipped":0,"pct":0},"statements":{"total":34,"covered":0,"skipped":0,"pct":0},"branches":{"total":18,"covered":0,"skipped":0,"pct":0}}
,"/Users/rockw/hackreactor/front-end-capstone/client/src/components/QandA/QuestionsView.jsx": {"lines":{"total":41,"covered":0,"skipped":0,"pct":0},"functions":{"total":13,"covered":0,"skipped":0,"pct":0},"statements":{"total":41,"covered":0,"skipped":0,"pct":0},"branches":{"total":22,"covered":0,"skipped":0,"pct":0}}
,"/Users/rockw/hackreactor/front-end-capstone/client/src/components/QandA/QAdata/sampleData.js": {"lines":{"total":0,"covered":0,"skipped":0,"pct":100},"functions":{"total":0,"covered":0,"skipped":0,"pct":100},"statements":{"total":0,"covered":0,"skipped":0,"pct":100},"branches":{"total":0,"covered":0,"skipped":0,"pct":100}}
,"/Users/rockw/hackreactor/front-end-capstone/client/src/components/RatingsReview/AllReviews.jsx": {"lines":{"total":45,"covered":15,"skipped":0,"pct":33.33},"functions":{"total":22,"covered":5,"skipped":0,"pct":22.72},"statements":{"total":51,"covered":15,"skipped":0,"pct":29.41},"branches":{"total":14,"covered":3,"skipped":0,"pct":21.42}}
,"/Users/rockw/hackreactor/front-end-capstone/client/src/components/RatingsReview/CharBreakdown.jsx": {"lines":{"total":5,"covered":0,"skipped":0,"pct":0},"functions":{"total":2,"covered":0,"skipped":0,"pct":0},"statements":{"total":5,"covered":0,"skipped":0,"pct":0},"branches":{"total":2,"covered":0,"skipped":0,"pct":0}}
,"/Users/rockw/hackreactor/front-end-capstone/client/src/components/RatingsReview/IndividualReview.jsx": {"lines":{"total":33,"covered":1,"skipped":0,"pct":3.03},"functions":{"total":13,"covered":0,"skipped":0,"pct":0},"statements":{"total":35,"covered":1,"skipped":0,"pct":2.85},"branches":{"total":25,"covered":0,"skipped":0,"pct":0}}
,"/Users/rockw/hackreactor/front-end-capstone/client/src/components/RatingsReview/ProgressBar.jsx": {"lines":{"total":8,"covered":0,"skipped":0,"pct":0},"functions":{"total":3,"covered":0,"skipped":0,"pct":0},"statements":{"total":8,"covered":0,"skipped":0,"pct":0},"branches":{"total":4,"covered":0,"skipped":0,"pct":0}}
,"/Users/rockw/hackreactor/front-end-capstone/client/src/components/RatingsReview/RatingBreakdown.jsx": {"lines":{"total":30,"covered":17,"skipped":0,"pct":56.66},"functions":{"total":13,"covered":6,"skipped":0,"pct":46.15},"statements":{"total":30,"covered":17,"skipped":0,"pct":56.66},"branches":{"total":21,"covered":10,"skipped":0,"pct":47.61}}
,"/Users/rockw/hackreactor/front-end-capstone/client/src/components/RatingsReview/ReviewImages.jsx": {"lines":{"total":3,"covered":0,"skipped":0,"pct":0},"functions":{"total":2,"covered":0,"skipped":0,"pct":0},"statements":{"total":3,"covered":0,"skipped":0,"pct":0},"branches":{"total":2,"covered":0,"skipped":0,"pct":0}}
,"/Users/rockw/hackreactor/front-end-capstone/client/src/components/RatingsReview/StarRating.jsx": {"lines":{"total":12,"covered":1,"skipped":0,"pct":8.33},"functions":{"total":6,"covered":0,"skipped":0,"pct":0},"statements":{"total":12,"covered":1,"skipped":0,"pct":8.33},"branches":{"total":4,"covered":0,"skipped":0,"pct":0}}
,"/Users/rockw/hackreactor/front-end-capstone/client/src/components/RatingsReview/WriteReview.jsx": {"lines":{"total":50,"covered":14,"skipped":0,"pct":28},"functions":{"total":21,"covered":2,"skipped":0,"pct":9.52},"statements":{"total":50,"covered":14,"skipped":0,"pct":28},"branches":{"total":18,"covered":1,"skipped":0,"pct":5.55}}
,"/Users/rockw/hackreactor/front-end-capstone/client/src/components/RatingsReview/ratingexampledata/individualExample.js": {"lines":{"total":0,"covered":0,"skipped":0,"pct":100},"functions":{"total":0,"covered":0,"skipped":0,"pct":100},"statements":{"total":0,"covered":0,"skipped":0,"pct":100},"branches":{"total":0,"covered":0,"skipped":0,"pct":100}}
,"/Users/rockw/hackreactor/front-end-capstone/client/src/components/RatingsReview/ratingexampledata/stars.js": {"lines":{"total":0,"covered":0,"skipped":0,"pct":100},"functions":{"total":0,"covered":0,"skipped":0,"pct":100},"statements":{"total":0,"covered":0,"skipped":0,"pct":100},"branches":{"total":0,"covered":0,"skipped":0,"pct":100}}
,"/Users/rockw/hackreactor/front-end-capstone/client/src/components/RelatedItemsAndOutfit/Carousel.jsx": {"lines":{"total":6,"covered":0,"skipped":0,"pct":0},"functions":{"total":3,"covered":0,"skipped":0,"pct":0},"statements":{"total":6,"covered":0,"skipped":0,"pct":0},"branches":{"total":2,"covered":0,"skipped":0,"pct":0}}
,"/Users/rockw/hackreactor/front-end-capstone/client/src/components/RelatedItemsAndOutfit/OutfitList.jsx": {"lines":{"total":26,"covered":0,"skipped":0,"pct":0},"functions":{"total":5,"covered":0,"skipped":0,"pct":0},"statements":{"total":26,"covered":0,"skipped":0,"pct":0},"branches":{"total":6,"covered":0,"skipped":0,"pct":0}}
,"/Users/rockw/hackreactor/front-end-capstone/client/src/components/RelatedItemsAndOutfit/ProductCard.jsx": {"lines":{"total":45,"covered":0,"skipped":0,"pct":0},"functions":{"total":15,"covered":0,"skipped":0,"pct":0},"statements":{"total":46,"covered":0,"skipped":0,"pct":0},"branches":{"total":8,"covered":0,"skipped":0,"pct":0}}
,"/Users/rockw/hackreactor/front-end-capstone/client/src/components/RelatedItemsAndOutfit/RelatedItems.jsx": {"lines":{"total":11,"covered":0,"skipped":0,"pct":0},"functions":{"total":5,"covered":0,"skipped":0,"pct":0},"statements":{"total":11,"covered":0,"skipped":0,"pct":0},"branches":{"total":0,"covered":0,"skipped":0,"pct":100}}
,"/Users/rockw/hackreactor/front-end-capstone/config/config.js": {"lines":{"total":1,"covered":1,"skipped":0,"pct":100},"functions":{"total":0,"covered":0,"skipped":0,"pct":100},"statements":{"total":1,"covered":1,"skipped":0,"pct":100},"branches":{"total":0,"covered":0,"skipped":0,"pct":100}}
}
