{"/root/hackreactor/fec/client/src/components/App.jsx": {"path":"/root/hackreactor/fec/client/src/components/App.jsx","statementMap":{"0":{"start":{"line":13,"column":4},"end":{"line":13,"column":17}},"1":{"start":{"line":14,"column":4},"end":{"line":16,"column":6}},"2":{"start":{"line":20,"column":4},"end":{"line":35,"column":6}}},"fnMap":{"0":{"name":"(anonymous_0)","decl":{"start":{"line":12,"column":2},"end":{"line":12,"column":3}},"loc":{"start":{"line":12,"column":21},"end":{"line":17,"column":3}},"line":12},"1":{"name":"(anonymous_1)","decl":{"start":{"line":19,"column":2},"end":{"line":19,"column":3}},"loc":{"start":{"line":19,"column":11},"end":{"line":36,"column":3}},"line":19}},"branchMap":{},"s":{"0":6,"1":4,"2":4},"f":{"0":6,"1":4},"b":{},"_coverageSchema":"1a1c01bbd47fc00a2c39e90264f33305004495a9","hash":"8ce2e36876c60451ba65a9ea2553c4ddde816eee"}
,"/root/hackreactor/fec/client/src/components/Overview/SM-ImageGallery.jsx": {"path":"/root/hackreactor/fec/client/src/components/Overview/SM-ImageGallery.jsx","statementMap":{"0":{"start":{"line":12,"column":2},"end":{"line":17,"column":4}}},"fnMap":{"0":{"name":"ImageGallery","decl":{"start":{"line":6,"column":24},"end":{"line":6,"column":36}},"loc":{"start":{"line":6,"column":39},"end":{"line":19,"column":1}},"line":6}},"branchMap":{},"s":{"0":4},"f":{"0":4},"b":{},"_coverageSchema":"1a1c01bbd47fc00a2c39e90264f33305004495a9","hash":"322d58b7edf35de17d893a8bb791bb165cad7b76"}
,"/root/hackreactor/fec/client/src/components/Overview/SM-Overview.jsx": {"path":"/root/hackreactor/fec/client/src/components/Overview/SM-Overview.jsx","statementMap":{"0":{"start":{"line":8,"column":2},"end":{"line":22,"column":4}}},"fnMap":{"0":{"name":"Overview","decl":{"start":{"line":6,"column":24},"end":{"line":6,"column":32}},"loc":{"start":{"line":6,"column":35},"end":{"line":24,"column":1}},"line":6}},"branchMap":{},"s":{"0":6},"f":{"0":6},"b":{},"_coverageSchema":"1a1c01bbd47fc00a2c39e90264f33305004495a9","hash":"171ae2c4dffde6d65d07e7df4eb3f960988c01ba"}
,"/root/hackreactor/fec/client/src/components/Overview/SM-Price.jsx": {"path":"/root/hackreactor/fec/client/src/components/Overview/SM-Price.jsx","statementMap":{"0":{"start":{"line":4,"column":2},"end":{"line":8,"column":4}}},"fnMap":{"0":{"name":"Price","decl":{"start":{"line":3,"column":9},"end":{"line":3,"column":14}},"loc":{"start":{"line":3,"column":22},"end":{"line":10,"column":1}},"line":3}},"branchMap":{},"s":{"0":6},"f":{"0":6},"b":{},"_coverageSchema":"1a1c01bbd47fc00a2c39e90264f33305004495a9","hash":"66c1b601a3357e64ed50ad899cf7f35bcac8595b"}
,"/root/hackreactor/fec/client/src/components/Overview/SM-ProductInfo.jsx": {"path":"/root/hackreactor/fec/client/src/components/Overview/SM-ProductInfo.jsx","statementMap":{"0":{"start":{"line":11,"column":22},"end":{"line":15,"column":1}},"1":{"start":{"line":17,"column":19},"end":{"line":20,"column":1}},"2":{"start":{"line":24,"column":4},"end":{"line":24,"column":17}},"3":{"start":{"line":25,"column":4},"end":{"line":28,"column":5}},"4":{"start":{"line":32,"column":4},"end":{"line":32,"column":61}},"5":{"start":{"line":33,"column":4},"end":{"line":41,"column":8}},"6":{"start":{"line":35,"column":8},"end":{"line":37,"column":11}},"7":{"start":{"line":40,"column":8},"end":{"line":40,"column":33}},"8":{"start":{"line":43,"column":4},"end":{"line":48,"column":8}},"9":{"start":{"line":45,"column":8},"end":{"line":47,"column":11}},"10":{"start":{"line":53,"column":4},"end":{"line":61,"column":6}}},"fnMap":{"0":{"name":"(anonymous_0)","decl":{"start":{"line":23,"column":2},"end":{"line":23,"column":3}},"loc":{"start":{"line":23,"column":21},"end":{"line":29,"column":3}},"line":23},"1":{"name":"(anonymous_1)","decl":{"start":{"line":31,"column":2},"end":{"line":31,"column":3}},"loc":{"start":{"line":31,"column":22},"end":{"line":50,"column":3}},"line":31},"2":{"name":"(anonymous_2)","decl":{"start":{"line":34,"column":12},"end":{"line":34,"column":13}},"loc":{"start":{"line":34,"column":19},"end":{"line":38,"column":7}},"line":34},"3":{"name":"(anonymous_3)","decl":{"start":{"line":39,"column":13},"end":{"line":39,"column":14}},"loc":{"start":{"line":40,"column":8},"end":{"line":40,"column":33}},"line":40},"4":{"name":"(anonymous_4)","decl":{"start":{"line":44,"column":12},"end":{"line":44,"column":13}},"loc":{"start":{"line":44,"column":19},"end":{"line":48,"column":7}},"line":44},"5":{"name":"(anonymous_5)","decl":{"start":{"line":52,"column":2},"end":{"line":52,"column":3}},"loc":{"start":{"line":52,"column":11},"end":{"line":62,"column":3}},"line":52}},"branchMap":{},"s":{"0":2,"1":2,"2":4,"3":4,"4":4,"5":4,"6":0,"7":0,"8":4,"9":0,"10":4},"f":{"0":4,"1":4,"2":0,"3":0,"4":0,"5":4},"b":{},"_coverageSchema":"1a1c01bbd47fc00a2c39e90264f33305004495a9","hash":"f92258409e7df0c9812e3dd246d86a6b2c51ecc6"}
,"/root/hackreactor/fec/client/src/components/Overview/SM-Share.jsx": {"path":"/root/hackreactor/fec/client/src/components/Overview/SM-Share.jsx","statementMap":{"0":{"start":{"line":4,"column":35},"end":{"line":4,"column":40}},"1":{"start":{"line":6,"column":20},"end":{"line":10,"column":1}},"2":{"start":{"line":13,"column":2},"end":{"line":20,"column":4}}},"fnMap":{"0":{"name":"Share","decl":{"start":{"line":12,"column":9},"end":{"line":12,"column":14}},"loc":{"start":{"line":12,"column":22},"end":{"line":22,"column":1}},"line":12}},"branchMap":{},"s":{"0":2,"1":2,"2":4},"f":{"0":4},"b":{},"_coverageSchema":"1a1c01bbd47fc00a2c39e90264f33305004495a9","hash":"837fe44e5cf660d623ed262cd8a9013e1fa81004"}
,"/root/hackreactor/fec/client/src/components/Overview/SM-StarRating.jsx": {"path":"/root/hackreactor/fec/client/src/components/Overview/SM-StarRating.jsx","statementMap":{"0":{"start":{"line":6,"column":4},"end":{"line":19,"column":5}},"1":{"start":{"line":7,"column":6},"end":{"line":7,"column":34}},"2":{"start":{"line":9,"column":6},"end":{"line":11,"column":7}},"3":{"start":{"line":10,"column":8},"end":{"line":10,"column":36}},"4":{"start":{"line":12,"column":6},"end":{"line":14,"column":7}},"5":{"start":{"line":13,"column":8},"end":{"line":13,"column":39}},"6":{"start":{"line":15,"column":6},"end":{"line":17,"column":7}},"7":{"start":{"line":16,"column":8},"end":{"line":16,"column":38}},"8":{"start":{"line":18,"column":6},"end":{"line":18,"column":35}},"9":{"start":{"line":22,"column":2},"end":{"line":29,"column":4}},"10":{"start":{"line":26,"column":8},"end":{"line":26,"column":75}}},"fnMap":{"0":{"name":"StarRating","decl":{"start":{"line":3,"column":9},"end":{"line":3,"column":19}},"loc":{"start":{"line":3,"column":27},"end":{"line":31,"column":1}},"line":3},"1":{"name":"whichStar","decl":{"start":{"line":5,"column":11},"end":{"line":5,"column":20}},"loc":{"start":{"line":5,"column":36},"end":{"line":20,"column":3}},"line":5},"2":{"name":"(anonymous_2)","decl":{"start":{"line":25,"column":8},"end":{"line":25,"column":9}},"loc":{"start":{"line":26,"column":8},"end":{"line":26,"column":75}},"line":26}},"branchMap":{"0":{"loc":{"start":{"line":6,"column":4},"end":{"line":19,"column":5}},"type":"if","locations":[{"start":{"line":6,"column":4},"end":{"line":19,"column":5}},{"start":{"line":8,"column":11},"end":{"line":19,"column":5}}],"line":6},"1":{"loc":{"start":{"line":9,"column":6},"end":{"line":11,"column":7}},"type":"if","locations":[{"start":{"line":9,"column":6},"end":{"line":11,"column":7}},{"start":{},"end":{}}],"line":9},"2":{"loc":{"start":{"line":9,"column":10},"end":{"line":9,"column":86}},"type":"binary-expr","locations":[{"start":{"line":9,"column":10},"end":{"line":9,"column":34}},{"start":{"line":9,"column":39},"end":{"line":9,"column":60}},{"start":{"line":9,"column":64},"end":{"line":9,"column":85}}],"line":9},"3":{"loc":{"start":{"line":12,"column":6},"end":{"line":14,"column":7}},"type":"if","locations":[{"start":{"line":12,"column":6},"end":{"line":14,"column":7}},{"start":{},"end":{}}],"line":12},"4":{"loc":{"start":{"line":12,"column":10},"end":{"line":12,"column":50}},"type":"binary-expr","locations":[{"start":{"line":12,"column":10},"end":{"line":12,"column":32}},{"start":{"line":12,"column":36},"end":{"line":12,"column":50}}],"line":12},"5":{"loc":{"start":{"line":15,"column":6},"end":{"line":17,"column":7}},"type":"if","locations":[{"start":{"line":15,"column":6},"end":{"line":17,"column":7}},{"start":{},"end":{}}],"line":15}},"s":{"0":20,"1":0,"2":20,"3":0,"4":20,"5":0,"6":20,"7":0,"8":20,"9":4,"10":20},"f":{"0":4,"1":20,"2":20},"b":{"0":[0,20],"1":[0,20],"2":[20,20,0],"3":[0,20],"4":[20,20],"5":[0,20]},"_coverageSchema":"1a1c01bbd47fc00a2c39e90264f33305004495a9","hash":"d3c5fd7b4ef5ed1c54c937302a8e2167f1cbef4c"}
,"/root/hackreactor/fec/client/src/components/Overview/SM-StyleRow.jsx": {"path":"/root/hackreactor/fec/client/src/components/Overview/SM-StyleRow.jsx","statementMap":{"0":{"start":{"line":3,"column":18},"end":{"line":8,"column":1}},"1":{"start":{"line":16,"column":4},"end":{"line":21,"column":5}},"2":{"start":{"line":17,"column":27},"end":{"line":17,"column":58}},"3":{"start":{"line":18,"column":23},"end":{"line":18,"column":39}},"4":{"start":{"line":19,"column":6},"end":{"line":19,"column":25}},"5":{"start":{"line":20,"column":6},"end":{"line":20,"column":85}},"6":{"start":{"line":24,"column":2},"end":{"line":37,"column":4}},"7":{"start":{"line":28,"column":6},"end":{"line":32,"column":13}},"8":{"start":{"line":30,"column":28},"end":{"line":30,"column":50}}},"fnMap":{"0":{"name":"Row","decl":{"start":{"line":10,"column":24},"end":{"line":10,"column":27}},"loc":{"start":{"line":10,"column":35},"end":{"line":38,"column":1}},"line":10},"1":{"name":"renderStyles","decl":{"start":{"line":15,"column":11},"end":{"line":15,"column":23}},"loc":{"start":{"line":15,"column":37},"end":{"line":22,"column":3}},"line":15},"2":{"name":"(anonymous_2)","decl":{"start":{"line":27,"column":25},"end":{"line":27,"column":26}},"loc":{"start":{"line":28,"column":6},"end":{"line":32,"column":13}},"line":28},"3":{"name":"(anonymous_3)","decl":{"start":{"line":30,"column":15},"end":{"line":30,"column":16}},"loc":{"start":{"line":30,"column":28},"end":{"line":30,"column":50}},"line":30}},"branchMap":{"0":{"loc":{"start":{"line":16,"column":4},"end":{"line":21,"column":5}},"type":"if","locations":[{"start":{"line":16,"column":4},"end":{"line":21,"column":5}},{"start":{},"end":{}}],"line":16}},"s":{"0":2,"1":56,"2":42,"3":42,"4":42,"5":42,"6":14,"7":56,"8":0},"f":{"0":14,"1":56,"2":56,"3":0},"b":{"0":[42,14]},"_coverageSchema":"1a1c01bbd47fc00a2c39e90264f33305004495a9","hash":"521b96c027e1baac30d44a3b7cc1132fa5b51e66"}
,"/root/hackreactor/fec/client/src/components/Overview/SM-StyleSelector.jsx": {"path":"/root/hackreactor/fec/client/src/components/Overview/SM-StyleSelector.jsx","statementMap":{"0":{"start":{"line":7,"column":23},"end":{"line":7,"column":45}},"1":{"start":{"line":8,"column":27},"end":{"line":8,"column":49}},"2":{"start":{"line":9,"column":31},"end":{"line":9,"column":51}},"3":{"start":{"line":12,"column":22},"end":{"line":18,"column":5}},"4":{"start":{"line":14,"column":8},"end":{"line":16,"column":10}},"5":{"start":{"line":19,"column":4},"end":{"line":19,"column":21}},"6":{"start":{"line":22,"column":34},"end":{"line":22,"column":74}},"7":{"start":{"line":24,"column":26},"end":{"line":24,"column":38}},"8":{"start":{"line":28,"column":13},"end":{"line":28,"column":45}},"9":{"start":{"line":29,"column":19},"end":{"line":29,"column":20}},"10":{"start":{"line":33,"column":4},"end":{"line":40,"column":5}},"11":{"start":{"line":34,"column":20},"end":{"line":34,"column":58}},"12":{"start":{"line":35,"column":6},"end":{"line":35,"column":34}},"13":{"start":{"line":36,"column":6},"end":{"line":36,"column":21}},"14":{"start":{"line":38,"column":29},"end":{"line":38,"column":64}},"15":{"start":{"line":39,"column":6},"end":{"line":39,"column":30}},"16":{"start":{"line":46,"column":22},"end":{"line":46,"column":34}},"17":{"start":{"line":48,"column":4},"end":{"line":55,"column":5}},"18":{"start":{"line":49,"column":6},"end":{"line":54,"column":7}},"19":{"start":{"line":50,"column":23},"end":{"line":50,"column":37}},"20":{"start":{"line":51,"column":8},"end":{"line":51,"column":33}},"21":{"start":{"line":52,"column":8},"end":{"line":52,"column":38}},"22":{"start":{"line":53,"column":8},"end":{"line":53,"column":14}},"23":{"start":{"line":56,"column":4},"end":{"line":56,"column":28}},"24":{"start":{"line":62,"column":4},"end":{"line":62,"column":23}},"25":{"start":{"line":63,"column":4},"end":{"line":63,"column":26}},"26":{"start":{"line":64,"column":4},"end":{"line":64,"column":31}},"27":{"start":{"line":68,"column":2},"end":{"line":68,"column":71}},"28":{"start":{"line":68,"column":18},"end":{"line":68,"column":58}},"29":{"start":{"line":71,"column":4},"end":{"line":71,"column":28}},"30":{"start":{"line":75,"column":2},"end":{"line":110,"column":4}},"31":{"start":{"line":78,"column":6},"end":{"line":83,"column":8}},"32":{"start":{"line":88,"column":53},"end":{"line":88,"column":66}},"33":{"start":{"line":92,"column":14},"end":{"line":92,"column":112}}},"fnMap":{"0":{"name":"StyleSelector","decl":{"start":{"line":5,"column":24},"end":{"line":5,"column":37}},"loc":{"start":{"line":5,"column":41},"end":{"line":112,"column":1}},"line":5},"1":{"name":"makeSkusArray","decl":{"start":{"line":11,"column":11},"end":{"line":11,"column":24}},"loc":{"start":{"line":11,"column":30},"end":{"line":20,"column":3}},"line":11},"2":{"name":"(anonymous_2)","decl":{"start":{"line":13,"column":6},"end":{"line":13,"column":7}},"loc":{"start":{"line":13,"column":15},"end":{"line":17,"column":7}},"line":13},"3":{"name":"renderRow","decl":{"start":{"line":32,"column":11},"end":{"line":32,"column":20}},"loc":{"start":{"line":32,"column":33},"end":{"line":42,"column":3}},"line":32},"4":{"name":"changeDisplay","decl":{"start":{"line":45,"column":11},"end":{"line":45,"column":24}},"loc":{"start":{"line":45,"column":32},"end":{"line":57,"column":3}},"line":45},"5":{"name":"changeFirst","decl":{"start":{"line":61,"column":11},"end":{"line":61,"column":22}},"loc":{"start":{"line":61,"column":26},"end":{"line":65,"column":3}},"line":61},"6":{"name":"(anonymous_6)","decl":{"start":{"line":68,"column":12},"end":{"line":68,"column":13}},"loc":{"start":{"line":68,"column":18},"end":{"line":68,"column":58}},"line":68},"7":{"name":"selectSize","decl":{"start":{"line":70,"column":11},"end":{"line":70,"column":21}},"loc":{"start":{"line":70,"column":25},"end":{"line":72,"column":3}},"line":70},"8":{"name":"(anonymous_8)","decl":{"start":{"line":77,"column":28},"end":{"line":77,"column":29}},"loc":{"start":{"line":78,"column":6},"end":{"line":83,"column":8}},"line":78},"9":{"name":"(anonymous_9)","decl":{"start":{"line":88,"column":46},"end":{"line":88,"column":47}},"loc":{"start":{"line":88,"column":53},"end":{"line":88,"column":66}},"line":88},"10":{"name":"(anonymous_10)","decl":{"start":{"line":91,"column":30},"end":{"line":91,"column":31}},"loc":{"start":{"line":91,"column":46},"end":{"line":93,"column":13}},"line":91}},"branchMap":{"0":{"loc":{"start":{"line":33,"column":4},"end":{"line":40,"column":5}},"type":"if","locations":[{"start":{"line":33,"column":4},"end":{"line":40,"column":5}},{"start":{"line":37,"column":11},"end":{"line":40,"column":5}}],"line":33},"1":{"loc":{"start":{"line":49,"column":6},"end":{"line":54,"column":7}},"type":"if","locations":[{"start":{"line":49,"column":6},"end":{"line":54,"column":7}},{"start":{},"end":{}}],"line":49}},"s":{"0":9,"1":9,"2":7,"3":10,"4":60,"5":10,"6":7,"7":7,"8":7,"9":7,"10":14,"11":7,"12":7,"13":7,"14":7,"15":7,"16":0,"17":0,"18":0,"19":0,"20":0,"21":0,"22":0,"23":0,"24":0,"25":0,"26":0,"27":7,"28":3,"29":0,"30":7,"31":14,"32":0,"33":42},"f":{"0":9,"1":10,"2":60,"3":14,"4":0,"5":0,"6":3,"7":0,"8":14,"9":0,"10":42},"b":{"0":[7,7],"1":[0,0]},"_coverageSchema":"1a1c01bbd47fc00a2c39e90264f33305004495a9","hash":"35e8dadb00332ca48baa55248a419bd213048035"}
,"/root/hackreactor/fec/client/src/components/Overview/SM-dummyproductdata.js": {"path":"/root/hackreactor/fec/client/src/components/Overview/SM-dummyproductdata.js","statementMap":{"0":{"start":{"line":1,"column":20},"end":{"line":13,"column":1}}},"fnMap":{},"branchMap":{},"s":{"0":2},"f":{},"b":{},"_coverageSchema":"1a1c01bbd47fc00a2c39e90264f33305004495a9","hash":"31ef3c9fbe24cc2c0d956e24ddb2472e64402694"}
,"/root/hackreactor/fec/client/src/components/Overview/SM-dummystylesdata.js": {"path":"/root/hackreactor/fec/client/src/components/Overview/SM-dummystylesdata.js","statementMap":{"0":{"start":{"line":1,"column":19},"end":{"line":356,"column":3}}},"fnMap":{},"branchMap":{},"s":{"0":2},"f":{},"b":{},"_coverageSchema":"1a1c01bbd47fc00a2c39e90264f33305004495a9","hash":"ef270b0efb1db598a6bb465fa61283fed9b40649"}
,"/root/hackreactor/fec/client/src/components/Overview/SM-icons.js": {"path":"/root/hackreactor/fec/client/src/components/Overview/SM-icons.js","statementMap":{},"fnMap":{},"branchMap":{},"s":{},"f":{},"b":{},"_coverageSchema":"1a1c01bbd47fc00a2c39e90264f33305004495a9","hash":"739a58fa7b5f769e8b62735ef0b1a006f8f536e6"}
,"/root/hackreactor/fec/client/src/components/QandA/AddAnswer.jsx": {"path":"/root/hackreactor/fec/client/src/components/QandA/AddAnswer.jsx","statementMap":{"0":{"start":{"line":7,"column":4},"end":{"line":7,"column":17}},"1":{"start":{"line":8,"column":4},"end":{"line":12,"column":6}},"2":{"start":{"line":13,"column":4},"end":{"line":13,"column":53}},"3":{"start":{"line":14,"column":4},"end":{"line":14,"column":53}},"4":{"start":{"line":15,"column":4},"end":{"line":15,"column":57}},"5":{"start":{"line":16,"column":4},"end":{"line":16,"column":51}},"6":{"start":{"line":20,"column":4},"end":{"line":20,"column":46}},"7":{"start":{"line":25,"column":4},"end":{"line":25,"column":48}},"8":{"start":{"line":30,"column":4},"end":{"line":30,"column":45}},"9":{"start":{"line":36,"column":4},"end":{"line":36,"column":23}},"10":{"start":{"line":41,"column":4},"end":{"line":52,"column":9}},"11":{"start":{"line":47,"column":8},"end":{"line":47,"column":30}},"12":{"start":{"line":51,"column":8},"end":{"line":51,"column":79}},"13":{"start":{"line":54,"column":4},"end":{"line":54,"column":32}},"14":{"start":{"line":58,"column":4},"end":{"line":107,"column":6}}},"fnMap":{"0":{"name":"(anonymous_0)","decl":{"start":{"line":6,"column":2},"end":{"line":6,"column":3}},"loc":{"start":{"line":6,"column":21},"end":{"line":17,"column":3}},"line":6},"1":{"name":"(anonymous_1)","decl":{"start":{"line":19,"column":2},"end":{"line":19,"column":3}},"loc":{"start":{"line":19,"column":18},"end":{"line":22,"column":3}},"line":19},"2":{"name":"(anonymous_2)","decl":{"start":{"line":24,"column":2},"end":{"line":24,"column":3}},"loc":{"start":{"line":24,"column":20},"end":{"line":27,"column":3}},"line":24},"3":{"name":"(anonymous_3)","decl":{"start":{"line":29,"column":2},"end":{"line":29,"column":3}},"loc":{"start":{"line":29,"column":17},"end":{"line":32,"column":3}},"line":29},"4":{"name":"(anonymous_4)","decl":{"start":{"line":35,"column":2},"end":{"line":35,"column":3}},"loc":{"start":{"line":35,"column":18},"end":{"line":55,"column":3}},"line":35},"5":{"name":"(anonymous_5)","decl":{"start":{"line":46,"column":12},"end":{"line":46,"column":13}},"loc":{"start":{"line":46,"column":26},"end":{"line":49,"column":7}},"line":46},"6":{"name":"(anonymous_6)","decl":{"start":{"line":50,"column":13},"end":{"line":50,"column":14}},"loc":{"start":{"line":50,"column":22},"end":{"line":52,"column":7}},"line":50},"7":{"name":"(anonymous_7)","decl":{"start":{"line":57,"column":2},"end":{"line":57,"column":3}},"loc":{"start":{"line":57,"column":11},"end":{"line":108,"column":3}},"line":57}},"branchMap":{},"s":{"0":0,"1":0,"2":0,"3":0,"4":0,"5":0,"6":0,"7":0,"8":0,"9":0,"10":0,"11":0,"12":0,"13":0,"14":0},"f":{"0":0,"1":0,"2":0,"3":0,"4":0,"5":0,"6":0,"7":0},"b":{},"_coverageSchema":"1a1c01bbd47fc00a2c39e90264f33305004495a9","hash":"d26c78322fd76ba81e180568c1b379c431709fad"}
,"/root/hackreactor/fec/client/src/components/QandA/AddQuestion.jsx": {"path":"/root/hackreactor/fec/client/src/components/QandA/AddQuestion.jsx","statementMap":{"0":{"start":{"line":7,"column":4},"end":{"line":7,"column":17}},"1":{"start":{"line":8,"column":4},"end":{"line":12,"column":6}},"2":{"start":{"line":13,"column":4},"end":{"line":13,"column":57}},"3":{"start":{"line":14,"column":4},"end":{"line":14,"column":57}},"4":{"start":{"line":15,"column":4},"end":{"line":15,"column":57}},"5":{"start":{"line":16,"column":4},"end":{"line":16,"column":51}},"6":{"start":{"line":20,"column":4},"end":{"line":20,"column":48}},"7":{"start":{"line":25,"column":4},"end":{"line":25,"column":48}},"8":{"start":{"line":30,"column":4},"end":{"line":30,"column":45}},"9":{"start":{"line":36,"column":4},"end":{"line":36,"column":23}},"10":{"start":{"line":41,"column":4},"end":{"line":53,"column":9}},"11":{"start":{"line":48,"column":8},"end":{"line":48,"column":30}},"12":{"start":{"line":52,"column":8},"end":{"line":52,"column":79}},"13":{"start":{"line":55,"column":4},"end":{"line":55,"column":34}},"14":{"start":{"line":59,"column":4},"end":{"line":110,"column":6}}},"fnMap":{"0":{"name":"(anonymous_0)","decl":{"start":{"line":6,"column":2},"end":{"line":6,"column":3}},"loc":{"start":{"line":6,"column":21},"end":{"line":17,"column":3}},"line":6},"1":{"name":"(anonymous_1)","decl":{"start":{"line":19,"column":2},"end":{"line":19,"column":3}},"loc":{"start":{"line":19,"column":20},"end":{"line":22,"column":3}},"line":19},"2":{"name":"(anonymous_2)","decl":{"start":{"line":24,"column":2},"end":{"line":24,"column":3}},"loc":{"start":{"line":24,"column":20},"end":{"line":27,"column":3}},"line":24},"3":{"name":"(anonymous_3)","decl":{"start":{"line":29,"column":2},"end":{"line":29,"column":3}},"loc":{"start":{"line":29,"column":17},"end":{"line":32,"column":3}},"line":29},"4":{"name":"(anonymous_4)","decl":{"start":{"line":35,"column":2},"end":{"line":35,"column":3}},"loc":{"start":{"line":35,"column":20},"end":{"line":56,"column":3}},"line":35},"5":{"name":"(anonymous_5)","decl":{"start":{"line":47,"column":12},"end":{"line":47,"column":13}},"loc":{"start":{"line":47,"column":26},"end":{"line":50,"column":7}},"line":47},"6":{"name":"(anonymous_6)","decl":{"start":{"line":51,"column":13},"end":{"line":51,"column":14}},"loc":{"start":{"line":51,"column":22},"end":{"line":53,"column":7}},"line":51},"7":{"name":"(anonymous_7)","decl":{"start":{"line":58,"column":2},"end":{"line":58,"column":3}},"loc":{"start":{"line":58,"column":11},"end":{"line":111,"column":3}},"line":58}},"branchMap":{},"s":{"0":0,"1":0,"2":0,"3":0,"4":0,"5":0,"6":0,"7":0,"8":0,"9":0,"10":0,"11":0,"12":0,"13":0,"14":0},"f":{"0":0,"1":0,"2":0,"3":0,"4":0,"5":0,"6":0,"7":0},"b":{},"_coverageSchema":"1a1c01bbd47fc00a2c39e90264f33305004495a9","hash":"5982565d27c543d1b18935e5da113753bcde15c5"}
,"/root/hackreactor/fec/client/src/components/QandA/AnswersView.jsx": {"path":"/root/hackreactor/fec/client/src/components/QandA/AnswersView.jsx","statementMap":{"0":{"start":{"line":7,"column":4},"end":{"line":7,"column":17}},"1":{"start":{"line":8,"column":4},"end":{"line":11,"column":6}},"2":{"start":{"line":13,"column":4},"end":{"line":13,"column":55}},"3":{"start":{"line":14,"column":4},"end":{"line":14,"column":73}},"4":{"start":{"line":15,"column":4},"end":{"line":15,"column":51}},"5":{"start":{"line":16,"column":4},"end":{"line":16,"column":59}},"6":{"start":{"line":20,"column":16},"end":{"line":20,"column":36}},"7":{"start":{"line":21,"column":4},"end":{"line":34,"column":5}},"8":{"start":{"line":22,"column":6},"end":{"line":32,"column":11}},"9":{"start":{"line":28,"column":10},"end":{"line":28,"column":43}},"10":{"start":{"line":31,"column":10},"end":{"line":31,"column":27}},"11":{"start":{"line":33,"column":6},"end":{"line":33,"column":70}},"12":{"start":{"line":38,"column":4},"end":{"line":40,"column":5}},"13":{"start":{"line":39,"column":6},"end":{"line":39,"column":54}},"14":{"start":{"line":41,"column":4},"end":{"line":41,"column":56}},"15":{"start":{"line":45,"column":16},"end":{"line":45,"column":36}},"16":{"start":{"line":46,"column":4},"end":{"line":59,"column":5}},"17":{"start":{"line":47,"column":6},"end":{"line":57,"column":11}},"18":{"start":{"line":53,"column":10},"end":{"line":53,"column":44}},"19":{"start":{"line":56,"column":10},"end":{"line":56,"column":27}},"20":{"start":{"line":58,"column":6},"end":{"line":58,"column":66}},"21":{"start":{"line":63,"column":4},"end":{"line":65,"column":5}},"22":{"start":{"line":64,"column":6},"end":{"line":64,"column":49}},"23":{"start":{"line":66,"column":4},"end":{"line":66,"column":49}},"24":{"start":{"line":70,"column":4},"end":{"line":89,"column":6}}},"fnMap":{"0":{"name":"(anonymous_0)","decl":{"start":{"line":6,"column":2},"end":{"line":6,"column":3}},"loc":{"start":{"line":6,"column":21},"end":{"line":17,"column":3}},"line":6},"1":{"name":"(anonymous_1)","decl":{"start":{"line":19,"column":2},"end":{"line":19,"column":3}},"loc":{"start":{"line":19,"column":18},"end":{"line":35,"column":3}},"line":19},"2":{"name":"(anonymous_2)","decl":{"start":{"line":27,"column":14},"end":{"line":27,"column":15}},"loc":{"start":{"line":27,"column":27},"end":{"line":29,"column":9}},"line":27},"3":{"name":"(anonymous_3)","decl":{"start":{"line":30,"column":15},"end":{"line":30,"column":16}},"loc":{"start":{"line":30,"column":24},"end":{"line":32,"column":9}},"line":30},"4":{"name":"(anonymous_4)","decl":{"start":{"line":37,"column":2},"end":{"line":37,"column":3}},"loc":{"start":{"line":37,"column":27},"end":{"line":42,"column":3}},"line":37},"5":{"name":"(anonymous_5)","decl":{"start":{"line":44,"column":2},"end":{"line":44,"column":3}},"loc":{"start":{"line":44,"column":16},"end":{"line":60,"column":3}},"line":44},"6":{"name":"(anonymous_6)","decl":{"start":{"line":52,"column":14},"end":{"line":52,"column":15}},"loc":{"start":{"line":52,"column":27},"end":{"line":54,"column":9}},"line":52},"7":{"name":"(anonymous_7)","decl":{"start":{"line":55,"column":15},"end":{"line":55,"column":16}},"loc":{"start":{"line":55,"column":24},"end":{"line":57,"column":9}},"line":55},"8":{"name":"(anonymous_8)","decl":{"start":{"line":62,"column":2},"end":{"line":62,"column":3}},"loc":{"start":{"line":62,"column":20},"end":{"line":67,"column":3}},"line":62},"9":{"name":"(anonymous_9)","decl":{"start":{"line":69,"column":2},"end":{"line":69,"column":3}},"loc":{"start":{"line":69,"column":11},"end":{"line":90,"column":3}},"line":69}},"branchMap":{"0":{"loc":{"start":{"line":21,"column":4},"end":{"line":34,"column":5}},"type":"if","locations":[{"start":{"line":21,"column":4},"end":{"line":34,"column":5}},{"start":{},"end":{}}],"line":21},"1":{"loc":{"start":{"line":38,"column":4},"end":{"line":40,"column":5}},"type":"if","locations":[{"start":{"line":38,"column":4},"end":{"line":40,"column":5}},{"start":{},"end":{}}],"line":38},"2":{"loc":{"start":{"line":46,"column":4},"end":{"line":59,"column":5}},"type":"if","locations":[{"start":{"line":46,"column":4},"end":{"line":59,"column":5}},{"start":{},"end":{}}],"line":46},"3":{"loc":{"start":{"line":63,"column":4},"end":{"line":65,"column":5}},"type":"if","locations":[{"start":{"line":63,"column":4},"end":{"line":65,"column":5}},{"start":{},"end":{}}],"line":63},"4":{"loc":{"start":{"line":77,"column":13},"end":{"line":78,"column":95}},"type":"cond-expr","locations":[{"start":{"line":78,"column":14},"end":{"line":78,"column":54}},{"start":{"line":78,"column":57},"end":{"line":78,"column":95}}],"line":77}},"s":{"0":16,"1":16,"2":16,"3":16,"4":16,"5":16,"6":0,"7":0,"8":0,"9":0,"10":0,"11":0,"12":16,"13":16,"14":0,"15":0,"16":0,"17":0,"18":0,"19":0,"20":0,"21":16,"22":16,"23":0,"24":16},"f":{"0":16,"1":0,"2":0,"3":0,"4":16,"5":0,"6":0,"7":0,"8":16,"9":16},"b":{"0":[0,0],"1":[16,0],"2":[0,0],"3":[16,0],"4":[4,12]},"_coverageSchema":"1a1c01bbd47fc00a2c39e90264f33305004495a9","hash":"a30eec0fdc6341a85ded2866635d9165e00d8ab1"}
,"/root/hackreactor/fec/client/src/components/QandA/QandA.jsx": {"path":"/root/hackreactor/fec/client/src/components/QandA/QandA.jsx","statementMap":{"0":{"start":{"line":10,"column":4},"end":{"line":10,"column":17}},"1":{"start":{"line":11,"column":4},"end":{"line":16,"column":6}},"2":{"start":{"line":18,"column":4},"end":{"line":18,"column":51}},"3":{"start":{"line":19,"column":4},"end":{"line":19,"column":53}},"4":{"start":{"line":20,"column":4},"end":{"line":20,"column":51}},"5":{"start":{"line":24,"column":4},"end":{"line":24,"column":23}},"6":{"start":{"line":29,"column":4},"end":{"line":41,"column":9}},"7":{"start":{"line":36,"column":8},"end":{"line":36,"column":51}},"8":{"start":{"line":40,"column":8},"end":{"line":40,"column":25}},"9":{"start":{"line":46,"column":4},"end":{"line":48,"column":5}},"10":{"start":{"line":47,"column":6},"end":{"line":47,"column":52}},"11":{"start":{"line":49,"column":4},"end":{"line":55,"column":5}},"12":{"start":{"line":50,"column":6},"end":{"line":52,"column":7}},"13":{"start":{"line":51,"column":8},"end":{"line":51,"column":36}},"14":{"start":{"line":53,"column":6},"end":{"line":53,"column":59}},"15":{"start":{"line":54,"column":6},"end":{"line":54,"column":40}},"16":{"start":{"line":64,"column":4},"end":{"line":64,"column":23}},"17":{"start":{"line":66,"column":4},"end":{"line":68,"column":5}},"18":{"start":{"line":67,"column":6},"end":{"line":67,"column":34}},"19":{"start":{"line":69,"column":22},"end":{"line":69,"column":53}},"20":{"start":{"line":71,"column":4},"end":{"line":76,"column":5}},"21":{"start":{"line":71,"column":17},"end":{"line":71,"column":18}},"22":{"start":{"line":72,"column":6},"end":{"line":75,"column":7}},"23":{"start":{"line":73,"column":8},"end":{"line":73,"column":49}},"24":{"start":{"line":74,"column":8},"end":{"line":74,"column":61}},"25":{"start":{"line":77,"column":4},"end":{"line":77,"column":55}},"26":{"start":{"line":83,"column":4},"end":{"line":97,"column":6}}},"fnMap":{"0":{"name":"(anonymous_0)","decl":{"start":{"line":9,"column":2},"end":{"line":9,"column":3}},"loc":{"start":{"line":9,"column":21},"end":{"line":21,"column":3}},"line":9},"1":{"name":"(anonymous_1)","decl":{"start":{"line":23,"column":2},"end":{"line":23,"column":3}},"loc":{"start":{"line":23,"column":22},"end":{"line":25,"column":3}},"line":23},"2":{"name":"(anonymous_2)","decl":{"start":{"line":27,"column":2},"end":{"line":27,"column":3}},"loc":{"start":{"line":27,"column":16},"end":{"line":42,"column":3}},"line":27},"3":{"name":"(anonymous_3)","decl":{"start":{"line":34,"column":12},"end":{"line":34,"column":13}},"loc":{"start":{"line":34,"column":22},"end":{"line":38,"column":7}},"line":34},"4":{"name":"(anonymous_4)","decl":{"start":{"line":39,"column":13},"end":{"line":39,"column":14}},"loc":{"start":{"line":39,"column":22},"end":{"line":41,"column":7}},"line":39},"5":{"name":"(anonymous_5)","decl":{"start":{"line":45,"column":2},"end":{"line":45,"column":3}},"loc":{"start":{"line":45,"column":18},"end":{"line":60,"column":3}},"line":45},"6":{"name":"(anonymous_6)","decl":{"start":{"line":63,"column":2},"end":{"line":63,"column":3}},"loc":{"start":{"line":63,"column":17},"end":{"line":79,"column":3}},"line":63},"7":{"name":"(anonymous_7)","decl":{"start":{"line":82,"column":2},"end":{"line":82,"column":3}},"loc":{"start":{"line":82,"column":11},"end":{"line":98,"column":3}},"line":82}},"branchMap":{"0":{"loc":{"start":{"line":46,"column":4},"end":{"line":48,"column":5}},"type":"if","locations":[{"start":{"line":46,"column":4},"end":{"line":48,"column":5}},{"start":{},"end":{}}],"line":46},"1":{"loc":{"start":{"line":49,"column":4},"end":{"line":55,"column":5}},"type":"if","locations":[{"start":{"line":49,"column":4},"end":{"line":55,"column":5}},{"start":{},"end":{}}],"line":49},"2":{"loc":{"start":{"line":72,"column":6},"end":{"line":75,"column":7}},"type":"if","locations":[{"start":{"line":72,"column":6},"end":{"line":75,"column":7}},{"start":{},"end":{}}],"line":72}},"s":{"0":4,"1":4,"2":4,"3":4,"4":4,"5":4,"6":4,"7":0,"8":0,"9":0,"10":0,"11":0,"12":0,"13":0,"14":0,"15":0,"16":0,"17":0,"18":0,"19":0,"20":0,"21":0,"22":0,"23":0,"24":0,"25":0,"26":4},"f":{"0":4,"1":4,"2":4,"3":0,"4":0,"5":0,"6":0,"7":4},"b":{"0":[0,0],"1":[0,0],"2":[0,0]},"_coverageSchema":"1a1c01bbd47fc00a2c39e90264f33305004495a9","hash":"31516e1ca5f7a424cd376b6a15ef9f6534162e41"}
,"/root/hackreactor/fec/client/src/components/QandA/Questions.jsx": {"path":"/root/hackreactor/fec/client/src/components/QandA/Questions.jsx","statementMap":{"0":{"start":{"line":8,"column":4},"end":{"line":8,"column":17}},"1":{"start":{"line":9,"column":4},"end":{"line":15,"column":6}},"2":{"start":{"line":17,"column":4},"end":{"line":17,"column":65}},"3":{"start":{"line":18,"column":4},"end":{"line":18,"column":69}},"4":{"start":{"line":19,"column":4},"end":{"line":19,"column":55}},"5":{"start":{"line":20,"column":4},"end":{"line":20,"column":77}},"6":{"start":{"line":21,"column":4},"end":{"line":21,"column":61}},"7":{"start":{"line":22,"column":4},"end":{"line":22,"column":59}},"8":{"start":{"line":23,"column":4},"end":{"line":23,"column":61}},"9":{"start":{"line":28,"column":4},"end":{"line":28,"column":79}},"10":{"start":{"line":33,"column":26},"end":{"line":33,"column":35}},"11":{"start":{"line":34,"column":25},"end":{"line":34,"column":60}},"12":{"start":{"line":35,"column":4},"end":{"line":35,"column":46}},"13":{"start":{"line":37,"column":4},"end":{"line":50,"column":5}},"14":{"start":{"line":38,"column":6},"end":{"line":49,"column":8}},"15":{"start":{"line":41,"column":12},"end":{"line":46,"column":14}},"16":{"start":{"line":50,"column":6},"end":{"line":64,"column":5}},"17":{"start":{"line":52,"column":6},"end":{"line":63,"column":8}},"18":{"start":{"line":55,"column":12},"end":{"line":60,"column":14}},"19":{"start":{"line":65,"column":4},"end":{"line":65,"column":17}},"20":{"start":{"line":70,"column":4},"end":{"line":70,"column":64}},"21":{"start":{"line":75,"column":4},"end":{"line":84,"column":5}},"22":{"start":{"line":76,"column":6},"end":{"line":80,"column":7}},"23":{"start":{"line":77,"column":8},"end":{"line":79,"column":10}},"24":{"start":{"line":81,"column":6},"end":{"line":83,"column":8}},"25":{"start":{"line":85,"column":4},"end":{"line":85,"column":17}},"26":{"start":{"line":90,"column":4},"end":{"line":92,"column":5}},"27":{"start":{"line":91,"column":6},"end":{"line":91,"column":55}},"28":{"start":{"line":93,"column":4},"end":{"line":93,"column":63}},"29":{"start":{"line":98,"column":4},"end":{"line":98,"column":54}},"30":{"start":{"line":102,"column":4},"end":{"line":111,"column":5}},"31":{"start":{"line":103,"column":6},"end":{"line":110,"column":8}},"32":{"start":{"line":112,"column":4},"end":{"line":112,"column":17}},"33":{"start":{"line":117,"column":4},"end":{"line":124,"column":6}}},"fnMap":{"0":{"name":"(anonymous_0)","decl":{"start":{"line":7,"column":2},"end":{"line":7,"column":3}},"loc":{"start":{"line":7,"column":21},"end":{"line":24,"column":3}},"line":7},"1":{"name":"(anonymous_1)","decl":{"start":{"line":27,"column":2},"end":{"line":27,"column":3}},"loc":{"start":{"line":27,"column":19},"end":{"line":29,"column":3}},"line":27},"2":{"name":"(anonymous_2)","decl":{"start":{"line":32,"column":2},"end":{"line":32,"column":3}},"loc":{"start":{"line":32,"column":27},"end":{"line":66,"column":3}},"line":32},"3":{"name":"(anonymous_3)","decl":{"start":{"line":40,"column":40},"end":{"line":40,"column":41}},"loc":{"start":{"line":41,"column":12},"end":{"line":46,"column":14}},"line":41},"4":{"name":"(anonymous_4)","decl":{"start":{"line":54,"column":28},"end":{"line":54,"column":29}},"loc":{"start":{"line":55,"column":12},"end":{"line":60,"column":14}},"line":55},"5":{"name":"(anonymous_5)","decl":{"start":{"line":69,"column":2},"end":{"line":69,"column":3}},"loc":{"start":{"line":69,"column":23},"end":{"line":71,"column":3}},"line":69},"6":{"name":"(anonymous_6)","decl":{"start":{"line":74,"column":2},"end":{"line":74,"column":3}},"loc":{"start":{"line":74,"column":25},"end":{"line":86,"column":3}},"line":74},"7":{"name":"(anonymous_7)","decl":{"start":{"line":89,"column":2},"end":{"line":89,"column":3}},"loc":{"start":{"line":89,"column":29},"end":{"line":94,"column":3}},"line":89},"8":{"name":"(anonymous_8)","decl":{"start":{"line":97,"column":2},"end":{"line":97,"column":3}},"loc":{"start":{"line":97,"column":21},"end":{"line":99,"column":3}},"line":97},"9":{"name":"(anonymous_9)","decl":{"start":{"line":101,"column":2},"end":{"line":101,"column":3}},"loc":{"start":{"line":101,"column":20},"end":{"line":113,"column":3}},"line":101},"10":{"name":"(anonymous_10)","decl":{"start":{"line":116,"column":2},"end":{"line":116,"column":3}},"loc":{"start":{"line":116,"column":11},"end":{"line":125,"column":3}},"line":116}},"branchMap":{"0":{"loc":{"start":{"line":37,"column":4},"end":{"line":50,"column":5}},"type":"if","locations":[{"start":{"line":37,"column":4},"end":{"line":50,"column":5}},{"start":{},"end":{}}],"line":37},"1":{"loc":{"start":{"line":37,"column":8},"end":{"line":37,"column":69}},"type":"binary-expr","locations":[{"start":{"line":37,"column":8},"end":{"line":37,"column":31}},{"start":{"line":37,"column":35},"end":{"line":37,"column":69}}],"line":37},"2":{"loc":{"start":{"line":50,"column":6},"end":{"line":64,"column":5}},"type":"if","locations":[{"start":{"line":50,"column":6},"end":{"line":64,"column":5}},{"start":{},"end":{}}],"line":50},"3":{"loc":{"start":{"line":50,"column":10},"end":{"line":51,"column":70}},"type":"binary-expr","locations":[{"start":{"line":50,"column":11},"end":{"line":50,"column":34}},{"start":{"line":50,"column":38},"end":{"line":50,"column":71}},{"start":{"line":51,"column":8},"end":{"line":51,"column":31}},{"start":{"line":51,"column":35},"end":{"line":51,"column":69}}],"line":50},"4":{"loc":{"start":{"line":75,"column":4},"end":{"line":84,"column":5}},"type":"if","locations":[{"start":{"line":75,"column":4},"end":{"line":84,"column":5}},{"start":{},"end":{}}],"line":75},"5":{"loc":{"start":{"line":76,"column":6},"end":{"line":80,"column":7}},"type":"if","locations":[{"start":{"line":76,"column":6},"end":{"line":80,"column":7}},{"start":{},"end":{}}],"line":76},"6":{"loc":{"start":{"line":90,"column":4},"end":{"line":92,"column":5}},"type":"if","locations":[{"start":{"line":90,"column":4},"end":{"line":92,"column":5}},{"start":{},"end":{}}],"line":90},"7":{"loc":{"start":{"line":102,"column":4},"end":{"line":111,"column":5}},"type":"if","locations":[{"start":{"line":102,"column":4},"end":{"line":111,"column":5}},{"start":{},"end":{}}],"line":102}},"s":{"0":4,"1":4,"2":4,"3":4,"4":4,"5":4,"6":4,"7":4,"8":4,"9":22,"10":4,"11":4,"12":4,"13":4,"14":4,"15":16,"16":0,"17":0,"18":0,"19":0,"20":0,"21":4,"22":4,"23":0,"24":4,"25":0,"26":4,"27":0,"28":4,"29":0,"30":4,"31":0,"32":4,"33":4},"f":{"0":4,"1":22,"2":4,"3":16,"4":0,"5":0,"6":4,"7":4,"8":0,"9":4,"10":4},"b":{"0":[4,0],"1":[4,4],"2":[0,0],"3":[0,0,0,0],"4":[4,0],"5":[0,4],"6":[0,4],"7":[0,4]},"_coverageSchema":"1a1c01bbd47fc00a2c39e90264f33305004495a9","hash":"6a94eef502f7266ddd79cb8c060f24fa0de7f28e"}
,"/root/hackreactor/fec/client/src/components/QandA/QuestionsView.jsx": {"path":"/root/hackreactor/fec/client/src/components/QandA/QuestionsView.jsx","statementMap":{"0":{"start":{"line":10,"column":4},"end":{"line":10,"column":17}},"1":{"start":{"line":11,"column":4},"end":{"line":16,"column":6}},"2":{"start":{"line":18,"column":4},"end":{"line":18,"column":51}},"3":{"start":{"line":19,"column":4},"end":{"line":19,"column":61}},"4":{"start":{"line":20,"column":4},"end":{"line":20,"column":57}},"5":{"start":{"line":21,"column":4},"end":{"line":21,"column":53}},"6":{"start":{"line":22,"column":4},"end":{"line":22,"column":71}},"7":{"start":{"line":23,"column":4},"end":{"line":23,"column":57}},"8":{"start":{"line":24,"column":4},"end":{"line":24,"column":55}},"9":{"start":{"line":29,"column":4},"end":{"line":29,"column":34}},"10":{"start":{"line":30,"column":4},"end":{"line":36,"column":5}},"11":{"start":{"line":31,"column":6},"end":{"line":35,"column":7}},"12":{"start":{"line":32,"column":8},"end":{"line":32,"column":63}},"13":{"start":{"line":34,"column":8},"end":{"line":34,"column":62}},"14":{"start":{"line":37,"column":4},"end":{"line":52,"column":5}},"15":{"start":{"line":38,"column":6},"end":{"line":42,"column":8}},"16":{"start":{"line":40,"column":74},"end":{"line":40,"column":122}},"17":{"start":{"line":43,"column":11},"end":{"line":52,"column":5}},"18":{"start":{"line":45,"column":6},"end":{"line":49,"column":8}},"19":{"start":{"line":47,"column":62},"end":{"line":47,"column":110}},"20":{"start":{"line":51,"column":6},"end":{"line":51,"column":19}},"21":{"start":{"line":57,"column":4},"end":{"line":57,"column":60}},"22":{"start":{"line":62,"column":4},"end":{"line":70,"column":5}},"23":{"start":{"line":63,"column":6},"end":{"line":67,"column":7}},"24":{"start":{"line":64,"column":8},"end":{"line":64,"column":37}},"25":{"start":{"line":66,"column":8},"end":{"line":66,"column":37}},"26":{"start":{"line":69,"column":6},"end":{"line":69,"column":19}},"27":{"start":{"line":74,"column":16},"end":{"line":74,"column":48}},"28":{"start":{"line":75,"column":4},"end":{"line":88,"column":5}},"29":{"start":{"line":76,"column":6},"end":{"line":86,"column":11}},"30":{"start":{"line":82,"column":10},"end":{"line":82,"column":43}},"31":{"start":{"line":85,"column":10},"end":{"line":85,"column":27}},"32":{"start":{"line":87,"column":6},"end":{"line":87,"column":68}},"33":{"start":{"line":92,"column":4},"end":{"line":96,"column":5}},"34":{"start":{"line":93,"column":6},"end":{"line":93,"column":66}},"35":{"start":{"line":95,"column":6},"end":{"line":95,"column":69}},"36":{"start":{"line":100,"column":4},"end":{"line":100,"column":54}},"37":{"start":{"line":104,"column":4},"end":{"line":114,"column":5}},"38":{"start":{"line":105,"column":6},"end":{"line":113,"column":8}},"39":{"start":{"line":115,"column":4},"end":{"line":115,"column":17}},"40":{"start":{"line":119,"column":4},"end":{"line":138,"column":6}}},"fnMap":{"0":{"name":"(anonymous_0)","decl":{"start":{"line":9,"column":2},"end":{"line":9,"column":3}},"loc":{"start":{"line":9,"column":21},"end":{"line":25,"column":3}},"line":9},"1":{"name":"(anonymous_1)","decl":{"start":{"line":28,"column":2},"end":{"line":28,"column":3}},"loc":{"start":{"line":28,"column":26},"end":{"line":53,"column":3}},"line":28},"2":{"name":"(anonymous_2)","decl":{"start":{"line":40,"column":52},"end":{"line":40,"column":53}},"loc":{"start":{"line":40,"column":74},"end":{"line":40,"column":122}},"line":40},"3":{"name":"(anonymous_3)","decl":{"start":{"line":47,"column":40},"end":{"line":47,"column":41}},"loc":{"start":{"line":47,"column":62},"end":{"line":47,"column":110}},"line":47},"4":{"name":"(anonymous_4)","decl":{"start":{"line":56,"column":2},"end":{"line":56,"column":3}},"loc":{"start":{"line":56,"column":21},"end":{"line":58,"column":3}},"line":56},"5":{"name":"(anonymous_5)","decl":{"start":{"line":61,"column":2},"end":{"line":61,"column":3}},"loc":{"start":{"line":61,"column":19},"end":{"line":71,"column":3}},"line":61},"6":{"name":"(anonymous_6)","decl":{"start":{"line":73,"column":2},"end":{"line":73,"column":3}},"loc":{"start":{"line":73,"column":18},"end":{"line":89,"column":3}},"line":73},"7":{"name":"(anonymous_7)","decl":{"start":{"line":81,"column":14},"end":{"line":81,"column":15}},"loc":{"start":{"line":81,"column":27},"end":{"line":83,"column":9}},"line":81},"8":{"name":"(anonymous_8)","decl":{"start":{"line":84,"column":15},"end":{"line":84,"column":16}},"loc":{"start":{"line":84,"column":24},"end":{"line":86,"column":9}},"line":84},"9":{"name":"(anonymous_9)","decl":{"start":{"line":91,"column":2},"end":{"line":91,"column":3}},"loc":{"start":{"line":91,"column":26},"end":{"line":97,"column":3}},"line":91},"10":{"name":"(anonymous_10)","decl":{"start":{"line":99,"column":2},"end":{"line":99,"column":3}},"loc":{"start":{"line":99,"column":19},"end":{"line":101,"column":3}},"line":99},"11":{"name":"(anonymous_11)","decl":{"start":{"line":103,"column":2},"end":{"line":103,"column":3}},"loc":{"start":{"line":103,"column":18},"end":{"line":116,"column":3}},"line":103},"12":{"name":"(anonymous_12)","decl":{"start":{"line":118,"column":2},"end":{"line":118,"column":3}},"loc":{"start":{"line":118,"column":11},"end":{"line":139,"column":3}},"line":118}},"branchMap":{"0":{"loc":{"start":{"line":31,"column":6},"end":{"line":35,"column":7}},"type":"if","locations":[{"start":{"line":31,"column":6},"end":{"line":35,"column":7}},{"start":{"line":33,"column":13},"end":{"line":35,"column":7}}],"line":31},"1":{"loc":{"start":{"line":37,"column":4},"end":{"line":52,"column":5}},"type":"if","locations":[{"start":{"line":37,"column":4},"end":{"line":52,"column":5}},{"start":{"line":43,"column":11},"end":{"line":52,"column":5}}],"line":37},"2":{"loc":{"start":{"line":37,"column":8},"end":{"line":37,"column":79}},"type":"binary-expr","locations":[{"start":{"line":37,"column":8},"end":{"line":37,"column":43}},{"start":{"line":37,"column":47},"end":{"line":37,"column":79}}],"line":37},"3":{"loc":{"start":{"line":43,"column":11},"end":{"line":52,"column":5}},"type":"if","locations":[{"start":{"line":43,"column":11},"end":{"line":52,"column":5}},{"start":{"line":50,"column":11},"end":{"line":52,"column":5}}],"line":43},"4":{"loc":{"start":{"line":43,"column":15},"end":{"line":44,"column":82}},"type":"binary-expr","locations":[{"start":{"line":43,"column":16},"end":{"line":43,"column":51}},{"start":{"line":43,"column":55},"end":{"line":43,"column":86}},{"start":{"line":44,"column":10},"end":{"line":44,"column":45}},{"start":{"line":44,"column":49},"end":{"line":44,"column":81}}],"line":43},"5":{"loc":{"start":{"line":62,"column":4},"end":{"line":70,"column":5}},"type":"if","locations":[{"start":{"line":62,"column":4},"end":{"line":70,"column":5}},{"start":{"line":68,"column":11},"end":{"line":70,"column":5}}],"line":62},"6":{"loc":{"start":{"line":63,"column":6},"end":{"line":67,"column":7}},"type":"if","locations":[{"start":{"line":63,"column":6},"end":{"line":67,"column":7}},{"start":{"line":65,"column":13},"end":{"line":67,"column":7}}],"line":63},"7":{"loc":{"start":{"line":75,"column":4},"end":{"line":88,"column":5}},"type":"if","locations":[{"start":{"line":75,"column":4},"end":{"line":88,"column":5}},{"start":{},"end":{}}],"line":75},"8":{"loc":{"start":{"line":92,"column":4},"end":{"line":96,"column":5}},"type":"if","locations":[{"start":{"line":92,"column":4},"end":{"line":96,"column":5}},{"start":{"line":94,"column":11},"end":{"line":96,"column":5}}],"line":92},"9":{"loc":{"start":{"line":104,"column":4},"end":{"line":114,"column":5}},"type":"if","locations":[{"start":{"line":104,"column":4},"end":{"line":114,"column":5}},{"start":{},"end":{}}],"line":104}},"s":{"0":16,"1":16,"2":16,"3":16,"4":16,"5":16,"6":16,"7":16,"8":16,"9":16,"10":16,"11":28,"12":4,"13":24,"14":16,"15":4,"16":8,"17":12,"18":4,"19":8,"20":8,"21":0,"22":16,"23":4,"24":0,"25":4,"26":12,"27":0,"28":0,"29":0,"30":0,"31":0,"32":0,"33":16,"34":16,"35":0,"36":0,"37":16,"38":0,"39":16,"40":16},"f":{"0":16,"1":16,"2":8,"3":8,"4":0,"5":16,"6":0,"7":0,"8":0,"9":16,"10":0,"11":16,"12":16},"b":{"0":[4,24],"1":[4,12],"2":[16,4],"3":[4,8],"4":[12,4,12,4],"5":[4,12],"6":[0,4],"7":[0,0],"8":[16,0],"9":[0,16]},"_coverageSchema":"1a1c01bbd47fc00a2c39e90264f33305004495a9","hash":"6e5117fa4d285c9dcb8472bae2eb6ffa7bcbe8ac"}
,"/root/hackreactor/fec/client/src/components/QandA/QAdata/sampleData.js": {"path":"/root/hackreactor/fec/client/src/components/QandA/QAdata/sampleData.js","statementMap":{},"fnMap":{},"branchMap":{},"s":{},"f":{},"b":{},"_coverageSchema":"1a1c01bbd47fc00a2c39e90264f33305004495a9","hash":"a2b627d70f774ad9c3f1b445bb1e752cee323189"}
,"/root/hackreactor/fec/client/src/components/RatingsReview/AllReviews.jsx": {"path":"/root/hackreactor/fec/client/src/components/RatingsReview/AllReviews.jsx","statementMap":{"0":{"start":{"line":12,"column":46},"end":{"line":12,"column":57}},"1":{"start":{"line":13,"column":48},"end":{"line":13,"column":60}},"2":{"start":{"line":14,"column":40},"end":{"line":14,"column":52}},"3":{"start":{"line":15,"column":23},"end":{"line":15,"column":63}},"4":{"start":{"line":16,"column":24},"end":{"line":16,"column":36}},"5":{"start":{"line":19,"column":4},"end":{"line":25,"column":40}},"6":{"start":{"line":24,"column":25},"end":{"line":24,"column":37}},"7":{"start":{"line":25,"column":22},"end":{"line":25,"column":38}},"8":{"start":{"line":28,"column":23},"end":{"line":39,"column":3}},"9":{"start":{"line":29,"column":4},"end":{"line":38,"column":5}},"10":{"start":{"line":30,"column":6},"end":{"line":33,"column":9}},"11":{"start":{"line":35,"column":24},"end":{"line":35,"column":42}},"12":{"start":{"line":36,"column":6},"end":{"line":36,"column":29}},"13":{"start":{"line":37,"column":6},"end":{"line":37,"column":32}},"14":{"start":{"line":41,"column":2},"end":{"line":62,"column":20}},"15":{"start":{"line":42,"column":4},"end":{"line":61,"column":5}},"16":{"start":{"line":43,"column":6},"end":{"line":58,"column":11}},"17":{"start":{"line":45,"column":32},"end":{"line":45,"column":90}},"18":{"start":{"line":45,"column":60},"end":{"line":45,"column":89}},"19":{"start":{"line":46,"column":10},"end":{"line":57,"column":14}},"20":{"start":{"line":47,"column":29},"end":{"line":47,"column":53}},"21":{"start":{"line":48,"column":12},"end":{"line":50,"column":13}},"22":{"start":{"line":49,"column":14},"end":{"line":49,"column":26}},"23":{"start":{"line":51,"column":12},"end":{"line":55,"column":13}},"24":{"start":{"line":51,"column":25},"end":{"line":51,"column":26}},"25":{"start":{"line":52,"column":14},"end":{"line":54,"column":15}},"26":{"start":{"line":53,"column":16},"end":{"line":53,"column":28}},"27":{"start":{"line":56,"column":12},"end":{"line":56,"column":25}},"28":{"start":{"line":60,"column":6},"end":{"line":60,"column":36}},"29":{"start":{"line":64,"column":23},"end":{"line":71,"column":3}},"30":{"start":{"line":65,"column":4},"end":{"line":70,"column":40}},"31":{"start":{"line":66,"column":22},"end":{"line":66,"column":80}},"32":{"start":{"line":66,"column":50},"end":{"line":66,"column":79}},"33":{"start":{"line":68,"column":8},"end":{"line":68,"column":36}},"34":{"start":{"line":70,"column":22},"end":{"line":70,"column":38}},"35":{"start":{"line":73,"column":2},"end":{"line":75,"column":9}},"36":{"start":{"line":74,"column":4},"end":{"line":74,"column":19}},"37":{"start":{"line":78,"column":4},"end":{"line":86,"column":5}},"38":{"start":{"line":79,"column":27},"end":{"line":79,"column":47}},"39":{"start":{"line":80,"column":6},"end":{"line":80,"column":65}},"40":{"start":{"line":80,"column":34},"end":{"line":80,"column":63}},"41":{"start":{"line":81,"column":6},"end":{"line":81,"column":39}},"42":{"start":{"line":83,"column":30},"end":{"line":83,"column":50}},"43":{"start":{"line":84,"column":6},"end":{"line":84,"column":68}},"44":{"start":{"line":84,"column":37},"end":{"line":84,"column":66}},"45":{"start":{"line":85,"column":6},"end":{"line":85,"column":42}},"46":{"start":{"line":89,"column":2},"end":{"line":117,"column":4}},"47":{"start":{"line":96,"column":61},"end":{"line":96,"column":75}},"48":{"start":{"line":104,"column":12},"end":{"line":106,"column":18}},"49":{"start":{"line":109,"column":51},"end":{"line":109,"column":94}},"50":{"start":{"line":109,"column":82},"end":{"line":109,"column":93}}},"fnMap":{"0":{"name":"AllReviews","decl":{"start":{"line":11,"column":24},"end":{"line":11,"column":34}},"loc":{"start":{"line":11,"column":37},"end":{"line":118,"column":1}},"line":11},"1":{"name":"getReview","decl":{"start":{"line":18,"column":11},"end":{"line":18,"column":20}},"loc":{"start":{"line":18,"column":33},"end":{"line":26,"column":3}},"line":18},"2":{"name":"(anonymous_2)","decl":{"start":{"line":24,"column":12},"end":{"line":24,"column":13}},"loc":{"start":{"line":24,"column":25},"end":{"line":24,"column":37}},"line":24},"3":{"name":"(anonymous_3)","decl":{"start":{"line":25,"column":13},"end":{"line":25,"column":14}},"loc":{"start":{"line":25,"column":22},"end":{"line":25,"column":38}},"line":25},"4":{"name":"(anonymous_4)","decl":{"start":{"line":28,"column":23},"end":{"line":28,"column":24}},"loc":{"start":{"line":28,"column":47},"end":{"line":39,"column":3}},"line":28},"5":{"name":"(anonymous_5)","decl":{"start":{"line":41,"column":12},"end":{"line":41,"column":13}},"loc":{"start":{"line":41,"column":18},"end":{"line":62,"column":3}},"line":41},"6":{"name":"(anonymous_6)","decl":{"start":{"line":44,"column":14},"end":{"line":44,"column":15}},"loc":{"start":{"line":44,"column":24},"end":{"line":58,"column":9}},"line":44},"7":{"name":"(anonymous_7)","decl":{"start":{"line":45,"column":50},"end":{"line":45,"column":51}},"loc":{"start":{"line":45,"column":60},"end":{"line":45,"column":89}},"line":45},"8":{"name":"(anonymous_8)","decl":{"start":{"line":46,"column":50},"end":{"line":46,"column":51}},"loc":{"start":{"line":46,"column":62},"end":{"line":57,"column":11}},"line":46},"9":{"name":"(anonymous_9)","decl":{"start":{"line":64,"column":23},"end":{"line":64,"column":24}},"loc":{"start":{"line":64,"column":29},"end":{"line":71,"column":3}},"line":64},"10":{"name":"(anonymous_10)","decl":{"start":{"line":66,"column":12},"end":{"line":66,"column":13}},"loc":{"start":{"line":66,"column":22},"end":{"line":66,"column":80}},"line":66},"11":{"name":"(anonymous_11)","decl":{"start":{"line":66,"column":40},"end":{"line":66,"column":41}},"loc":{"start":{"line":66,"column":50},"end":{"line":66,"column":79}},"line":66},"12":{"name":"(anonymous_12)","decl":{"start":{"line":67,"column":12},"end":{"line":67,"column":13}},"loc":{"start":{"line":67,"column":25},"end":{"line":69,"column":7}},"line":67},"13":{"name":"(anonymous_13)","decl":{"start":{"line":70,"column":13},"end":{"line":70,"column":14}},"loc":{"start":{"line":70,"column":22},"end":{"line":70,"column":38}},"line":70},"14":{"name":"(anonymous_14)","decl":{"start":{"line":73,"column":12},"end":{"line":73,"column":13}},"loc":{"start":{"line":73,"column":18},"end":{"line":75,"column":3}},"line":73},"15":{"name":"sortReviews","decl":{"start":{"line":77,"column":11},"end":{"line":77,"column":22}},"loc":{"start":{"line":77,"column":26},"end":{"line":87,"column":3}},"line":77},"16":{"name":"(anonymous_16)","decl":{"start":{"line":80,"column":24},"end":{"line":80,"column":25}},"loc":{"start":{"line":80,"column":34},"end":{"line":80,"column":63}},"line":80},"17":{"name":"(anonymous_17)","decl":{"start":{"line":84,"column":27},"end":{"line":84,"column":28}},"loc":{"start":{"line":84,"column":37},"end":{"line":84,"column":66}},"line":84},"18":{"name":"(anonymous_18)","decl":{"start":{"line":96,"column":54},"end":{"line":96,"column":55}},"loc":{"start":{"line":96,"column":61},"end":{"line":96,"column":75}},"line":96},"19":{"name":"(anonymous_19)","decl":{"start":{"line":103,"column":28},"end":{"line":103,"column":29}},"loc":{"start":{"line":104,"column":12},"end":{"line":106,"column":18}},"line":104},"20":{"name":"(anonymous_20)","decl":{"start":{"line":109,"column":45},"end":{"line":109,"column":46}},"loc":{"start":{"line":109,"column":51},"end":{"line":109,"column":94}},"line":109},"21":{"name":"(anonymous_21)","decl":{"start":{"line":109,"column":69},"end":{"line":109,"column":70}},"loc":{"start":{"line":109,"column":82},"end":{"line":109,"column":93}},"line":109}},"branchMap":{"0":{"loc":{"start":{"line":29,"column":4},"end":{"line":38,"column":5}},"type":"if","locations":[{"start":{"line":29,"column":4},"end":{"line":38,"column":5}},{"start":{"line":34,"column":11},"end":{"line":38,"column":5}}],"line":29},"1":{"loc":{"start":{"line":42,"column":4},"end":{"line":61,"column":5}},"type":"if","locations":[{"start":{"line":42,"column":4},"end":{"line":61,"column":5}},{"start":{"line":59,"column":11},"end":{"line":61,"column":5}}],"line":42},"2":{"loc":{"start":{"line":48,"column":12},"end":{"line":50,"column":13}},"type":"if","locations":[{"start":{"line":48,"column":12},"end":{"line":50,"column":13}},{"start":{},"end":{}}],"line":48},"3":{"loc":{"start":{"line":52,"column":14},"end":{"line":54,"column":15}},"type":"if","locations":[{"start":{"line":52,"column":14},"end":{"line":54,"column":15}},{"start":{},"end":{}}],"line":52},"4":{"loc":{"start":{"line":78,"column":4},"end":{"line":86,"column":5}},"type":"if","locations":[{"start":{"line":78,"column":4},"end":{"line":86,"column":5}},{"start":{"line":82,"column":11},"end":{"line":86,"column":5}}],"line":78},"5":{"loc":{"start":{"line":108,"column":11},"end":{"line":109,"column":149}},"type":"cond-expr","locations":[{"start":{"line":109,"column":14},"end":{"line":109,"column":141}},{"start":{"line":109,"column":144},"end":{"line":109,"column":149}}],"line":108},"6":{"loc":{"start":{"line":108,"column":11},"end":{"line":108,"column":86}},"type":"binary-expr","locations":[{"start":{"line":108,"column":11},"end":{"line":108,"column":38}},{"start":{"line":108,"column":42},"end":{"line":108,"column":86}}],"line":108}},"s":{"0":6,"1":6,"2":6,"3":6,"4":6,"5":5,"6":0,"7":0,"8":6,"9":0,"10":0,"11":0,"12":0,"13":0,"14":6,"15":5,"16":0,"17":0,"18":0,"19":0,"20":0,"21":0,"22":0,"23":0,"24":0,"25":0,"26":0,"27":0,"28":5,"29":6,"30":5,"31":0,"32":0,"33":0,"34":0,"35":6,"36":5,"37":0,"38":0,"39":0,"40":0,"41":0,"42":0,"43":0,"44":0,"45":0,"46":6,"47":0,"48":0,"49":0,"50":0},"f":{"0":6,"1":5,"2":0,"3":0,"4":0,"5":5,"6":0,"7":0,"8":0,"9":5,"10":0,"11":0,"12":0,"13":0,"14":5,"15":0,"16":0,"17":0,"18":0,"19":0,"20":0,"21":0},"b":{"0":[0,0],"1":[0,5],"2":[0,0],"3":[0,0],"4":[0,0],"5":[0,6],"6":[6,0]},"_coverageSchema":"1a1c01bbd47fc00a2c39e90264f33305004495a9","hash":"260902b6ed961bc3e5b130cac88711ec992b6733"}
,"/root/hackreactor/fec/client/src/components/RatingsReview/CharBreakdown.jsx": {"path":"/root/hackreactor/fec/client/src/components/RatingsReview/CharBreakdown.jsx","statementMap":{"0":{"start":{"line":6,"column":20},"end":{"line":6,"column":25}},"1":{"start":{"line":8,"column":26},"end":{"line":15,"column":3}},"2":{"start":{"line":17,"column":23},"end":{"line":28,"column":3}},"3":{"start":{"line":30,"column":2},"end":{"line":46,"column":4}},"4":{"start":{"line":33,"column":8},"end":{"line":43,"column":14}}},"fnMap":{"0":{"name":"CharBreakdown","decl":{"start":{"line":5,"column":9},"end":{"line":5,"column":22}},"loc":{"start":{"line":5,"column":30},"end":{"line":47,"column":1}},"line":5},"1":{"name":"(anonymous_1)","decl":{"start":{"line":32,"column":25},"end":{"line":32,"column":26}},"loc":{"start":{"line":33,"column":8},"end":{"line":43,"column":14}},"line":33}},"branchMap":{"0":{"loc":{"start":{"line":41,"column":24},"end":{"line":41,"column":89}},"type":"cond-expr","locations":[{"start":{"line":41,"column":72},"end":{"line":41,"column":84}},{"start":{"line":41,"column":87},"end":{"line":41,"column":89}}],"line":41}},"s":{"0":0,"1":0,"2":0,"3":0,"4":0},"f":{"0":0,"1":0},"b":{"0":[0,0]},"_coverageSchema":"1a1c01bbd47fc00a2c39e90264f33305004495a9","hash":"444cdac816fddff72723ce0597ace5b8c28c7747"}
,"/root/hackreactor/fec/client/src/components/RatingsReview/IndividualReview.jsx": {"path":"/root/hackreactor/fec/client/src/components/RatingsReview/IndividualReview.jsx","statementMap":{"0":{"start":{"line":19,"column":4},"end":{"line":19,"column":9}},"1":{"start":{"line":22,"column":19},"end":{"line":22,"column":24}},"2":{"start":{"line":23,"column":38},"end":{"line":23,"column":66}},"3":{"start":{"line":24,"column":44},"end":{"line":24,"column":58}},"4":{"start":{"line":25,"column":38},"end":{"line":25,"column":53}},"5":{"start":{"line":27,"column":2},"end":{"line":27,"column":81}},"6":{"start":{"line":28,"column":2},"end":{"line":28,"column":56}},"7":{"start":{"line":32,"column":4},"end":{"line":34,"column":40}},"8":{"start":{"line":33,"column":18},"end":{"line":33,"column":57}},"9":{"start":{"line":33,"column":45},"end":{"line":33,"column":56}},"10":{"start":{"line":34,"column":22},"end":{"line":34,"column":38}},"11":{"start":{"line":38,"column":4},"end":{"line":38,"column":31}},"12":{"start":{"line":41,"column":2},"end":{"line":43,"column":15}},"13":{"start":{"line":42,"column":4},"end":{"line":42,"column":38}},"14":{"start":{"line":46,"column":4},"end":{"line":59,"column":5}},"15":{"start":{"line":47,"column":6},"end":{"line":47,"column":22}},"16":{"start":{"line":49,"column":6},"end":{"line":51,"column":7}},"17":{"start":{"line":50,"column":8},"end":{"line":50,"column":24}},"18":{"start":{"line":52,"column":6},"end":{"line":54,"column":7}},"19":{"start":{"line":53,"column":8},"end":{"line":53,"column":27}},"20":{"start":{"line":55,"column":6},"end":{"line":57,"column":7}},"21":{"start":{"line":56,"column":8},"end":{"line":56,"column":26}},"22":{"start":{"line":58,"column":6},"end":{"line":58,"column":23}},"23":{"start":{"line":63,"column":4},"end":{"line":75,"column":5}},"24":{"start":{"line":64,"column":24},"end":{"line":64,"column":50}},"25":{"start":{"line":65,"column":6},"end":{"line":72,"column":14}},"26":{"start":{"line":74,"column":6},"end":{"line":74,"column":89}},"27":{"start":{"line":79,"column":4},"end":{"line":83,"column":5}},"28":{"start":{"line":80,"column":6},"end":{"line":80,"column":101}},"29":{"start":{"line":80,"column":42},"end":{"line":80,"column":99}},"30":{"start":{"line":82,"column":6},"end":{"line":82,"column":19}},"31":{"start":{"line":86,"column":2},"end":{"line":157,"column":4}},"32":{"start":{"line":93,"column":25},"end":{"line":93,"column":92}},"33":{"start":{"line":143,"column":14},"end":{"line":143,"column":37}},"34":{"start":{"line":144,"column":14},"end":{"line":144,"column":47}}},"fnMap":{"0":{"name":"IndividualReview","decl":{"start":{"line":21,"column":24},"end":{"line":21,"column":40}},"loc":{"start":{"line":21,"column":48},"end":{"line":158,"column":1}},"line":21},"1":{"name":"incrementHelpfulness","decl":{"start":{"line":31,"column":11},"end":{"line":31,"column":31}},"loc":{"start":{"line":31,"column":34},"end":{"line":35,"column":3}},"line":31},"2":{"name":"(anonymous_2)","decl":{"start":{"line":33,"column":12},"end":{"line":33,"column":13}},"loc":{"start":{"line":33,"column":18},"end":{"line":33,"column":57}},"line":33},"3":{"name":"(anonymous_3)","decl":{"start":{"line":33,"column":32},"end":{"line":33,"column":33}},"loc":{"start":{"line":33,"column":45},"end":{"line":33,"column":56}},"line":33},"4":{"name":"(anonymous_4)","decl":{"start":{"line":34,"column":13},"end":{"line":34,"column":14}},"loc":{"start":{"line":34,"column":22},"end":{"line":34,"column":38}},"line":34},"5":{"name":"bodyToggle","decl":{"start":{"line":37,"column":11},"end":{"line":37,"column":21}},"loc":{"start":{"line":37,"column":24},"end":{"line":39,"column":3}},"line":37},"6":{"name":"(anonymous_6)","decl":{"start":{"line":41,"column":12},"end":{"line":41,"column":13}},"loc":{"start":{"line":41,"column":18},"end":{"line":43,"column":3}},"line":41},"7":{"name":"whichStar","decl":{"start":{"line":45,"column":11},"end":{"line":45,"column":20}},"loc":{"start":{"line":45,"column":36},"end":{"line":60,"column":3}},"line":45},"8":{"name":"tooBig","decl":{"start":{"line":62,"column":11},"end":{"line":62,"column":17}},"loc":{"start":{"line":62,"column":24},"end":{"line":76,"column":3}},"line":62},"9":{"name":"photosExist","decl":{"start":{"line":78,"column":11},"end":{"line":78,"column":22}},"loc":{"start":{"line":78,"column":31},"end":{"line":84,"column":3}},"line":78},"10":{"name":"(anonymous_10)","decl":{"start":{"line":80,"column":24},"end":{"line":80,"column":25}},"loc":{"start":{"line":80,"column":42},"end":{"line":80,"column":99}},"line":80},"11":{"name":"(anonymous_11)","decl":{"start":{"line":93,"column":8},"end":{"line":93,"column":9}},"loc":{"start":{"line":93,"column":25},"end":{"line":93,"column":92}},"line":93},"12":{"name":"(anonymous_12)","decl":{"start":{"line":142,"column":21},"end":{"line":142,"column":22}},"loc":{"start":{"line":142,"column":27},"end":{"line":145,"column":13}},"line":142}},"branchMap":{"0":{"loc":{"start":{"line":46,"column":4},"end":{"line":59,"column":5}},"type":"if","locations":[{"start":{"line":46,"column":4},"end":{"line":59,"column":5}},{"start":{"line":48,"column":11},"end":{"line":59,"column":5}}],"line":46},"1":{"loc":{"start":{"line":49,"column":6},"end":{"line":51,"column":7}},"type":"if","locations":[{"start":{"line":49,"column":6},"end":{"line":51,"column":7}},{"start":{},"end":{}}],"line":49},"2":{"loc":{"start":{"line":49,"column":10},"end":{"line":49,"column":86}},"type":"binary-expr","locations":[{"start":{"line":49,"column":10},"end":{"line":49,"column":34}},{"start":{"line":49,"column":39},"end":{"line":49,"column":60}},{"start":{"line":49,"column":64},"end":{"line":49,"column":85}}],"line":49},"3":{"loc":{"start":{"line":52,"column":6},"end":{"line":54,"column":7}},"type":"if","locations":[{"start":{"line":52,"column":6},"end":{"line":54,"column":7}},{"start":{},"end":{}}],"line":52},"4":{"loc":{"start":{"line":52,"column":10},"end":{"line":52,"column":50}},"type":"binary-expr","locations":[{"start":{"line":52,"column":10},"end":{"line":52,"column":32}},{"start":{"line":52,"column":36},"end":{"line":52,"column":50}}],"line":52},"5":{"loc":{"start":{"line":55,"column":6},"end":{"line":57,"column":7}},"type":"if","locations":[{"start":{"line":55,"column":6},"end":{"line":57,"column":7}},{"start":{},"end":{}}],"line":55},"6":{"loc":{"start":{"line":63,"column":4},"end":{"line":75,"column":5}},"type":"if","locations":[{"start":{"line":63,"column":4},"end":{"line":75,"column":5}},{"start":{"line":73,"column":11},"end":{"line":75,"column":5}}],"line":63},"7":{"loc":{"start":{"line":65,"column":13},"end":{"line":72,"column":13}},"type":"cond-expr","locations":[{"start":{"line":65,"column":26},"end":{"line":68,"column":29}},{"start":{"line":69,"column":10},"end":{"line":72,"column":13}}],"line":65},"8":{"loc":{"start":{"line":79,"column":4},"end":{"line":83,"column":5}},"type":"if","locations":[{"start":{"line":79,"column":4},"end":{"line":83,"column":5}},{"start":{"line":81,"column":11},"end":{"line":83,"column":5}}],"line":79},"9":{"loc":{"start":{"line":114,"column":7},"end":{"line":114,"column":128}},"type":"cond-expr","locations":[{"start":{"line":114,"column":26},"end":{"line":114,"column":120}},{"start":{"line":114,"column":123},"end":{"line":114,"column":128}}],"line":114},"10":{"loc":{"start":{"line":117,"column":7},"end":{"line":122,"column":15}},"type":"cond-expr","locations":[{"start":{"line":118,"column":8},"end":{"line":121,"column":11}},{"start":{"line":122,"column":10},"end":{"line":122,"column":15}}],"line":117},"11":{"loc":{"start":{"line":137,"column":9},"end":{"line":149,"column":9}},"type":"binary-expr","locations":[{"start":{"line":137,"column":9},"end":{"line":137,"column":22}},{"start":{"line":138,"column":10},"end":{"line":148,"column":19}}],"line":137}},"s":{"0":2,"1":0,"2":0,"3":0,"4":0,"5":0,"6":0,"7":0,"8":0,"9":0,"10":0,"11":0,"12":0,"13":0,"14":0,"15":0,"16":0,"17":0,"18":0,"19":0,"20":0,"21":0,"22":0,"23":0,"24":0,"25":0,"26":0,"27":0,"28":0,"29":0,"30":0,"31":0,"32":0,"33":0,"34":0},"f":{"0":0,"1":0,"2":0,"3":0,"4":0,"5":0,"6":0,"7":0,"8":0,"9":0,"10":0,"11":0,"12":0},"b":{"0":[0,0],"1":[0,0],"2":[0,0,0],"3":[0,0],"4":[0,0],"5":[0,0],"6":[0,0],"7":[0,0],"8":[0,0],"9":[0,0],"10":[0,0],"11":[0,0]},"_coverageSchema":"1a1c01bbd47fc00a2c39e90264f33305004495a9","hash":"12b5cd0ef1da7d1a45a36019acfa570494421006"}
,"/root/hackreactor/fec/client/src/components/RatingsReview/ProgressBar.jsx": {"path":"/root/hackreactor/fec/client/src/components/RatingsReview/ProgressBar.jsx","statementMap":{"0":{"start":{"line":7,"column":6},"end":{"line":7,"column":11}},"1":{"start":{"line":9,"column":39},"end":{"line":9,"column":54}},"2":{"start":{"line":11,"column":26},"end":{"line":17,"column":3}},"3":{"start":{"line":19,"column":23},"end":{"line":25,"column":3}},"4":{"start":{"line":28,"column":4},"end":{"line":28,"column":32}},"5":{"start":{"line":31,"column":2},"end":{"line":53,"column":4}},"6":{"start":{"line":38,"column":10},"end":{"line":38,"column":25}},"7":{"start":{"line":39,"column":10},"end":{"line":39,"column":43}}},"fnMap":{"0":{"name":"ProgressBar","decl":{"start":{"line":4,"column":9},"end":{"line":4,"column":20}},"loc":{"start":{"line":4,"column":28},"end":{"line":54,"column":1}},"line":4},"1":{"name":"activateSort","decl":{"start":{"line":27,"column":11},"end":{"line":27,"column":23}},"loc":{"start":{"line":27,"column":26},"end":{"line":29,"column":3}},"line":27},"2":{"name":"(anonymous_2)","decl":{"start":{"line":37,"column":17},"end":{"line":37,"column":18}},"loc":{"start":{"line":37,"column":23},"end":{"line":40,"column":9}},"line":37}},"branchMap":{"0":{"loc":{"start":{"line":34,"column":15},"end":{"line":34,"column":51}},"type":"cond-expr","locations":[{"start":{"line":34,"column":29},"end":{"line":34,"column":46}},{"start":{"line":34,"column":49},"end":{"line":34,"column":51}}],"line":34},"1":{"loc":{"start":{"line":50,"column":9},"end":{"line":50,"column":19}},"type":"binary-expr","locations":[{"start":{"line":50,"column":9},"end":{"line":50,"column":14}},{"start":{"line":50,"column":18},"end":{"line":50,"column":19}}],"line":50}},"s":{"0":0,"1":0,"2":0,"3":0,"4":0,"5":0,"6":0,"7":0},"f":{"0":0,"1":0,"2":0},"b":{"0":[0,0],"1":[0,0]},"_coverageSchema":"1a1c01bbd47fc00a2c39e90264f33305004495a9","hash":"cfa3bb09b11bae0b31266068fc96a8f61a85abca"}
,"/root/hackreactor/fec/client/src/components/RatingsReview/RatingBreakdown.jsx": {"path":"/root/hackreactor/fec/client/src/components/RatingsReview/RatingBreakdown.jsx","statementMap":{"0":{"start":{"line":15,"column":4},"end":{"line":15,"column":9}},"1":{"start":{"line":18,"column":26},"end":{"line":18,"column":38}},"2":{"start":{"line":20,"column":27},"end":{"line":20,"column":32}},"3":{"start":{"line":23,"column":4},"end":{"line":29,"column":42}},"4":{"start":{"line":28,"column":22},"end":{"line":28,"column":31}},"5":{"start":{"line":29,"column":23},"end":{"line":29,"column":39}},"6":{"start":{"line":32,"column":2},"end":{"line":38,"column":9}},"7":{"start":{"line":33,"column":4},"end":{"line":37,"column":40}},"8":{"start":{"line":35,"column":8},"end":{"line":35,"column":22}},"9":{"start":{"line":37,"column":22},"end":{"line":37,"column":38}},"10":{"start":{"line":41,"column":16},"end":{"line":41,"column":17}},"11":{"start":{"line":42,"column":16},"end":{"line":42,"column":17}},"12":{"start":{"line":43,"column":4},"end":{"line":48,"column":5}},"13":{"start":{"line":44,"column":6},"end":{"line":47,"column":9}},"14":{"start":{"line":45,"column":8},"end":{"line":45,"column":46}},"15":{"start":{"line":46,"column":8},"end":{"line":46,"column":40}},"16":{"start":{"line":49,"column":4},"end":{"line":49,"column":47}},"17":{"start":{"line":53,"column":4},"end":{"line":55,"column":5}},"18":{"start":{"line":54,"column":6},"end":{"line":54,"column":22}},"19":{"start":{"line":56,"column":4},"end":{"line":58,"column":5}},"20":{"start":{"line":57,"column":6},"end":{"line":57,"column":22}},"21":{"start":{"line":59,"column":4},"end":{"line":61,"column":5}},"22":{"start":{"line":60,"column":6},"end":{"line":60,"column":25}},"23":{"start":{"line":62,"column":4},"end":{"line":64,"column":5}},"24":{"start":{"line":63,"column":6},"end":{"line":63,"column":24}},"25":{"start":{"line":65,"column":4},"end":{"line":65,"column":21}},"26":{"start":{"line":68,"column":2},"end":{"line":106,"column":4}},"27":{"start":{"line":73,"column":27},"end":{"line":73,"column":110}},"28":{"start":{"line":87,"column":8},"end":{"line":95,"column":10}},"29":{"start":{"line":99,"column":8},"end":{"line":102,"column":14}}},"fnMap":{"0":{"name":"RatingBreakdown","decl":{"start":{"line":17,"column":24},"end":{"line":17,"column":39}},"loc":{"start":{"line":17,"column":47},"end":{"line":107,"column":1}},"line":17},"1":{"name":"getMeta","decl":{"start":{"line":22,"column":11},"end":{"line":22,"column":18}},"loc":{"start":{"line":22,"column":23},"end":{"line":30,"column":3}},"line":22},"2":{"name":"(anonymous_2)","decl":{"start":{"line":28,"column":12},"end":{"line":28,"column":13}},"loc":{"start":{"line":28,"column":22},"end":{"line":28,"column":31}},"line":28},"3":{"name":"(anonymous_3)","decl":{"start":{"line":29,"column":14},"end":{"line":29,"column":15}},"loc":{"start":{"line":29,"column":23},"end":{"line":29,"column":39}},"line":29},"4":{"name":"(anonymous_4)","decl":{"start":{"line":32,"column":12},"end":{"line":32,"column":13}},"loc":{"start":{"line":32,"column":18},"end":{"line":38,"column":3}},"line":32},"5":{"name":"(anonymous_5)","decl":{"start":{"line":34,"column":12},"end":{"line":34,"column":13}},"loc":{"start":{"line":34,"column":22},"end":{"line":36,"column":7}},"line":34},"6":{"name":"(anonymous_6)","decl":{"start":{"line":37,"column":13},"end":{"line":37,"column":14}},"loc":{"start":{"line":37,"column":22},"end":{"line":37,"column":38}},"line":37},"7":{"name":"averageStars","decl":{"start":{"line":40,"column":11},"end":{"line":40,"column":23}},"loc":{"start":{"line":40,"column":35},"end":{"line":50,"column":3}},"line":40},"8":{"name":"(anonymous_8)","decl":{"start":{"line":44,"column":33},"end":{"line":44,"column":34}},"loc":{"start":{"line":44,"column":42},"end":{"line":47,"column":7}},"line":44},"9":{"name":"whichStar","decl":{"start":{"line":52,"column":11},"end":{"line":52,"column":20}},"loc":{"start":{"line":52,"column":36},"end":{"line":66,"column":3}},"line":52},"10":{"name":"(anonymous_10)","decl":{"start":{"line":73,"column":10},"end":{"line":73,"column":11}},"loc":{"start":{"line":73,"column":27},"end":{"line":73,"column":110}},"line":73},"11":{"name":"(anonymous_11)","decl":{"start":{"line":86,"column":42},"end":{"line":86,"column":43}},"loc":{"start":{"line":87,"column":8},"end":{"line":95,"column":10}},"line":87},"12":{"name":"(anonymous_12)","decl":{"start":{"line":98,"column":68},"end":{"line":98,"column":69}},"loc":{"start":{"line":99,"column":8},"end":{"line":102,"column":14}},"line":99}},"branchMap":{"0":{"loc":{"start":{"line":43,"column":4},"end":{"line":48,"column":5}},"type":"if","locations":[{"start":{"line":43,"column":4},"end":{"line":48,"column":5}},{"start":{},"end":{}}],"line":43},"1":{"loc":{"start":{"line":53,"column":4},"end":{"line":55,"column":5}},"type":"if","locations":[{"start":{"line":53,"column":4},"end":{"line":55,"column":5}},{"start":{},"end":{}}],"line":53},"2":{"loc":{"start":{"line":56,"column":4},"end":{"line":58,"column":5}},"type":"if","locations":[{"start":{"line":56,"column":4},"end":{"line":58,"column":5}},{"start":{},"end":{}}],"line":56},"3":{"loc":{"start":{"line":56,"column":8},"end":{"line":56,"column":84}},"type":"binary-expr","locations":[{"start":{"line":56,"column":8},"end":{"line":56,"column":32}},{"start":{"line":56,"column":37},"end":{"line":56,"column":58}},{"start":{"line":56,"column":62},"end":{"line":56,"column":83}}],"line":56},"4":{"loc":{"start":{"line":59,"column":4},"end":{"line":61,"column":5}},"type":"if","locations":[{"start":{"line":59,"column":4},"end":{"line":61,"column":5}},{"start":{},"end":{}}],"line":59},"5":{"loc":{"start":{"line":59,"column":8},"end":{"line":59,"column":48}},"type":"binary-expr","locations":[{"start":{"line":59,"column":8},"end":{"line":59,"column":30}},{"start":{"line":59,"column":34},"end":{"line":59,"column":48}}],"line":59},"6":{"loc":{"start":{"line":62,"column":4},"end":{"line":64,"column":5}},"type":"if","locations":[{"start":{"line":62,"column":4},"end":{"line":64,"column":5}},{"start":{},"end":{}}],"line":62},"7":{"loc":{"start":{"line":86,"column":7},"end":{"line":96,"column":16}},"type":"cond-expr","locations":[{"start":{"line":86,"column":22},"end":{"line":96,"column":8}},{"start":{"line":96,"column":11},"end":{"line":96,"column":16}}],"line":86},"8":{"loc":{"start":{"line":90,"column":24},"end":{"line":91,"column":36}},"type":"cond-expr","locations":[{"start":{"line":91,"column":14},"end":{"line":91,"column":32}},{"start":{"line":91,"column":35},"end":{"line":91,"column":36}}],"line":90},"9":{"loc":{"start":{"line":98,"column":7},"end":{"line":104,"column":15}},"type":"cond-expr","locations":[{"start":{"line":98,"column":30},"end":{"line":103,"column":8}},{"start":{"line":104,"column":10},"end":{"line":104,"column":15}}],"line":98}},"s":{"0":2,"1":6,"2":6,"3":5,"4":0,"5":0,"6":6,"7":5,"8":0,"9":0,"10":42,"11":42,"12":42,"13":0,"14":0,"15":0,"16":42,"17":30,"18":0,"19":30,"20":0,"21":30,"22":0,"23":30,"24":0,"25":30,"26":6,"27":30,"28":0,"29":0},"f":{"0":6,"1":5,"2":0,"3":0,"4":5,"5":0,"6":0,"7":42,"8":0,"9":30,"10":30,"11":0,"12":0},"b":{"0":[0,42],"1":[0,30],"2":[0,30],"3":[30,30,0],"4":[0,30],"5":[30,0],"6":[0,30],"7":[0,6],"8":[0,0],"9":[0,6]},"_coverageSchema":"1a1c01bbd47fc00a2c39e90264f33305004495a9","hash":"dc64cc502b70546a204535b7b93f92e997042544"}
,"/root/hackreactor/fec/client/src/components/RatingsReview/ReviewImages.jsx": {"path":"/root/hackreactor/fec/client/src/components/RatingsReview/ReviewImages.jsx","statementMap":{"0":{"start":{"line":4,"column":30},"end":{"line":4,"column":45}},"1":{"start":{"line":7,"column":4},"end":{"line":7,"column":23}},"2":{"start":{"line":10,"column":2},"end":{"line":31,"column":4}}},"fnMap":{"0":{"name":"ReviewImages","decl":{"start":{"line":3,"column":9},"end":{"line":3,"column":21}},"loc":{"start":{"line":3,"column":29},"end":{"line":32,"column":1}},"line":3},"1":{"name":"togglePopup","decl":{"start":{"line":6,"column":11},"end":{"line":6,"column":22}},"loc":{"start":{"line":6,"column":25},"end":{"line":8,"column":3}},"line":6}},"branchMap":{"0":{"loc":{"start":{"line":22,"column":7},"end":{"line":29,"column":7}},"type":"binary-expr","locations":[{"start":{"line":22,"column":7},"end":{"line":22,"column":13}},{"start":{"line":23,"column":6},"end":{"line":28,"column":12}}],"line":22}},"s":{"0":0,"1":0,"2":0},"f":{"0":0,"1":0},"b":{"0":[0,0]},"_coverageSchema":"1a1c01bbd47fc00a2c39e90264f33305004495a9","hash":"00f94542b969a07e7b93ebc147e03419a6c082dd"}
,"/root/hackreactor/fec/client/src/components/RatingsReview/StarRating.jsx": {"path":"/root/hackreactor/fec/client/src/components/RatingsReview/StarRating.jsx","statementMap":{"0":{"start":{"line":7,"column":4},"end":{"line":7,"column":9}},"1":{"start":{"line":10,"column":24},"end":{"line":10,"column":29}},"2":{"start":{"line":11,"column":30},"end":{"line":11,"column":41}},"3":{"start":{"line":12,"column":28},"end":{"line":12,"column":39}},"4":{"start":{"line":14,"column":2},"end":{"line":16,"column":15}},"5":{"start":{"line":15,"column":4},"end":{"line":15,"column":32}},"6":{"start":{"line":18,"column":2},"end":{"line":36,"column":4}},"7":{"start":{"line":21,"column":8},"end":{"line":21,"column":19}},"8":{"start":{"line":22,"column":8},"end":{"line":33,"column":10}},"9":{"start":{"line":27,"column":27},"end":{"line":27,"column":43}},"10":{"start":{"line":28,"column":32},"end":{"line":28,"column":47}},"11":{"start":{"line":29,"column":32},"end":{"line":29,"column":48}}},"fnMap":{"0":{"name":"StarRating","decl":{"start":{"line":9,"column":9},"end":{"line":9,"column":19}},"loc":{"start":{"line":9,"column":27},"end":{"line":37,"column":1}},"line":9},"1":{"name":"(anonymous_1)","decl":{"start":{"line":14,"column":12},"end":{"line":14,"column":13}},"loc":{"start":{"line":14,"column":18},"end":{"line":16,"column":3}},"line":14},"2":{"name":"(anonymous_2)","decl":{"start":{"line":20,"column":25},"end":{"line":20,"column":26}},"loc":{"start":{"line":20,"column":42},"end":{"line":34,"column":7}},"line":20},"3":{"name":"(anonymous_3)","decl":{"start":{"line":27,"column":21},"end":{"line":27,"column":22}},"loc":{"start":{"line":27,"column":27},"end":{"line":27,"column":43}},"line":27},"4":{"name":"(anonymous_4)","decl":{"start":{"line":28,"column":26},"end":{"line":28,"column":27}},"loc":{"start":{"line":28,"column":32},"end":{"line":28,"column":47}},"line":28},"5":{"name":"(anonymous_5)","decl":{"start":{"line":29,"column":26},"end":{"line":29,"column":27}},"loc":{"start":{"line":29,"column":32},"end":{"line":29,"column":48}},"line":29}},"branchMap":{"0":{"loc":
[...]
"column":27}},"loc":{"start":{"line":131,"column":33},"end":{"line":131,"column":46}},"line":131},"14":{"name":"(anonymous_14)","decl":{"start":{"line":137,"column":121},"end":{"line":137,"column":122}},"loc":{"start":{"line":137,"column":128},"end":{"line":137,"column":178}},"line":137},"15":{"name":"(anonymous_15)","decl":{"start":{"line":157,"column":24},"end":{"line":157,"column":25}},"loc":{"start":{"line":157,"column":31},"end":{"line":157,"column":67}},"line":157},"16":{"name":"(anonymous_16)","decl":{"start":{"line":169,"column":24},"end":{"line":169,"column":25}},"loc":{"start":{"line":169,"column":31},"end":{"line":169,"column":64}},"line":169},"17":{"name":"(anonymous_17)","decl":{"start":{"line":173,"column":46},"end":{"line":173,"column":47}},"loc":{"start":{"line":174,"column":14},"end":{"line":179,"column":16}},"line":174},"18":{"name":"(anonymous_18)","decl":{"start":{"line":186,"column":58},"end":{"line":186,"column":59}},"loc":{"start":{"line":186,"column":65},"end":{"line":186,"column":90}},"line":186},"19":{"name":"(anonymous_19)","decl":{"start":{"line":200,"column":24},"end":{"line":200,"column":25}},"loc":{"start":{"line":200,"column":31},"end":{"line":200,"column":64}},"line":200},"20":{"name":"(anonymous_20)","decl":{"start":{"line":210,"column":24},"end":{"line":210,"column":25}},"loc":{"start":{"line":210,"column":31},"end":{"line":210,"column":65}},"line":210}},"branchMap":{"0":{"loc":{"start":{"line":42,"column":4},"end":{"line":81,"column":5}},"type":"if","locations":[{"start":{"line":42,"column":4},"end":{"line":81,"column":5}},{"start":{},"end":{}}],"line":42},"1":{"loc":{"start":{"line":85,"column":4},"end":{"line":89,"column":5}},"type":"if","locations":[{"start":{"line":85,"column":4},"end":{"line":89,"column":5}},{"start":{},"end":{}}],"line":85},"2":{"loc":{"start":{"line":100,"column":4},"end":{"line":113,"column":5}},"type":"if","locations":[{"start":{"line":100,"column":4},"end":{"line":113,"column":5}},{"start":{},"end":{}}],"line":100},"3":{"loc":{"start":{"line":100,"column":8},"end":{"line":101,"column":52}},"type":"binary-expr","locations":[{"start":{"line":100,"column":8},"end":{"line":100,"column":22}},{"start":{"line":100,"column":27},"end":{"line":100,"column":58}},{"start":{"line":100,"column":63},"end":{"line":100,"column":96}},{"start":{"line":101,"column":7},"end":{"line":101,"column":19}},{"start":{"line":101,"column":23},"end":{"line":101,"column":35}},{"start":{"line":101,"column":39},"end":{"line":101,"column":52}}],"line":100},"4":{"loc":{"start":{"line":120,"column":7},"end":{"line":218,"column":7}},"type":"binary-expr","locations":[{"start":{"line":120,"column":7},"end":{"line":120,"column":13}},{"start":{"line":121,"column":6},"end":{"line":217,"column":12}}],"line":120},"5":{"loc":{"start":{"line":173,"column":13},"end":{"line":180,"column":22}},"type":"cond-expr","locations":[{"start":{"line":173,"column":34},"end":{"line":180,"column":14}},{"start":{"line":180,"column":17},"end":{"line":180,"column":22}}],"line":173},"6":{"loc":{"start":{"line":182,"column":13},"end":{"line":190,"column":21}},"type":"cond-expr","locations":[{"start":{"line":184,"column":16},"end":{"line":188,"column":19}},{"start":{"line":190,"column":16},"end":{"line":190,"column":21}}],"line":182}},"s":{"0":6,"1":6,"2":6,"3":6,"4":6,"5":6,"6":6,"7":6,"8":6,"9":6,"10":0,"11":6,"12":5,"13":0,"14":0,"15":0,"16":0,"17":0,"18":0,"19":0,"20":0,"21":0,"22":0,"23":0,"24":0,"25":0,"26":6,"27":0,"28":0,"29":0,"30":0,"31":0,"32":0,"33":0,"34":0,"35":0,"36":0,"37":0,"38":0,"39":0,"40":0,"41":6,"42":0,"43":0,"44":0,"45":0,"46":0,"47":0,"48":0,"49":0},"f":{"0":6,"1":0,"2":5,"3":0,"4":0,"5":0,"6":0,"7":0,"8":0,"9":0,"10":0,"11":0,"12":0,"13":0,"14":0,"15":0,"16":0,"17":0,"18":0,"19":0,"20":0},"b":{"0":[0,0],"1":[0,0],"2":[0,0],"3":[0,0,0,0,0,0],"4":[6,0],"5":[0,0],"6":[0,0]},"_coverageSchema":"1a1c01bbd47fc00a2c39e90264f33305004495a9","hash":"700fd948eeba2569aa51ae9e62b6b135a4054d1a"}
,"/root/hackreactor/fec/client/src/components/RatingsReview/ratingexampledata/individualExample.js": {"path":"/root/hackreactor/fec/client/src/components/RatingsReview/ratingexampledata/individualExample.js","statementMap":{},"fnMap":{},"branchMap":{},"s":{},"f":{},"b":{},"_coverageSchema":"1a1c01bbd47fc00a2c39e90264f33305004495a9","hash":"9767e2f604370dc9ac7dc1a1e6737fc624ac22de"}
,"/root/hackreactor/fec/client/src/components/RatingsReview/ratingexampledata/stars.js": {"path":"/root/hackreactor/fec/client/src/components/RatingsReview/ratingexampledata/stars.js","statementMap":{},"fnMap":{},"branchMap":{},"s":{},"f":{},"b":{},"_coverageSchema":"1a1c01bbd47fc00a2c39e90264f33305004495a9","hash":"6908fbb634c24c1704871106be3199a7eaf56891"}
,"/root/hackreactor/fec/client/src/components/RelatedItemsAndOutfit/Carousel.jsx": {"path":"/root/hackreactor/fec/client/src/components/RelatedItemsAndOutfit/Carousel.jsx","statementMap":{"0":{"start":{"line":8,"column":40},"end":{"line":8,"column":45}},"1":{"start":{"line":10,"column":2},"end":{"line":17,"column":3}},"2":{"start":{"line":11,"column":4},"end":{"line":16,"column":6}},"3":{"start":{"line":14,"column":33},"end":{"line":14,"column":69}},"4":{"start":{"line":18,"column":2},"end":{"line":23,"column":4}},"5":{"start":{"line":21,"column":31},"end":{"line":21,"column":67}}},"fnMap":{"0":{"name":"Carousel","decl":{"start":{"line":7,"column":9},"end":{"line":7,"column":17}},"loc":{"start":{"line":7,"column":25},"end":{"line":25,"column":1}},"line":7},"1":{"name":"(anonymous_1)","decl":{"start":{"line":14,"column":25},"end":{"line":14,"column":26}},"loc":{"start":{"line":14,"column":33},"end":{"line":14,"column":69}},"line":14},"2":{"name":"(anonymous_2)","decl":{"start":{"line":21,"column":23},"end":{"line":21,"column":24}},"loc":{"start":{"line":21,"column":31},"end":{"line":21,"column":67}},"line":21}},"branchMap":{"0":{"loc":{"start":{"line":10,"column":2},"end":{"line":17,"column":3}},"type":"if","locations":[{"start":{"line":10,"column":2},"end":{"line":17,"column":3}},{"start":{},"end":{}}],"line":10}},"s":{"0":11,"1":11,"2":7,"3":0,"4":4,"5":0},"f":{"0":11,"1":0,"2":0},"b":{"0":[7,4]},"_coverageSchema":"1a1c01bbd47fc00a2c39e90264f33305004495a9","hash":"10678ec0baee85588d870e9c0b6eb79a78428c4e"}
,"/root/hackreactor/fec/client/src/components/RelatedItemsAndOutfit/OutfitList.jsx": {"path":"/root/hackreactor/fec/client/src/components/RelatedItemsAndOutfit/OutfitList.jsx","statementMap":{"0":{"start":{"line":11,"column":25},"end":{"line":11,"column":30}},"1":{"start":{"line":12,"column":36},"end":{"line":12,"column":48}},"2":{"start":{"line":18,"column":22},"end":{"line":43,"column":3}},"3":{"start":{"line":19,"column":4},"end":{"line":21,"column":5}},"4":{"start":{"line":20,"column":6},"end":{"line":20,"column":75}},"5":{"start":{"line":22,"column":4},"end":{"line":28,"column":5}},"6":{"start":{"line":23,"column":29},"end":{"line":23,"column":82}},"7":{"start":{"line":24,"column":6},"end":{"line":24,"column":58}},"8":{"start":{"line":25,"column":25},"end":{"line":25,"column":58}},"9":{"start":{"line":26,"column":6},"end":{"line":26,"column":76}},"10":{"start":{"line":27,"column":6},"end":{"line":27,"column":31}},"11":{"start":{"line":45,"column":24},"end":{"line":65,"column":3}},"12":{"start":{"line":46,"column":27},"end":{"line":46,"column":80}},"13":{"start":{"line":47,"column":4},"end":{"line":47,"column":44}},"14":{"start":{"line":48,"column":4},"end":{"line":48,"column":62}},"15":{"start":{"line":49,"column":4},"end":{"line":49,"column":78}},"16":{"start":{"line":50,"column":4},"end":{"line":50,"column":33}},"17":{"start":{"line":67,"column":22},"end":{"line":70,"column":3}},"18":{"start":{"line":68,"column":4},"end":{"line":68,"column":32}},"19":{"start":{"line":69,"column":4},"end":{"line":69,"column":21}},"20":{"start":{"line":72,"column":2},"end":{"line":79,"column":9}},"21":{"start":{"line":73,"column":4},"end":{"line":78,"column":5}},"22":{"start":{"line":74,"column":6},"end":{"line":74,"column":23}},"23":{"start":{"line":76,"column":29},"end":{"line":76,"column":82}},"24":{"start":{"line":77,"column":6},"end":{"line":77,"column":35}},"25":{"start":{"line":81,"column":2},"end":{"line":90,"column":4}}},"fnMap":{"0":{"name":"OutfitList","decl":{"start":{"line":10,"column":9},"end":{"line":10,"column":19}},"loc":{"start":{"line":10,"column":27},"end":{"line":91,"column":1}},"line":10},"1":{"name":"(anonymous_1)","decl":{"start":{"line":18,"column":22},"end":{"line":18,"column":23}},"loc":{"start":{"line":18,"column":28},"end":{"line":43,"column":3}},"line":18},"2":{"name":"(anonymous_2)","decl":{"start":{"line":45,"column":24},"end":{"line":45,"column":25}},"loc":{"start":{"line":45,"column":30},"end":{"line":65,"column":3}},"line":45},"3":{"name":"(anonymous_3)","decl":{"start":{"line":67,"column":22},"end":{"line":67,"column":23}},"loc":{"start":{"line":67,"column":28},"end":{"line":70,"column":3}},"line":67},"4":{"name":"(anonymous_4)","decl":{"start":{"line":72,"column":12},"end":{"line":72,"column":13}},"loc":{"start":{"line":72,"column":18},"end":{"line":79,"column":3}},"line":72}},"branchMap":{"0":{"loc":{"start":{"line":19,"column":4},"end":{"line":21,"column":5}},"type":"if","locations":[{"start":{"line":19,"column":4},"end":{"line":21,"column":5}},{"start":{},"end":{}}],"line":19},"1":{"loc":{"start":{"line":22,"column":4},"end":{"line":28,"column":5}},"type":"if","locations":[{"start":{"line":22,"column":4},"end":{"line":28,"column":5}},{"start":{},"end":{}}],"line":22},"2":{"loc":{"start":{"line":73,"column":4},"end":{"line":78,"column":5}},"type":"if","locations":[{"start":{"line":73,"column":4},"end":{"line":78,"column":5}},{"start":{"line":75,"column":11},"end":{"line":78,"column":5}}],"line":73}},"s":{"0":7,"1":7,"2":7,"3":0,"4":0,"5":0,"6":0,"7":0,"8":0,"9":0,"10":0,"11":7,"12":0,"13":0,"14":0,"15":0,"16":0,"17":7,"18":0,"19":0,"20":7,"21":3,"22":3,"23":0,"24":0,"25":7},"f":{"0":7,"1":0,"2":0,"3":0,"4":3},"b":{"0":[0,0],"1":[0,0],"2":[3,0]},"_coverageSchema":"1a1c01bbd47fc00a2c39e90264f33305004495a9","hash":"c58641dfc91201915261a62ed68b1f8a7bb12987"}
,"/root/hackreactor/fec/client/src/components/RelatedItemsAndOutfit/ProductCard.jsx": {"path":"/root/hackreactor/fec/client/src/components/RelatedItemsAndOutfit/ProductCard.jsx","statementMap":{"0":{"start":{"line":12,"column":21},"end":{"line":12,"column":26}},"1":{"start":{"line":13,"column":34},"end":{"line":13,"column":46}},"2":{"start":{"line":14,"column":36},"end":{"line":14,"column":48}},"3":{"start":{"line":15,"column":38},"end":{"line":15,"column":52}},"4":{"start":{"line":16,"column":34},"end":{"line":16,"column":46}},"5":{"start":{"line":18,"column":2},"end":{"line":18,"column":81}},"6":{"start":{"line":19,"column":2},"end":{"line":19,"column":56}},"7":{"start":{"line":21,"column":21},"end":{"line":34,"column":3}},"8":{"start":{"line":22,"column":21},"end":{"line":22,"column":22}},"9":{"start":{"line":23,"column":20},"end":{"line":23,"column":21}},"10":{"start":{"line":25,"column":4},"end":{"line":29,"column":7}},"11":{"start":{"line":26,"column":20},"end":{"line":26,"column":57}},"12":{"start":{"line":27,"column":6},"end":{"line":27,"column":37}},"13":{"start":{"line":28,"column":6},"end":{"line":28,"column":26}},"14":{"start":{"line":31,"column":19},"end":{"line":31,"column":41}},"15":{"start":{"line":33,"column":4},"end":{"line":33,"column":39}},"16":{"start":{"line":36,"column":22},"end":{"line":42,"column":3}},"17":{"start":{"line":37,"column":4},"end":{"line":41,"column":53}},"18":{"start":{"line":39,"column":8},"end":{"line":39,"column":35}},"19":{"start":{"line":41,"column":22},"end":{"line":41,"column":52}},"20":{"start":{"line":44,"column":29},"end":{"line":65,"column":3}},"21":{"start":{"line":45,"column":4},"end":{"line":64,"column":53}},"22":{"start":{"line":47,"column":28},"end":{"line":47,"column":56}},"23":{"start":{"line":48,"column":8},"end":{"line":59,"column":9}},"24":{"start":{"line":48,"column":21},"end":{"line":48,"column":22}},"25":{"start":{"line":49,"column":28},"end":{"line":49,"column":64}},"26":{"start":{"line":50,"column":30},"end":{"line":50,"column":65}},"27":{"start":{"line":51,"column":31},"end":{"line":51,"column":79}},"28":{"start":{"line":52,"column":10},"end":{"line":55,"column":11}},"29":{"start":{"line":53,"column":12},"end":{"line":53,"column":38}},"30":{"start":{"line":54,"column":12},"end":{"line":54,"column":19}},"31":{"start":{"line":56,"column":10},"end":{"line":58,"column":11}},"32":{"start":{"line":57,"column":12},"end":{"line":57,"column":38}},"33":{"start":{"line":60,"column":8},"end":{"line":62,"column":9}},"34":{"start":{"line":61,"column":10},"end":{"line":61,"column":72}},"35":{"start":{"line":64,"column":22},"end":{"line":64,"column":52}},"36":{"start":{"line":67,"column":28},"end":{"line":77,"column":3}},"37":{"start":{"line":68,"column":4},"end":{"line":76,"column":53}},"38":{"start":{"line":74,"column":8},"end":{"line":74,"column":57}},"39":{"start":{"line":76,"column":22},"end":{"line":76,"column":52}},"40":{"start":{"line":79,"column":28},"end":{"line":84,"column":3}},"41":{"start":{"line":80,"column":4},"end":{"line":83,"column":53}},"42":{"start":{"line":83,"column":22},"end":{"line":83,"column":52}},"43":{"start":{"line":86,"column":2},"end":{"line":88,"column":9}},"44":{"start":{"line":87,"column":4},"end":{"line":87,"column":30}},"45":{"start":{"line":90,"column":2},"end":{"line":100,"column":4}}},"fnMap":{"0":{"name":"ProductCard","decl":{"start":{"line":11,"column":9},"end":{"line":11,"column":20}},"loc":{"start":{"line":11,"column":28},"end":{"line":101,"column":1}},"line":11},"1":{"name":"(anonymous_1)","decl":{"start":{"line":21,"column":21},"end":{"line":21,"column":22}},"loc":{"start":{"line":21,"column":33},"end":{"line":34,"column":3}},"line":21},"2":{"name":"(anonymous_2)","decl":{"start":{"line":25,"column":35},"end":{"line":25,"column":36}},"loc":{"start":{"line":25,"column":47},"end":{"line":29,"column":5}},"line":25},"3":{"name":"(anonymous_3)","decl":{"start":{"line":36,"column":22},"end":{"line":36,"column":23}},"loc":{"start":{"line":37,"column":4},"end":{"line":41,"column":53}},"line":37},"4":{"name":"(anonymous_4)","decl":{"start":{"line":38,"column":12},"end":{"line":38,"column":13}},"loc":{"start":{"line":38,"column":26},"end":{"line":40,"column":7}},"line":38},"5":{"name":"(anonymous_5)","decl":{"start":{"line":41,"column":13},"end":{"line":41,"column":14}},"loc":{"start":{"line":41,"column":22},"end":{"line":41,"column":52}},"line":41},"6":{"name":"(anonymous_6)","decl":{"start":{"line":44,"column":29},"end":{"line":44,"column":30}},"loc":{"start":{"line":45,"column":4},"end":{"line":64,"column":53}},"line":45},"7":{"name":"(anonymous_7)","decl":{"start":{"line":46,"column":12},"end":{"line":46,"column":13}},"loc":{"start":{"line":46,"column":26},"end":{"line":63,"column":7}},"line":46},"8":{"name":"(anonymous_8)","decl":{"start":{"line":64,"column":13},"end":{"line":64,"column":14}},"loc":{"start":{"line":64,"column":22},"end":{"line":64,"column":52}},"line":64},"9":{"name":"(anonymous_9)","decl":{"start":{"line":67,"column":28},"end":{"line":67,"column":29}},"loc":{"start":{"line":68,"column":4},"end":{"line":76,"column":53}},"line":68},"10":{"name":"(anonymous_10)","decl":{"start":{"line":73,"column":12},"end":{"line":73,"column":13}},"loc":{"start":{"line":73,"column":26},"end":{"line":75,"column":7}},"line":73},"11":{"name":"(anonymous_11)","decl":{"start":{"line":76,"column":13},"end":{"line":76,"column":14}},"loc":{"start":{"line":76,"column":22},"end":{"line":76,"column":52}},"line":76},"12":{"name":"(anonymous_12)","decl":{"start":{"line":79,"column":28},"end":{"line":79,"column":29}},"loc":{"start":{"line":80,"column":4},"end":{"line":83,"column":53}},"line":80},"13":{"name":"(anonymous_13)","decl":{"start":{"line":83,"column":13},"end":{"line":83,"column":14}},"loc":{"start":{"line":83,"column":22},"end":{"line":83,"column":52}},"line":83},"14":{"name":"(anonymous_14)","decl":{"start":{"line":86,"column":12},"end":{"line":86,"column":13}},"loc":{"start":{"line":86,"column":18},"end":{"line":88,"column":3}},"line":86}},"branchMap":{"0":{"loc":{"start":{"line":52,"column":10},"end":{"line":55,"column":11}},"type":"if","locations":[{"start":{"line":52,"column":10},"end":{"line":55,"column":11}},{"start":{},"end":{}}],"line":52},"1":{"loc":{"start":{"line":52,"column":14},"end":{"line":52,"column":38}},"type":"binary-expr","locations":[{"start":{"line":52,"column":14},"end":{"line":52,"column":23}},{"start":{"line":52,"column":27},"end":{"line":52,"column":38}}],"line":52},"2":{"loc":{"start":{"line":56,"column":10},"end":{"line":58,"column":11}},"type":"if","locations":[{"start":{"line":56,"column":10},"end":{"line":58,"column":11}},{"start":{},"end":{}}],"line":56},"3":{"loc":{"start":{"line":60,"column":8},"end":{"line":62,"column":9}},"type":"if","locations":[{"start":{"line":60,"column":8},"end":{"line":62,"column":9}},{"start":{},"end":{}}],"line":60}},"s":{"0":0,"1":0,"2":0,"3":0,"4":0,"5":0,"6":0,"7":0,"8":0,"9":0,"10":0,"11":0,"12":0,"13":0,"14":0,"15":0,"16":0,"17":0,"18":0,"19":0,"20":0,"21":0,"22":0,"23":0,"24":0,"25":0,"26":0,"27":0,"28":0,"29":0,"30":0,"31":0,"32":0,"33":0,"34":0,"35":0,"36":0,"37":0,"38":0,"39":0,"40":0,"41":0,"42":0,"43":0,"44":0,"45":0},"f":{"0":0,"1":0,"2":0,"3":0,"4":0,"5":0,"6":0,"7":0,"8":0,"9":0,"10":0,"11":0,"12":0,"13":0,"14":0},"b":{"0":[0,0],"1":[0,0],"2":[0,0],"3":[0,0]},"_coverageSchema":"1a1c01bbd47fc00a2c39e90264f33305004495a9","hash":"41c7806d540589723dff0442e2ba23a3e97875d3"}
,"/root/hackreactor/fec/client/src/components/RelatedItemsAndOutfit/RelatedItems.jsx": {"path":"/root/hackreactor/fec/client/src/components/RelatedItemsAndOutfit/RelatedItems.jsx","statementMap":{"0":{"start":{"line":12,"column":25},"end":{"line":12,"column":30}},"1":{"start":{"line":13,"column":38},"end":{"line":13,"column":50}},"2":{"start":{"line":18,"column":24},"end":{"line":28,"column":3}},"3":{"start":{"line":19,"column":4},"end":{"line":19,"column":83}},"4":{"start":{"line":20,"column":4},"end":{"line":20,"column":58}},"5":{"start":{"line":21,"column":4},"end":{"line":27,"column":6}},"6":{"start":{"line":24,"column":10},"end":{"line":24,"column":39}},"7":{"start":{"line":26,"column":24},"end":{"line":26,"column":54}},"8":{"start":{"line":30,"column":2},"end":{"line":32,"column":9}},"9":{"start":{"line":31,"column":4},"end":{"line":31,"column":30}},"10":{"start":{"line":34,"column":2},"end":{"line":39,"column":4}}},"fnMap":{"0":{"name":"RelatedItems","decl":{"start":{"line":10,"column":9},"end":{"line":10,"column":21}},"loc":{"start":{"line":10,"column":29},"end":{"line":40,"column":1}},"line":10},"1":{"name":"(anonymous_1)","decl":{"start":{"line":18,"column":24},"end":{"line":18,"column":25}},"loc":{"start":{"line":18,"column":32},"end":{"line":28,"column":3}},"line":18},"2":{"name":"(anonymous_2)","decl":{"start":{"line":23,"column":14},"end":{"line":23,"column":15}},"loc":{"start":{"line":23,"column":28},"end":{"line":25,"column":9}},"line":23},"3":{"name":"(anonymous_3)","decl":{"start":{"line":26,"column":15},"end":{"line":26,"column":16}},"loc":{"start":{"line":26,"column":24},"end":{"line":26,"column":54}},"line":26},"4":{"name":"(anonymous_4)","decl":{"start":{"line":30,"column":12},"end":{"line":30,"column":13}},"loc":{"start":{"line":30,"column":18},"end":{"line":32,"column":3}},"line":30}},"branchMap":{},"s":{"0":4,"1":4,"2":4,"3":3,"4":3,"5":3,"6":0,"7":0,"8":4,"9":3,"10":4},"f":{"0":4,"1":3,"2":0,"3":0,"4":3},"b":{},"_coverageSchema":"1a1c01bbd47fc00a2c39e90264f33305004495a9","hash":"5d9b20ff7cc36a44aac974fdad7a4f7ff1ee1369"}
,"/root/hackreactor/fec/config/config.js": {"path":"/root/hackreactor/fec/config/config.js","statementMap":{"0":{"start":{"line":1,"column":16},"end":{"line":1,"column":58}}},"fnMap":{},"branchMap":{},"s":{"0":2},"f":{},"b":{},"_coverageSchema":"1a1c01bbd47fc00a2c39e90264f33305004495a9","hash":"e6a726a43747f7ca0e7238efd0cab2fd91c1f7b8"}
}
