TN:
SF:client/src/components/App.jsx
FN:12,(anonymous_0)
FN:19,(anonymous_1)
FNF:2
FNH:2
FNDA:6,(anonymous_0)
FNDA:4,(anonymous_1)
DA:13,6
DA:14,4
DA:20,4
LF:3
LH:3
BRF:0
BRH:0
end_of_record
TN:
SF:client/src/components/Overview/SM-ImageGallery.jsx
FN:6,ImageGallery
FNF:1
FNH:1
FNDA:4,ImageGallery
DA:12,4
LF:1
LH:1
BRF:0
BRH:0
end_of_record
TN:
SF:client/src/components/Overview/SM-Overview.jsx
FN:6,Overview
FNF:1
FNH:1
FNDA:6,Overview
DA:8,6
LF:1
LH:1
BRF:0
BRH:0
end_of_record
TN:
SF:client/src/components/Overview/SM-Price.jsx
FN:3,Price
FNF:1
FNH:1
FNDA:6,Price
DA:4,6
LF:1
LH:1
BRF:0
BRH:0
end_of_record
TN:
SF:client/src/components/Overview/SM-ProductInfo.jsx
FN:23,(anonymous_0)
FN:31,(anonymous_1)
FN:34,(anonymous_2)
FN:39,(anonymous_3)
FN:44,(anonymous_4)
FN:52,(anonymous_5)
FNF:6
FNH:3
FNDA:4,(anonymous_0)
FNDA:4,(anonymous_1)
FNDA:0,(anonymous_2)
FNDA:0,(anonymous_3)
FNDA:0,(anonymous_4)
FNDA:4,(anonymous_5)
DA:11,2
DA:17,2
DA:24,4
DA:25,4
DA:32,4
DA:33,4
DA:35,0
DA:40,0
DA:43,4
DA:45,0
DA:53,4
LF:11
LH:8
BRF:0
BRH:0
end_of_record
TN:
SF:client/src/components/Overview/SM-Share.jsx
FN:12,Share
FNF:1
FNH:1
FNDA:4,Share
DA:4,2
DA:6,2
DA:13,4
LF:3
LH:3
BRF:0
BRH:0
end_of_record
TN:
SF:client/src/components/Overview/SM-StarRating.jsx
FN:3,StarRating
FN:5,whichStar
FN:25,(anonymous_2)
FNF:3
FNH:3
FNDA:4,StarRating
FNDA:20,whichStar
FNDA:20,(anonymous_2)
DA:6,20
DA:7,0
DA:9,20
DA:10,0
DA:12,20
DA:13,0
DA:15,20
DA:16,0
DA:18,20
DA:22,4
DA:26,20
LF:11
LH:7
BRDA:6,0,0,0
BRDA:6,0,1,20
BRDA:9,1,0,0
BRDA:9,1,1,20
BRDA:9,2,0,20
BRDA:9,2,1,20
BRDA:9,2,2,0
BRDA:12,3,0,0
BRDA:12,3,1,20
BRDA:12,4,0,20
BRDA:12,4,1,20
BRDA:15,5,0,0
BRDA:15,5,1,20
BRF:13
BRH:8
end_of_record
TN:
SF:client/src/components/Overview/SM-StyleRow.jsx
FN:10,Row
FN:15,renderStyles
FN:27,(anonymous_2)
FN:30,(anonymous_3)
FNF:4
FNH:3
FNDA:14,Row
FNDA:56,renderStyles
FNDA:56,(anonymous_2)
FNDA:0,(anonymous_3)
DA:3,2
DA:16,56
DA:17,42
DA:18,42
DA:19,42
DA:20,42
DA:24,14
DA:28,56
DA:30,0
LF:9
LH:8
BRDA:16,0,0,42
BRDA:16,0,1,14
BRF:2
BRH:2
end_of_record
TN:
SF:client/src/components/Overview/SM-StyleSelector.jsx
FN:5,StyleSelector
FN:11,makeSkusArray
FN:13,(anonymous_2)
FN:32,renderRow
FN:45,changeDisplay
FN:61,changeFirst
FN:68,(anonymous_6)
FN:70,selectSize
FN:77,(anonymous_8)
FN:88,(anonymous_9)
FN:91,(anonymous_10)
FNF:11
FNH:7
FNDA:9,StyleSelector
FNDA:10,makeSkusArray
FNDA:60,(anonymous_2)
FNDA:14,renderRow
FNDA:0,changeDisplay
FNDA:0,changeFirst
FNDA:3,(anonymous_6)
FNDA:0,selectSize
FNDA:14,(anonymous_8)
FNDA:0,(anonymous_9)
FNDA:42,(anonymous_10)
DA:7,9
DA:8,9
DA:9,7
DA:12,10
DA:14,60
DA:19,10
DA:22,7
DA:24,7
DA:28,7
DA:29,7
DA:33,14
DA:34,7
DA:35,7
DA:36,7
DA:38,7
DA:39,7
DA:46,0
DA:48,0
DA:49,0
DA:50,0
DA:51,0
DA:52,0
DA:53,0
DA:56,0
DA:62,0
DA:63,0
DA:64,0
DA:68,7
DA:71,0
DA:75,7
DA:78,14
DA:88,0
DA:92,42
LF:33
LH:20
BRDA:33,0,0,7
BRDA:33,0,1,7
BRDA:49,1,0,0
BRDA:49,1,1,0
BRF:4
BRH:2
end_of_record
TN:
SF:client/src/components/Overview/SM-dummyproductdata.js
FNF:0
FNH:0
DA:1,2
LF:1
LH:1
BRF:0
BRH:0
end_of_record
TN:
SF:client/src/components/Overview/SM-dummystylesdata.js
FNF:0
FNH:0
DA:1,2
LF:1
LH:1
BRF:0
BRH:0
end_of_record
TN:
SF:client/src/components/Overview/SM-icons.js
FNF:0
FNH:0
LF:0
LH:0
BRF:0
BRH:0
end_of_record
TN:
SF:client/src/components/QandA/AddAnswer.jsx
FN:6,(anonymous_0)
FN:19,(anonymous_1)
FN:24,(anonymous_2)
FN:29,(anonymous_3)
FN:35,(anonymous_4)
FN:46,(anonymous_5)
FN:50,(anonymous_6)
FN:57,(anonymous_7)
FNF:8
FNH:0
FNDA:0,(anonymous_0)
FNDA:0,(anonymous_1)
FNDA:0,(anonymous_2)
FNDA:0,(anonymous_3)
FNDA:0,(anonymous_4)
FNDA:0,(anonymous_5)
FNDA:0,(anonymous_6)
FNDA:0,(anonymous_7)
DA:7,0
DA:8,0
DA:13,0
DA:14,0
DA:15,0
DA:16,0
DA:20,0
DA:25,0
DA:30,0
DA:36,0
DA:41,0
DA:47,0
DA:51,0
DA:54,0
DA:58,0
LF:15
LH:0
BRF:0
BRH:0
end_of_record
TN:
SF:client/src/components/QandA/AddQuestion.jsx
FN:6,(anonymous_0)
FN:19,(anonymous_1)
FN:24,(anonymous_2)
FN:29,(anonymous_3)
FN:35,(anonymous_4)
FN:47,(anonymous_5)
FN:51,(anonymous_6)
FN:58,(anonymous_7)
FNF:8
FNH:0
FNDA:0,(anonymous_0)
FNDA:0,(anonymous_1)
FNDA:0,(anonymous_2)
FNDA:0,(anonymous_3)
FNDA:0,(anonymous_4)
FNDA:0,(anonymous_5)
FNDA:0,(anonymous_6)
FNDA:0,(anonymous_7)
DA:7,0
DA:8,0
DA:13,0
DA:14,0
DA:15,0
DA:16,0
DA:20,0
DA:25,0
DA:30,0
DA:36,0
DA:41,0
DA:48,0
DA:52,0
DA:55,0
DA:59,0
LF:15
LH:0
BRF:0
BRH:0
end_of_record
TN:
SF:client/src/components/QandA/AnswersView.jsx
FN:6,(anonymous_0)
FN:19,(anonymous_1)
FN:27,(anonymous_2)
FN:30,(anonymous_3)
FN:37,(anonymous_4)
FN:44,(anonymous_5)
FN:52,(anonymous_6)
FN:55,(anonymous_7)
FN:62,(anonymous_8)
FN:69,(anonymous_9)
FNF:10
FNH:4
FNDA:16,(anonymous_0)
FNDA:0,(anonymous_1)
FNDA:0,(anonymous_2)
FNDA:0,(anonymous_3)
FNDA:16,(anonymous_4)
FNDA:0,(anonymous_5)
FNDA:0,(anonymous_6)
FNDA:0,(anonymous_7)
FNDA:16,(anonymous_8)
FNDA:16,(anonymous_9)
DA:7,16
DA:8,16
DA:13,16
DA:14,16
DA:15,16
DA:16,16
DA:20,0
DA:21,0
DA:22,0
DA:28,0
DA:31,0
DA:33,0
DA:38,16
DA:39,16
DA:41,0
DA:45,0
DA:46,0
DA:47,0
DA:53,0
DA:56,0
DA:58,0
DA:63,16
DA:64,16
DA:66,0
DA:70,16
LF:25
LH:11
BRDA:21,0,0,0
BRDA:21,0,1,0
BRDA:38,1,0,16
BRDA:38,1,1,0
BRDA:46,2,0,0
BRDA:46,2,1,0
BRDA:63,3,0,16
BRDA:63,3,1,0
BRDA:77,4,0,4
BRDA:77,4,1,12
BRF:10
BRH:4
end_of_record
TN:
SF:client/src/components/QandA/QandA.jsx
FN:9,(anonymous_0)
FN:23,(anonymous_1)
FN:27,(anonymous_2)
FN:34,(anonymous_3)
FN:39,(anonymous_4)
FN:45,(anonymous_5)
FN:63,(anonymous_6)
FN:82,(anonymous_7)
FNF:8
FNH:4
FNDA:4,(anonymous_0)
FNDA:4,(anonymous_1)
FNDA:4,(anonymous_2)
FNDA:0,(anonymous_3)
FNDA:0,(anonymous_4)
FNDA:0,(anonymous_5)
FNDA:0,(anonymous_6)
FNDA:4,(anonymous_7)
DA:10,4
DA:11,4
DA:18,4
DA:19,4
DA:20,4
DA:24,4
DA:29,4
DA:36,0
DA:40,0
DA:46,0
DA:47,0
DA:49,0
DA:50,0
DA:51,0
DA:53,0
DA:54,0
DA:64,0
DA:66,0
DA:67,0
DA:69,0
DA:71,0
DA:72,0
DA:73,0
DA:74,0
DA:77,0
DA:83,4
LF:26
LH:8
BRDA:46,0,0,0
BRDA:46,0,1,0
BRDA:49,1,0,0
BRDA:49,1,1,0
BRDA:72,2,0,0
BRDA:72,2,1,0
BRF:6
BRH:0
end_of_record
TN:
SF:client/src/components/QandA/Questions.jsx
FN:7,(anonymous_0)
FN:27,(anonymous_1)
FN:32,(anonymous_2)
FN:40,(anonymous_3)
FN:54,(anonymous_4)
FN:69,(anonymous_5)
FN:74,(anonymous_6)
FN:89,(anonymous_7)
FN:97,(anonymous_8)
FN:101,(anonymous_9)
FN:116,(anonymous_10)
FNF:11
FNH:8
FNDA:4,(anonymous_0)
FNDA:22,(anonymous_1)
FNDA:4,(anonymous_2)
FNDA:16,(anonymous_3)
FNDA:0,(anonymous_4)
FNDA:0,(anonymous_5)
FNDA:4,(anonymous_6)
FNDA:4,(anonymous_7)
FNDA:0,(anonymous_8)
FNDA:4,(anonymous_9)
FNDA:4,(anonymous_10)
DA:8,4
DA:9,4
DA:17,4
DA:18,4
DA:19,4
DA:20,4
DA:21,4
DA:22,4
DA:23,4
DA:28,22
DA:33,4
DA:34,4
DA:35,4
DA:37,4
DA:38,4
DA:41,16
DA:50,0
DA:52,0
DA:55,0
DA:65,0
DA:70,0
DA:75,4
DA:76,4
DA:77,0
DA:81,4
DA:85,0
DA:90,4
DA:91,0
DA:93,4
DA:98,0
DA:102,4
DA:103,0
DA:112,4
DA:117,4
LF:34
LH:24
BRDA:37,0,0,4
BRDA:37,0,1,0
BRDA:37,1,0,4
BRDA:37,1,1,4
BRDA:50,2,0,0
BRDA:50,2,1,0
BRDA:50,3,0,0
BRDA:50,3,1,0
BRDA:50,3,2,0
BRDA:50,3,3,0
BRDA:75,4,0,4
BRDA:75,4,1,0
BRDA:76,5,0,0
BRDA:76,5,1,4
BRDA:90,6,0,0
BRDA:90,6,1,4
BRDA:102,7,0,0
BRDA:102,7,1,4
BRF:18
BRH:7
end_of_record
TN:
SF:client/src/components/QandA/QuestionsView.jsx
FN:9,(anonymous_0)
FN:28,(anonymous_1)
FN:40,(anonymous_2)
FN:47,(anonymous_3)
FN:56,(anonymous_4)
FN:61,(anonymous_5)
FN:73,(anonymous_6)
FN:81,(anonymous_7)
FN:84,(anonymous_8)
FN:91,(anonymous_9)
FN:99,(anonymous_10)
FN:103,(anonymous_11)
FN:118,(anonymous_12)
FNF:13
FNH:8
FNDA:16,(anonymous_0)
FNDA:16,(anonymous_1)
FNDA:8,(anonymous_2)
FNDA:8,(anonymous_3)
FNDA:0,(anonymous_4)
FNDA:16,(anonymous_5)
FNDA:0,(anonymous_6)
FNDA:0,(anonymous_7)
FNDA:0,(anonymous_8)
FNDA:16,(anonymous_9)
FNDA:0,(anonymous_10)
FNDA:16,(anonymous_11)
FNDA:16,(anonymous_12)
DA:10,16
DA:11,16
DA:18,16
DA:19,16
DA:20,16
DA:21,16
DA:22,16
DA:23,16
DA:24,16
DA:29,16
DA:30,16
DA:31,28
DA:32,4
DA:34,24
DA:37,16
DA:38,4
DA:40,8
DA:43,12
DA:45,4
DA:47,8
DA:51,8
DA:57,0
DA:62,16
DA:63,4
DA:64,0
DA:66,4
DA:69,12
DA:74,0
DA:75,0
DA:76,0
DA:82,0
DA:85,0
DA:87,0
DA:92,16
DA:93,16
DA:95,0
DA:100,0
DA:104,16
DA:105,0
DA:115,16
DA:119,16
LF:41
LH:30
BRDA:31,0,0,4
BRDA:31,0,1,24
BRDA:37,1,0,4
BRDA:37,1,1,12
BRDA:37,2,0,16
BRDA:37,2,1,4
BRDA:43,3,0,4
BRDA:43,3,1,8
BRDA:43,4,0,12
BRDA:43,4,1,4
BRDA:43,4,2,12
BRDA:43,4,3,4
BRDA:62,5,0,4
BRDA:62,5,1,12
BRDA:63,6,0,0
BRDA:63,6,1,4
BRDA:75,7,0,0
BRDA:75,7,1,0
BRDA:92,8,0,16
BRDA:92,8,1,0
BRDA:104,9,0,0
BRDA:104,9,1,16
BRF:22
BRH:17
end_of_record
TN:
SF:client/src/components/QandA/QAdata/sampleData.js
FNF:0
FNH:0
LF:0
LH:0
BRF:0
BRH:0
end_of_record
TN:
SF:client/src/components/RatingsReview/AllReviews.jsx
FN:11,AllReviews
FN:18,getReview
FN:24,(anonymous_2)
FN:25,(anonymous_3)
FN:28,(anonymous_4)
FN:41,(anonymous_5)
FN:44,(anonymous_6)
FN:45,(anonymous_7)
FN:46,(anonymous_8)
FN:64,(anonymous_9)
FN:66,(anonymous_10)
FN:66,(anonymous_11)
FN:67,(anonymous_12)
FN:70,(anonymous_13)
FN:73,(anonymous_14)
FN:77,sortReviews
FN:80,(anonymous_16)
FN:84,(anonymous_17)
FN:96,(anonymous_18)
FN:103,(anonymous_19)
FN:109,(anonymous_20)
FN:109,(anonymous_21)
FNF:22
FNH:5
FNDA:6,AllReviews
FNDA:5,getReview
FNDA:0,(anonymous_2)
FNDA:0,(anonymous_3)
FNDA:0,(anonymous_4)
FNDA:5,(anonymous_5)
FNDA:0,(anonymous_6)
FNDA:0,(anonymous_7)
FNDA:0,(anonymous_8)
FNDA:5,(anonymous_9)
FNDA:0,(anonymous_10)
FNDA:0,(anonymous_11)
FNDA:0,(anonymous_12)
FNDA:0,(anonymous_13)
FNDA:5,(anonymous_14)
FNDA:0,sortReviews
FNDA:0,(anonymous_16)
FNDA:0,(anonymous_17)
FNDA:0,(anonymous_18)
FNDA:0,(anonymous_19)
FNDA:0,(anonymous_20)
FNDA:0,(anonymous_21)
DA:12,6
DA:13,6
DA:14,6
DA:15,6
DA:16,6
DA:19,5
DA:24,0
DA:25,0
DA:28,6
DA:29,0
DA:30,0
DA:35,0
DA:36,0
DA:37,0
DA:41,6
DA:42,5
DA:43,0
DA:45,0
DA:46,0
DA:47,0
DA:48,0
DA:49,0
DA:51,0
DA:52,0
DA:53,0
DA:56,0
DA:60,5
DA:64,6
DA:65,5
DA:66,0
DA:68,0
DA:70,0
DA:73,6
DA:74,5
DA:78,0
DA:79,0
DA:80,0
DA:81,0
DA:83,0
DA:84,0
DA:85,0
DA:89,6
DA:96,0
DA:104,0
DA:109,0
LF:45
LH:15
BRDA:29,0,0,0
BRDA:29,0,1,0
BRDA:42,1,0,0
BRDA:42,1,1,5
BRDA:48,2,0,0
BRDA:48,2,1,0
BRDA:52,3,0,0
BRDA:52,3,1,0
BRDA:78,4,0,0
BRDA:78,4,1,0
BRDA:108,5,0,0
BRDA:108,5,1,6
BRDA:108,6,0,6
BRDA:108,6,1,0
BRF:14
BRH:3
end_of_record
TN:
SF:client/src/components/RatingsReview/CharBreakdown.jsx
FN:5,CharBreakdown
FN:32,(anonymous_1)
FNF:2
FNH:0
FNDA:0,CharBreakdown
FNDA:0,(anonymous_1)
DA:6,0
DA:8,0
DA:17,0
DA:30,0
DA:33,0
LF:5
LH:0
BRDA:41,0,0,0
BRDA:41,0,1,0
BRF:2
BRH:0
end_of_record
TN:
SF:client/src/components/RatingsReview/IndividualReview.jsx
FN:21,IndividualReview
FN:31,incrementHelpfulness
FN:33,(anonymous_2)
FN:33,(anonymous_3)
FN:34,(anonymous_4)
FN:37,bodyToggle
FN:41,(anonymous_6)
FN:45,whichStar
FN:62,tooBig
FN:78,photosExist
FN:80,(anonymous_10)
FN:93,(anonymous_11)
FN:142,(anonymous_12)
FNF:13
FNH:0
FNDA:0,IndividualReview
FNDA:0,incrementHelpfulness
FNDA:0,(anonymous_2)
FNDA:0,(anonymous_3)
FNDA:0,(anonymous_4)
FNDA:0,bodyToggle
FNDA:0,(anonymous_6)
FNDA:0,whichStar
FNDA:0,tooBig
FNDA:0,photosExist
FNDA:0,(anonymous_10)
FNDA:0,(anonymous_11)
FNDA:0,(anonymous_12)
DA:19,2
DA:22,0
DA:23,0
DA:24,0
DA:25,0
DA:27,0
DA:28,0
DA:32,0
DA:33,0
DA:34,0
DA:38,0
DA:41,0
DA:42,0
DA:46,0
DA:47,0
DA:49,0
DA:50,0
DA:52,0
DA:53,0
DA:55,0
DA:56,0
DA:58,0
DA:63,0
DA:64,0
DA:65,0
DA:74,0
DA:79,0
DA:80,0
DA:82,0
DA:86,0
DA:93,0
DA:143,0
DA:144,0
LF:33
LH:1
BRDA:46,0,0,0
BRDA:46,0,1,0
BRDA:49,1,0,0
BRDA:49,1,1,0
BRDA:49,2,0,0
BRDA:49,2,1,0
BRDA:49,2,2,0
BRDA:52,3,0,0
BRDA:52,3,1,0
BRDA:52,4,0,0
BRDA:52,4,1,0
BRDA:55,5,0,0
BRDA:55,5,1,0
BRDA:63,6,0,0
BRDA:63,6,1,0
BRDA:65,7,0,0
BRDA:65,7,1,0
BRDA:79,8,0,0
BRDA:79,8,1,0
BRDA:114,9,0,0
BRDA:114,9,1,0
BRDA:117,10,0,0
BRDA:117,10,1,0
BRDA:137,11,0,0
BRDA:137,11,1,0
BRF:25
BRH:0
end_of_record
TN:
SF:client/src/components/RatingsReview/ProgressBar.jsx
FN:4,ProgressBar
FN:27,activateSort
FN:37,(anonymous_2)
FNF:3
FNH:0
FNDA:0,ProgressBar
FNDA:0,activateSort
FNDA:0,(anonymous_2)
DA:7,0
DA:9,0
DA:11,0
DA:19,0
DA:28,0
DA:31,0
DA:38,0
DA:39,0
LF:8
LH:0
BRDA:34,0,0,0
BRDA:34,0,1,0
BRDA:50,1,0,0
BRDA:50,1,1,0
BRF:4
BRH:0
end_of_record
TN:
SF:client/src/components/RatingsReview/RatingBreakdown.jsx
FN:17,RatingBreakdown
FN:22,getMeta
FN:28,(anonymous_2)
FN:29,(anonymous_3)
FN:32,(anonymous_4)
FN:34,(anonymous_5)
FN:37,(anonymous_6)
FN:40,averageStars
FN:44,(anonymous_8)
FN:52,whichStar
FN:73,(anonymous_10)
FN:86,(anonymous_11)
FN:98,(anonymous_12)
FNF:13
FNH:6
FNDA:6,RatingBreakdown
FNDA:5,getMeta
FNDA:0,(anonymous_2)
FNDA:0,(anonymous_3)
FNDA:5,(anonymous_4)
FNDA:0,(anonymous_5)
FNDA:0,(anonymous_6)
FNDA:42,averageStars
FNDA:0,(anonymous_8)
FNDA:30,whichStar
FNDA:30,(anonymous_10)
FNDA:0,(anonymous_11)
FNDA:0,(anonymous_12)
DA:15,2
DA:18,6
DA:20,6
DA:23,5
DA:28,0
DA:29,0
DA:32,6
DA:33,5
DA:35,0
DA:37,0
DA:41,42
DA:42,42
DA:43,42
DA:44,0
DA:45,0
DA:46,0
DA:49,42
DA:53,30
DA:54,0
DA:56,30
DA:57,0
DA:59,30
DA:60,0
DA:62,30
DA:63,0
DA:65,30
DA:68,6
DA:73,30
DA:87,0
DA:99,0
LF:30
LH:17
BRDA:43,0,0,0
BRDA:43,0,1,42
BRDA:53,1,0,0
BRDA:53,1,1,30
BRDA:56,2,0,0
BRDA:56,2,1,30
BRDA:56,3,0,30
BRDA:56,3,1,30
BRDA:56,3,2,0
BRDA:59,4,0,0
BRDA:59,4,1,30
BRDA:59,5,0,30
BRDA:59,5,1,0
BRDA:62,6,0,0
BRDA:62,6,1,30
BRDA:86,7,0,0
BRDA:86,7,1,6
BRDA:90,8,0,0
BRDA:90,8,1,0
BRDA:98,9,0,0
BRDA:98,9,1,6
BRF:21
BRH:10
end_of_record
TN:
SF:client/src/components/RatingsReview/ReviewImages.jsx
FN:3,ReviewImages
FN:6,togglePopup
FNF:2
FNH:0
FNDA:0,ReviewImages
FNDA:0,togglePopup
DA:4,0
DA:7,0
DA:10,0
LF:3
LH:0
BRDA:22,0,0,0
BRDA:22,0,1,0
BRF:2
BRH:0
end_of_record
TN:
SF:client/src/components/RatingsReview/StarRating.jsx
FN:9,StarRating
FN:14,(anonymous_1)
FN:20,(anonymous_2)
FN:27,(anonymous_3)
FN:28,(anonymous_4)
FN:29,(anonymous_5)
FNF:6
FNH:0
FNDA:0,StarRating
FNDA:0,(anonymous_1)
FNDA:0,(anonymous_2)
FNDA:0,(anonymous_3)
FNDA:0,(anonymous_4)
FNDA:0,(anonymous_5)
DA:7,2
DA:10,0
DA:11,0
DA:12,0
DA:14,0
DA:15,0
DA:18,0
DA:21,0
DA:22,0
DA:27,0
DA:28,0
DA:29,0
LF:12
LH:1
BRDA:31,0,0,0
BRDA:31,0,1,0
BRDA:31,1,0,0
BRDA:31,1,1,0
BRF:4
BRH:0
end_of_record
TN:
SF:client/src/components/RatingsReview/WriteReview.jsx
FN:6,WriteReview
FN:20,togglePopup
FN:24,(anonymous_2)
FN:29,(anonymous_3)
FN:35,buildCharObj
FN:41,renderChars
FN:44,(anonymous_6)
FN:50,(anonymous_7)
FN:84,imgButtonClick
FN:92,(anonymous_9)
FN:98,postSubmit
FN:108,(anonymous_11)
FN:112,(anonymous_12)
FN:131,(anonymous_13)
FN:137,(anonymous_14)
FN:157,(anonymous_15)
FN:169,(anonymous_16)
FN:173,(anonymous_17)
FN:186,(anonymous_18)
FN:200,(anonymous_19)
FN:210,(anonymous_20)
FNF:21
FNH:2
FNDA:6,WriteReview
FNDA:0,togglePopup
FNDA:5,(anonymous_2)
FNDA:0,(anonymous_3)
FNDA:0,buildCharObj
FNDA:0,renderChars
FNDA:0,(anonymous_6)
FNDA:0,(anonymous_7)
FNDA:0,imgButtonClick
FNDA:0,(anonymous_9)
FNDA:0,postSubmit
FNDA:0,(anonymous_11)
FNDA:0,(anonymous_12)
FNDA:0,(anonymous_13)
FNDA:0,(anonymous_14)
FNDA:0,(anonymous_15)
FNDA:0,(anonymous_16)
FNDA:0,(anonymous_17)
FNDA:0,(anonymous_18)
FNDA:0,(anonymous_19)
FNDA:0,(anonymous_20)
DA:7,6
DA:8,6
DA:9,6
DA:10,6
DA:11,6
DA:12,6
DA:13,6
DA:15,6
DA:17,6
DA:18,6
DA:21,0
DA:24,6
DA:25,5
DA:30,0
DA:31,0
DA:36,0
DA:37,0
DA:38,0
DA:42,0
DA:43,0
DA:45,0
DA:50,0
DA:85,0
DA:86,0
DA:87,0
DA:88,0
DA:92,6
DA:93,0
DA:94,0
DA:95,0
DA:99,0
DA:100,0
DA:102,0
DA:103,0
DA:104,0
DA:105,0
DA:106,0
DA:107,0
DA:109,0
DA:110,0
DA:112,0
DA:116,6
DA:131,0
DA:137,0
DA:157,0
DA:169,0
DA:174,0
DA:186,0
DA:200,0
DA:210,0
LF:50
LH:14
BRDA:42,0,0,0
BRDA:42,0,1,0
BRDA:85,1,0,0
BRDA:85,1,1,0
BRDA:100,2,0,0
BRDA:100,2,1,0
BRDA:100,3,0,0
BRDA:100,3,1,0
BRDA:100,3,2,0
BRDA:100,3,3,0
BRDA:100,3,4,0
BRDA:100,3,5,0
BRDA:120,4,0,6
BRDA:120,4,1,0
BRDA:173,5,0,0
BRDA:173,5,1,0
BRDA:182,6,0,0
BRDA:182,6,1,0
BRF:18
BRH:1
end_of_record
TN:
SF:client/src/components/RatingsReview/ratingexampledata/individualExample.js
FNF:0
FNH:0
LF:0
LH:0
BRF:0
BRH:0
end_of_record
TN:
SF:client/src/components/RatingsReview/ratingexampledata/stars.js
FNF:0
FNH:0
LF:0
LH:0
BRF:0
BRH:0
end_of_record
TN:
SF:client/src/components/RelatedItemsAndOutfit/Carousel.jsx
FN:7,Carousel
FN:14,(anonymous_1)
FN:21,(anonymous_2)
FNF:3
FNH:1
FNDA:11,Carousel
FNDA:0,(anonymous_1)
FNDA:0,(anonymous_2)
DA:8,11
DA:10,11
DA:11,7
DA:14,0
DA:18,4
DA:21,0
LF:6
LH:4
BRDA:10,0,0,7
BRDA:10,0,1,4
BRF:2
BRH:2
end_of_record
TN:
SF:client/src/components/RelatedItemsAndOutfit/OutfitList.jsx
FN:10,OutfitList
FN:18,(anonymous_1)
FN:45,(anonymous_2)
FN:67,(anonymous_3)
FN:72,(anonymous_4)
FNF:5
FNH:2
FNDA:7,OutfitList
FNDA:0,(anonymous_1)
FNDA:0,(anonymous_2)
FNDA:0,(anonymous_3)
FNDA:3,(anonymous_4)
DA:11,7
DA:12,7
DA:18,7
DA:19,0
DA:20,0
DA:22,0
DA:23,0
DA:24,0
DA:25,0
DA:26,0
DA:27,0
DA:45,7
DA:46,0
DA:47,0
DA:48,0
DA:49,0
DA:50,0
DA:67,7
DA:68,0
DA:69,0
DA:72,7
DA:73,3
DA:74,3
DA:76,0
DA:77,0
DA:81,7
LF:26
LH:9
BRDA:19,0,0,0
BRDA:19,0,1,0
BRDA:22,1,0,0
BRDA:22,1,1,0
BRDA:73,2,0,3
BRDA:73,2,1,0
BRF:6
BRH:1
end_of_record
TN:
SF:client/src/components/RelatedItemsAndOutfit/ProductCard.jsx
FN:11,ProductCard
FN:21,(anonymous_1)
FN:25,(anonymous_2)
FN:36,(anonymous_3)
FN:38,(anonymous_4)
FN:41,(anonymous_5)
FN:44,(anonymous_6)
FN:46,(anonymous_7)
FN:64,(anonymous_8)
FN:67,(anonymous_9)
FN:73,(anonymous_10)
FN:76,(anonymous_11)
FN:79,(anonymous_12)
FN:83,(anonymous_13)
FN:86,(anonymous_14)
FNF:15
FNH:0
FNDA:0,ProductCard
FNDA:0,(anonymous_1)
FNDA:0,(anonymous_2)
FNDA:0,(anonymous_3)
FNDA:0,(anonymous_4)
FNDA:0,(anonymous_5)
FNDA:0,(anonymous_6)
FNDA:0,(anonymous_7)
FNDA:0,(anonymous_8)
FNDA:0,(anonymous_9)
FNDA:0,(anonymous_10)
FNDA:0,(anonymous_11)
FNDA:0,(anonymous_12)
FNDA:0,(anonymous_13)
FNDA:0,(anonymous_14)
DA:12,0
DA:13,0
DA:14,0
DA:15,0
DA:16,0
DA:18,0
DA:19,0
DA:21,0
DA:22,0
DA:23,0
DA:25,0
DA:26,0
DA:27,0
DA:28,0
DA:31,0
DA:33,0
DA:36,0
DA:37,0
DA:39,0
DA:41,0
DA:44,0
DA:45,0
DA:47,0
DA:48,0
DA:49,0
DA:50,0
DA:51,0
DA:52,0
DA:53,0
DA:54,0
DA:56,0
DA:57,0
DA:60,0
DA:61,0
DA:64,0
DA:67,0
DA:68,0
DA:74,0
DA:76,0
DA:79,0
DA:80,0
DA:83,0
DA:86,0
DA:87,0
DA:90,0
LF:45
LH:0
BRDA:52,0,0,0
BRDA:52,0,1,0
BRDA:52,1,0,0
BRDA:52,1,1,0
BRDA:56,2,0,0
BRDA:56,2,1,0
BRDA:60,3,0,0
BRDA:60,3,1,0
BRF:8
BRH:0
end_of_record
TN:
SF:client/src/components/RelatedItemsAndOutfit/RelatedItems.jsx
FN:10,RelatedItems
FN:18,(anonymous_1)
FN:23,(anonymous_2)
FN:26,(anonymous_3)
FN:30,(anonymous_4)
FNF:5
FNH:3
FNDA:4,RelatedItems
FNDA:3,(anonymous_1)
FNDA:0,(anonymous_2)
FNDA:0,(anonymous_3)
FNDA:3,(anonymous_4)
DA:12,4
DA:13,4
DA:18,4
DA:19,3
DA:20,3
DA:21,3
DA:24,0
DA:26,0
DA:30,4
DA:31,3
DA:34,4
LF:11
LH:9
BRF:0
BRH:0
end_of_record
TN:
SF:config/config.js
FNF:0
FNH:0
DA:1,2
LF:1
LH:1
BRF:0
BRH:0
end_of_record
